#
# A fatal error has been detected by the Java Runtime Environment:
#
#  EXCEPTION_ACCESS_VIOLATION (0xc0000005) at pc=0x00000258a3b68d8f, pid=6872, tid=14672
#
# JRE version: OpenJDK Runtime Environment Temurin-22.0.2+9 (22.0.2+9) (build 22.0.2+9)
# Java VM: OpenJDK 64-Bit Server VM Temurin-22.0.2+9 (22.0.2+9, mixed mode, emulated-client, tiered, compressed oops, compressed class ptrs, g1 gc, windows-amd64)
# Problematic frame:
# v  ~BufferBlob::MethodHandles adapters 0x00000258a3b68d8f
#
# No core dump will be written. Minidumps are not enabled by default on client versions of Windows
#
# If you would like to submit a bug report, please visit:
#   https://github.com/adoptium/adoptium-support/issues
#

---------------  S U M M A R Y ------------

Command Line: -XX:+ShowCodeDetailsInExceptionMessages -agentlib:jdwp=transport=dt_socket,suspend=y,address=localhost:53108 -Dcom.sun.management.jmxremote -Dcom.sun.management.jmxremote.port=53107 -Dcom.sun.management.jmxremote.authenticate=false -Dcom.sun.management.jmxremote.ssl=false -Djava.rmi.server.hostname=localhost -Dspring.jmx.enabled=true -Dmanagement.endpoints.jmx.exposure.include=* -Dspring.application.admin.enabled=true -XX:TieredStopAtLevel=1 -Dspring.boot.project.name=spw-04-balance-management -javaagent:C:\Users\hp\Development\eclipse2022_3\eclipse\configuration\org.eclipse.osgi\1498\0\.cp\lib\javaagent-shaded.jar -Dfile.encoding=UTF-8 -Dstdout.encoding=UTF-8 -Dstderr.encoding=UTF-8 com.jdc.online.balances.Spw04BalanceManagementApplication --spring.output.ansi.enabled=always

Host: Intel(R) Core(TM) i7-1065G7 CPU @ 1.30GHz, 8 cores, 15G,  Windows 11 , 64 bit Build 26100 (10.0.26100.3775)
Time: Fri Apr 25 00:34:39 2025 SE Asia Standard Time elapsed time: 86.328799 seconds (0d 0h 1m 26s)

---------------  T H R E A D  ---------------

Current thread (0x00000258b6174270):  JavaThread "http-nio-8080-exec-2" daemon [_thread_in_Java, id=14672, stack(0x000000966a300000,0x000000966a400000) (1024K)]

Stack: [0x000000966a300000,0x000000966a400000],  sp=0x000000966a3faa58,  free space=1002k
Native frames: (J=compiled Java code, j=interpreted, Vv=VM code, C=native code)
C  0x00000258a3b68d8f  (no source info available)

The last pc belongs to _linkToVirtual (printed below).

siginfo: EXCEPTION_ACCESS_VIOLATION (0xc0000005), reading address 0xffffffffffffffff


Registers:
RAX=0x00000258a3b190e6, RBX=0x0000000708216208, RCX=0xfffffffffffffff7, RDX=0x0000000000000003
RSP=0x000000966a3faa58, RBP=0x000000966a3faab0, RSI=0x00000258b38b9b28, RDI=0x00000258b70d1b60
R8 =0x0000000000000004, R9 =0x0000000000000004, R10=0x00007ffddafc0cc0, R11=0x00000258af3d2700
R12=0x0000000000000000, R13=0x000000966a3faa58, R14=0x000000966a3faad8, R15=0x00000258b6174270
RIP=0x00000258a3b68d8f, EFLAGS=0x0000000000010202


Register to memory mapping:

RAX=0x00000258a3b190e6 is at code_begin+3174 in an Interpreter codelet
return entry points  [0x00000258a3b18480, 0x00000258a3b1a388]  7944 bytes
RBX=0x0000000708216208 is an oop: com.jdc.online.balances.controller.member.dto.LedgerForm 
{0x0000000708216208} - klass: 'com/jdc/online/balances/controller/member/dto/LedgerForm'
 - ---- fields (total size 4 words):
 - private 'id' 'Ljava/lang/Integer;' @12  a 'java/lang/Integer'{0x00000007039971a8} = 2 (0xe0732e35)
 - private 'type' 'Lcom/jdc/online/balances/model/entity/consts/BalanceType;' @16  a 'com/jdc/online/balances/model/entity/consts/BalanceType'{0x0000000704481518} (0xe08902a3)
 - private 'name' 'Ljava/lang/String;' @20  "Testing"{0x0000000708305078} (0xe1060a0f)
 - private 'status' 'Ljava/lang/Boolean;' @24  a 'java/lang/Boolean'{0x00000007039ba5f8} = true (0xe07374bf)
RCX=0xfffffffffffffff7 is an unknown value
RDX=0x0000000000000003 is an unknown value
RSP=0x000000966a3faa58 is pointing into the stack for thread: 0x00000258b6174270
RBP=0x000000966a3faab0 is pointing into the stack for thread: 0x00000258b6174270
RSI=0x00000258b38b9b28 points into unknown readable memory: 0x80006b00bdb55469 | 69 54 b5 bd 00 6b 00 80
RDI=0x00000258b70d1b60 points into unknown readable memory: 0x0000002000000070 | 70 00 00 00 20 00 00 00
R8 =0x0000000000000004 is an unknown value
R9 =0x0000000000000004 is an unknown value
R10=0x00007ffddafc0cc0 jvm.dll
R11={method} {0x00000258af3d2708} 'invokeVirtual' '(Ljava/lang/Object;Ljava/lang/Object;Ljava/lang/Object;)V' in 'java/lang/invoke/DirectMethodHandle$Holder'
R12=0x0 is null
R13=0x000000966a3faa58 is pointing into the stack for thread: 0x00000258b6174270
R14=0x000000966a3faad8 is pointing into the stack for thread: 0x00000258b6174270
R15=0x00000258b6174270 is a thread

Top of Stack: (sp=0x000000966a3faa58)
0x000000966a3faa58:   00000258a3b190e6 0000000705ce14c0
0x000000966a3faa68:   fffffffffffffff7 00000258af3d26f3
0x000000966a3faa78:   0000000000000005 00000258af3d77e8
0x000000966a3faa88:   00000258ae5ee4e0 00000007039b1b50
0x000000966a3faa98:   00000258af3d2700 fffffffffffffff5
0x000000966a3faaa8:   000000966a3faae0 000000966a3fadf8
0x000000966a3faab8:   00000258a4642c8f 0000000708216250
0x000000966a3faac8:   0000000708216208 0000000705ce14c0
0x000000966a3faad8:   0000000708216228 000000966a3fa0e0
0x000000966a3faae8:   00007ffdda7679e5 0000000705ce14c0
0x000000966a3faaf8:   0000000708cabac8 0000000708216280
0x000000966a3fab08:   0000000705ce14c0 00000007082162b0
0x000000966a3fab18:   0000000708216208 0000000708216208
0x000000966a3fab28:   00000007082162d8 0000000708216228
0x000000966a3fab38:   0000000705ce14c0 00000258a4642ba4
0x000000966a3fab48:   0000000703e89ad8 000000966a3fadf8
0x000000966a3fab58:   00000258a457ae0a 00000f0000000000
0x000000966a3fab68:   000000966a3fab80 000000966a3fab20
0x000000966a3fab78:   00000258b6174270 000000966a3fadf8
0x000000966a3fab88:   00000258a3edbcac 0000000000000000
0x000000966a3fab98:   00000007057c5b01 00000258b6174270
0x000000966a3faba8:   0000000000000000 00010101ffffffff
0x000000966a3fabb8:   0000000000000c00 0000000000000000
0x000000966a3fabc8:   0000000000000000 0000000000000000
0x000000966a3fabd8:   0000000000000000 0000000000000000
0x000000966a3fabe8:   0000000000000000 0000000000000000
0x000000966a3fabf8:   0000000000000000 0000000000000000
0x000000966a3fac08:   0000000705c15cb8 0000000708216300
0x000000966a3fac18:   0000000708216320 0000000705ce14c0
0x000000966a3fac28:   0000002800000001 0000000708cab338
0x000000966a3fac38:   0000000708cab338 0000000700000022
0x000000966a3fac48:   0000000000000000 000000966a3fad00 

Instructions: (pc=0x00000258a3b68d8f)
0x00000258a3b68c8f:   00 88 bb cf da fd 7f 00 00 00 8d b6 a3 58 02 00
0x00000258a3b68c9f:   00 80 9d b6 a3 58 02 00 00 00 8d b6 a3 58 02 00
0x00000258a3b68caf:   00 80 9d b6 a3 58 02 00 00 f0 8c b6 a3 58 02 00
0x00000258a3b68cbf:   00 f0 8c b6 a3 58 02 00 00 00 00 00 00 00 00 00
0x00000258a3b68ccf:   00 28 bc cf da fd 7f 00 00 f0 10 00 00 60 00 00
0x00000258a3b68cdf:   00 ff ff ff ff f0 10 00 00 00 00 00 00 00 00 00
0x00000258a3b68cef:   00 00 00 00 00 00 00 00 00 00 00 00 00 00 00 00
0x00000258a3b68cff:   00 f4 66 66 66 0f 1f 84 00 00 00 00 00 66 66 66
0x00000258a3b68d0f:   90 66 66 66 0f 1f 84 00 00 00 00 00 66 66 66 90
0x00000258a3b68d1f:   90 48 8b 53 08 0f b7 52 2e 48 8b 0c d4 8b 59 14
0x00000258a3b68d2f:   48 c1 e3 03 8b 5b 28 48 c1 e3 03 8b 5b 24 48 c1
0x00000258a3b68d3f:   e3 03 48 8b 5b 10 48 85 db 0f 84 10 00 00 00 41
0x00000258a3b68d4f:   80 bf e8 05 00 00 00 74 03 ff 63 38 ff 63 50 e9
0x00000258a3b68d5f:   9d 72 fd ff 66 66 66 0f 1f 84 00 00 00 00 00 66
0x00000258a3b68d6f:   66 66 90 66 66 0f 1f 84 00 00 00 00 00 66 66 66
0x00000258a3b68d7f:   90 48 8b 53 08 0f b7 52 2e 48 8b 0c d4 58 5b 50
0x00000258a3b68d8f:   44 8b 51 08 4c 8b 5b 10 4b 8b 9c da c8 01 00 00
0x00000258a3b68d9f:   48 85 db 0f 84 10 00 00 00 41 80 bf e8 05 00 00
0x00000258a3b68daf:   00 74 03 ff 63 38 ff 63 50 e9 43 72 fd ff 66 66
0x00000258a3b68dbf:   90 58 5b 50 8b 5b 24 48 c1 e3 03 48 8b 5b 10 48
0x00000258a3b68dcf:   85 db 0f 84 10 00 00 00 41 80 bf e8 05 00 00 00
0x00000258a3b68ddf:   74 03 ff 63 38 ff 63 50 e9 14 72 fd ff 66 66 66
0x00000258a3b68def:   0f 1f 84 00 00 00 00 00 66 66 66 90 0f 1f 44 00
0x00000258a3b68dff:   00 48 8b 53 08 0f b7 52 2e 48 8b 0c d4 58 5b 50
0x00000258a3b68e0f:   48 3b 01 8b 5b 24 48 c1 e3 03 48 8b 5b 10 48 85
0x00000258a3b68e1f:   db 0f 84 10 00 00 00 41 80 bf e8 05 00 00 00 74
0x00000258a3b68e2f:   03 ff 63 38 ff 63 50 e9 c5 71 fd ff 0f 1f 44 00
0x00000258a3b68e3f:   00 48 8b 53 08 0f b7 52 2e 48 8b 0c d4 58 5b 50
0x00000258a3b68e4f:   44 8b 51 08 8b 43 18 48 c1 e0 03 48 8b 40 10 48
0x00000258a3b68e5f:   8b 5b 10 45 8b 9a a0 00 00 00 4f 8d 9c da c8 01
0x00000258a3b68e6f:   00 00 4d 8d 14 da 49 8b 1b 48 3b c3 74 15 48 85
0x00000258a3b68e7f:   db 0f 84 32 00 00 00 49 83 c3 10 49 8b 1b 48 3b 


Stack slot to memory mapping:

stack at sp + 0 slots: 0x00000258a3b190e6 is at code_begin+3174 in an Interpreter codelet
return entry points  [0x00000258a3b18480, 0x00000258a3b1a388]  7944 bytes
stack at sp + 1 slots: 0x0000000705ce14c0 is an oop: com.jdc.online.balances.service.MemberLedgerService 
{0x0000000705ce14c0} - klass: 'com/jdc/online/balances/service/MemberLedgerService'
 - ---- fields (total size 3 words):
 - private final 'ledgerRepo' 'Lcom/jdc/online/balances/model/repo/LedgerRepo;' @12  a 'jdk/proxy4/$Proxy159'{0x0000000705cff540} (0xe0b9fea8)
 - private final 'memberRepo' 'Lcom/jdc/online/balances/model/repo/MemberRepo;' @16  a 'jdk/proxy4/$Proxy152'{0x0000000705784128} (0xe0af0825)
stack at sp + 2 slots: 0xfffffffffffffff7 is an unknown value
stack at sp + 3 slots: 0x00000258af3d26f3 is pointing into metadata
stack at sp + 4 slots: 0x0000000000000005 is an unknown value
stack at sp + 5 slots: 0x00000258af3d77e8 is pointing into metadata
stack at sp + 6 slots: 0x00000258ae5ee4e0 points into unknown readable memory: 0x00007ffddace3910 | 10 39 ce da fd 7f 00 00
stack at sp + 7 slots: 0x00000007039b1b50 is an oop: java.lang.Class 
{0x00000007039b1b50} - klass: 'java/lang/Class'
 - ---- fields (total size 14 words):
 - private volatile transient 'classRedefinedCount' 'I' @12  0 (0x00000000)
 - injected 'klass' 'J' @16  738407456 (0x000000002c033420)
 - injected 'array_klass' 'J' @24  0 (0x0000000000000000)
 - injected 'oop_size' 'I' @32  14 (0x0000000e)
 - injected 'static_oop_field_count' 'I' @36  0 (0x00000000)
 - private volatile transient 'cachedConstructor' 'Ljava/lang/reflect/Constructor;' @40  null (0x00000000)
 - private transient 'name' 'Ljava/lang/String;' @44  null (0x00000000)
 - private transient 'module' 'Ljava/lang/Module;' @48  a 'java/lang/Module'{0x0000000703997070} (0xe0732e0e)
 - private final 'classLoader' 'Ljava/lang/ClassLoader;' @52  null (0x00000000)
 - private transient 'classData' 'Ljava/lang/Object;' @56  null (0x00000000)
 - private transient 'packageName' 'Ljava/lang/String;' @60  null (0x00000000)
 - private final 'componentType' 'Ljava/lang/Class;' @64  null (0x00000000)
 - private volatile transient 'reflectionData' 'Ljava/lang/ref/SoftReference;' @68  null (0x00000000)
 - private volatile transient 'genericInfo' 'Lsun/reflect/generics/repository/ClassRepository;' @72  null (0x00000000)
 - private volatile transient 'enumConstants' '[Ljava/lang/Object;' @76  null (0x00000000)
 - private volatile transient 'enumConstantDirectory' 'Ljava/util/Map;' @80  null (0x00000000)
 - private volatile transient 'annotationData' 'Ljava/lang/Class$AnnotationData;' @84  null (0x00000000)
 - private volatile transient 'annotationType' 'Lsun/reflect/annotation/AnnotationType;' @88  null (0x00000000)
 - transient 'classValueMap' 'Ljava/lang/ClassValue$ClassValueMap;' @92  null (0x00000000)
 - injected 'protection_domain' 'Ljava/lang/Object;' @96  null (0x00000000)
 - injected 'signers_name' 'Ljava/lang/Object;' @100  null (0x00000000)
 - injected 'source_file' 'Ljava/lang/Object;' @104  null (0x00000000)
 - signature: Ljava/lang/invoke/DirectMethodHandle$Holder;
 - ---- static fields (0):

MethodHandle::interpreter_entry::_linkToVirtual [0x00000258a3b68d63, 0x00000258a3b68dbd] (90 bytes)
[MachCode]
  0x00000258a3b68d63: 6666 660f | 1f84 0000 | 0000 0066 | 6666 9066 | 660f 1f84 | 0000 0000 | 0066 6666 | 9048 8b53 
  0x00000258a3b68d83: 080f b752 | 2e48 8b0c | d458 5b50 | 448b 5108 | 4c8b 5b10 | 4b8b 9cda | c801 0000 | 4885 db0f 
  0x00000258a3b68da3: 8410 0000 | 0041 80bf | e805 0000 | 0074 03ff | 6338 ff63 | 50e9 4372 | 
[/MachCode]

---------------  P R O C E S S  ---------------

Threads class SMR info:
_java_thread_list=0x00000258b6782ed0, length=47, elements={
0x00000258ae683850, 0x00000258ae683ec0, 0x00000258ae6a8010, 0x00000258ae6a8680,
0x00000258ae688cf0, 0x00000258ae6a8e20, 0x00000258ae6b4c70, 0x00000258ae79ced0,
0x00000258ae9505b0, 0x00000258ae953bc0, 0x00000258ae95a270, 0x00000258ae79f630,
0x00000258ae79d560, 0x00000258ae79e280, 0x00000258ae79dbf0, 0x00000258ae79fcc0,
0x00000258ae79efa0, 0x00000258b3cf11d0, 0x00000258b3cf04b0, 0x00000258b3cf0b40,
0x00000258b3cef790, 0x00000258b3cf1ef0, 0x00000258b3cf1860, 0x00000258b3cf2580,
0x00000258b3cf2c10, 0x00000258b6174900, 0x00000258b6173be0, 0x00000258b6177060,
0x00000258b61769d0, 0x00000258b6174270, 0x00000258b6178410, 0x00000258b6179130,
0x00000258b6178aa0, 0x00000258b6175cb0, 0x00000258b6177d80, 0x00000258b61797c0,
0x00000258b6176340, 0x00000258b6179e50, 0x00000258b617a4e0, 0x00000258b617ab70,
0x00000258b61776f0, 0x00000258ae79e910, 0x00000258b6f7a310, 0x00000258b6f788d0,
0x00000258b6f79c80, 0x00000258b6f78f60, 0x00000258b6f76e90
}

Java Threads: ( => current thread )
  0x00000258ae683850 JavaThread "Reference Handler"          daemon [_thread_blocked, id=18576, stack(0x0000009667800000,0x0000009667900000) (1024K)]
  0x00000258ae683ec0 JavaThread "Finalizer"                  daemon [_thread_blocked, id=17528, stack(0x0000009667900000,0x0000009667a00000) (1024K)]
  0x00000258ae6a8010 JavaThread "Signal Dispatcher"          daemon [_thread_blocked, id=15220, stack(0x0000009667a00000,0x0000009667b00000) (1024K)]
  0x00000258ae6a8680 JavaThread "Attach Listener"            daemon [_thread_blocked, id=10772, stack(0x0000009667b00000,0x0000009667c00000) (1024K)]
  0x00000258ae688cf0 JavaThread "Service Thread"             daemon [_thread_blocked, id=19020, stack(0x0000009667c00000,0x0000009667d00000) (1024K)]
  0x00000258ae6a8e20 JavaThread "Monitor Deflation Thread"   daemon [_thread_blocked, id=10716, stack(0x0000009667d00000,0x0000009667e00000) (1024K)]
  0x00000258ae6b4c70 JavaThread "C1 CompilerThread0"         daemon [_thread_blocked, id=13332, stack(0x0000009667e00000,0x0000009667f00000) (1024K)]
  0x00000258ae79ced0 JavaThread "Common-Cleaner"             daemon [_thread_blocked, id=15436, stack(0x0000009667f00000,0x0000009668000000) (1024K)]
  0x00000258ae9505b0 JavaThread "JDWP Transport Listener: dt_socket" daemon [_thread_blocked, id=5560, stack(0x0000009668200000,0x0000009668300000) (1024K)]
  0x00000258ae953bc0 JavaThread "JDWP Event Helper Thread"   daemon [_thread_blocked, id=18304, stack(0x0000009668300000,0x0000009668400000) (1024K)]
  0x00000258ae95a270 JavaThread "JDWP Command Reader"        daemon [_thread_in_native, id=19096, stack(0x0000009668400000,0x0000009668500000) (1024K)]
  0x00000258ae79f630 JavaThread "Notification Thread"        daemon [_thread_blocked, id=9480, stack(0x0000009668500000,0x0000009668600000) (1024K)]
  0x00000258ae79d560 JavaThread "RMI TCP Accept-0"           daemon [_thread_in_native, id=6380, stack(0x0000009668600000,0x0000009668700000) (1024K)]
  0x00000258ae79e280 JavaThread "RMI TCP Accept-53107"       daemon [_thread_in_native, id=6192, stack(0x0000009668e00000,0x0000009668f00000) (1024K)]
  0x00000258ae79dbf0 JavaThread "RMI TCP Accept-0"           daemon [_thread_in_native, id=7472, stack(0x0000009668f00000,0x0000009669000000) (1024K)]
  0x00000258ae79fcc0 JavaThread "RMI TCP Connection(idle)"   daemon [_thread_blocked, id=18796, stack(0x0000009669200000,0x0000009669300000) (1024K)]
  0x00000258ae79efa0 JavaThread "RMI Scheduler(0)"           daemon [_thread_blocked, id=14088, stack(0x0000009669300000,0x0000009669400000) (1024K)]
  0x00000258b3cf11d0 JavaThread "RMI TCP Connection(idle)"   daemon [_thread_blocked, id=11788, stack(0x0000009669400000,0x0000009669500000) (1024K)]
  0x00000258b3cf04b0 JavaThread "JMX server connection timeout 41" daemon [_thread_blocked, id=18028, stack(0x0000009669500000,0x0000009669600000) (1024K)]
  0x00000258b3cf0b40 JavaThread "Catalina-utility-1"                [_thread_blocked, id=18684, stack(0x0000009669700000,0x0000009669800000) (1024K)]
  0x00000258b3cef790 JavaThread "Catalina-utility-2"                [_thread_blocked, id=3084, stack(0x0000009669900000,0x0000009669a00000) (1024K)]
  0x00000258b3cf1ef0 JavaThread "container-0"                       [_thread_blocked, id=14892, stack(0x0000009669a00000,0x0000009669b00000) (1024K)]
  0x00000258b3cf1860 JavaThread "MVStore background writer D:/Java(JDC)/spring/pratical/spw-04-balance-management/database/balance.mv.db" daemon [_thread_blocked, id=18592, stack(0x0000009669b00000,0x0000009669c00000) (1024K)]
  0x00000258b3cf2580 JavaThread "HikariPool-1 housekeeper"   daemon [_thread_blocked, id=19368, stack(0x0000009669c00000,0x0000009669d00000) (1024K)]
  0x00000258b3cf2c10 JavaThread "H2-serialization"           daemon [_thread_blocked, id=13428, stack(0x0000009669e00000,0x0000009669f00000) (1024K)]
  0x00000258b6174900 JavaThread "H2-save"                    daemon [_thread_blocked, id=4444, stack(0x0000009669f00000,0x000000966a000000) (1024K)]
  0x00000258b6173be0 JavaThread "File Watcher"               daemon [_thread_blocked, id=13440, stack(0x000000966a000000,0x000000966a100000) (1024K)]
  0x00000258b6177060 JavaThread "Live Reload Server"         daemon [_thread_in_native, id=6860, stack(0x000000966a200000,0x000000966a300000) (1024K)]
  0x00000258b61769d0 JavaThread "http-nio-8080-exec-1"       daemon [_thread_blocked, id=18872, stack(0x000000966a100000,0x000000966a200000) (1024K)]
=>0x00000258b6174270 JavaThread "http-nio-8080-exec-2"       daemon [_thread_in_Java, id=14672, stack(0x000000966a300000,0x000000966a400000) (1024K)]
  0x00000258b6178410 JavaThread "http-nio-8080-exec-3"       daemon [_thread_blocked, id=19320, stack(0x000000966a400000,0x000000966a500000) (1024K)]
  0x00000258b6179130 JavaThread "http-nio-8080-exec-4"       daemon [_thread_blocked, id=16136, stack(0x000000966a500000,0x000000966a600000) (1024K)]
  0x00000258b6178aa0 JavaThread "http-nio-8080-exec-5"       daemon [_thread_blocked, id=1424, stack(0x000000966a600000,0x000000966a700000) (1024K)]
  0x00000258b6175cb0 JavaThread "http-nio-8080-exec-6"       daemon [_thread_blocked, id=5176, stack(0x000000966a700000,0x000000966a800000) (1024K)]
  0x00000258b6177d80 JavaThread "http-nio-8080-exec-7"       daemon [_thread_blocked, id=18952, stack(0x000000966a800000,0x000000966a900000) (1024K)]
  0x00000258b61797c0 JavaThread "http-nio-8080-exec-8"       daemon [_thread_blocked, id=18416, stack(0x000000966a900000,0x000000966aa00000) (1024K)]
  0x00000258b6176340 JavaThread "http-nio-8080-exec-9"       daemon [_thread_blocked, id=10440, stack(0x000000966aa00000,0x000000966ab00000) (1024K)]
  0x00000258b6179e50 JavaThread "http-nio-8080-exec-10"      daemon [_thread_blocked, id=19116, stack(0x000000966ab00000,0x000000966ac00000) (1024K)]
  0x00000258b617a4e0 JavaThread "http-nio-8080-Poller"       daemon [_thread_in_native, id=18452, stack(0x000000966ac00000,0x000000966ad00000) (1024K)]
  0x00000258b617ab70 JavaThread "http-nio-8080-Acceptor"     daemon [_thread_in_native, id=18620, stack(0x000000966ad00000,0x000000966ae00000) (1024K)]
  0x00000258b61776f0 JavaThread "DestroyJavaVM"                     [_thread_blocked, id=18168, stack(0x0000009667000000,0x0000009667100000) (1024K)]
  0x00000258ae79e910 JavaThread "RMI TCP Connection(idle)"   daemon [_thread_blocked, id=9172, stack(0x0000009669100000,0x0000009669200000) (1024K)]
  0x00000258b6f7a310 JavaThread "RMI TCP Connection(idle)"   daemon [_thread_blocked, id=6640, stack(0x000000966af00000,0x000000966b000000) (1024K)]
  0x00000258b6f788d0 JavaThread "RMI TCP Connection(idle)"   daemon [_thread_blocked, id=9596, stack(0x000000966b000000,0x000000966b100000) (1024K)]
  0x00000258b6f79c80 JavaThread "RMI TCP Connection(idle)"   daemon [_thread_blocked, id=15616, stack(0x000000966b100000,0x000000966b200000) (1024K)]
  0x00000258b6f78f60 JavaThread "RMI TCP Connection(idle)"   daemon [_thread_blocked, id=2400, stack(0x000000966b200000,0x000000966b300000) (1024K)]
  0x00000258b6f76e90 JavaThread "RMI TCP Connection(idle)"   daemon [_thread_blocked, id=14216, stack(0x000000966b400000,0x000000966b500000) (1024K)]
Total: 47

Other Threads:
  0x00000258ae5cb2e0 VMThread "VM Thread"                           [id=17136, stack(0x0000009667700000,0x0000009667800000) (1024K)]
  0x00000258adf149d0 WatcherThread "VM Periodic Task Thread"        [id=18980, stack(0x0000009667600000,0x0000009667700000) (1024K)]
  0x00000258a0098e20 WorkerThread "GC Thread#0"                     [id=5800, stack(0x0000009667100000,0x0000009667200000) (1024K)]
  0x00000258b375d9e0 WorkerThread "GC Thread#1"                     [id=19144, stack(0x0000009668700000,0x0000009668800000) (1024K)]
  0x00000258b375dd90 WorkerThread "GC Thread#2"                     [id=752, stack(0x0000009668800000,0x0000009668900000) (1024K)]
  0x00000258b3760150 WorkerThread "GC Thread#3"                     [id=15288, stack(0x0000009668900000,0x0000009668a00000) (1024K)]
  0x00000258b3760910 WorkerThread "GC Thread#4"                     [id=3284, stack(0x0000009668a00000,0x0000009668b00000) (1024K)]
  0x00000258b37630d0 WorkerThread "GC Thread#5"                     [id=2356, stack(0x0000009668b00000,0x0000009668c00000) (1024K)]
  0x00000258b378ab80 WorkerThread "GC Thread#6"                     [id=15184, stack(0x0000009668c00000,0x0000009668d00000) (1024K)]
  0x00000258b378c1a0 WorkerThread "GC Thread#7"                     [id=12400, stack(0x0000009668d00000,0x0000009668e00000) (1024K)]
  0x00000258a00a98f0 ConcurrentGCThread "G1 Main Marker"            [id=18600, stack(0x0000009667200000,0x0000009667300000) (1024K)]
  0x00000258a00ab670 WorkerThread "G1 Conc#0"                       [id=8868, stack(0x0000009667300000,0x0000009667400000) (1024K)]
  0x00000258b378af30 WorkerThread "G1 Conc#1"                       [id=13924, stack(0x0000009669600000,0x0000009669700000) (1024K)]
  0x00000258adde4490 ConcurrentGCThread "G1 Refine#0"               [id=19076, stack(0x0000009667400000,0x0000009667500000) (1024K)]
  0x00000258adde68e0 ConcurrentGCThread "G1 Service"                [id=14732, stack(0x0000009667500000,0x0000009667600000) (1024K)]
Total: 15

Threads with active compile tasks:
Total: 0

VM state: not at safepoint (normal execution)

VM Mutex/Monitor currently owned by a thread: None

OutOfMemory and StackOverflow Exception counts:
StackOverflowErrors=2
LinkageErrors=179

Heap address: 0x0000000703600000, size: 4042 MB, Compressed Oops mode: Zero based, Oop shift amount: 3

CDS archive(s) not mapped
Compressed class space mapped at: 0x000000002c000000-0x000000006c000000, reserved size: 1073741824
Narrow klass base: 0x0000000000000000, Narrow klass shift: 0, Narrow klass range: 0x6c000000

GC Precious Log:
 CardTable entry size: 512
 Card Set container configuration: InlinePtr #cards 4 size 8 Array Of Cards #cards 16 size 48 Howl #buckets 8 coarsen threshold 3686 Howl Bitmap #cards 512 size 80 coarsen threshold 460 Card regions per heap region 1 cards per card region 4096
 CPUs: 8 total, 8 available
 Memory: 16161M
 Large Page Support: Disabled
 NUMA Support: Disabled
 Compressed Oops: Enabled (Zero based)
 Heap Region Size: 2M
 Heap Min Capacity: 8M
 Heap Initial Capacity: 254M
 Heap Max Capacity: 4042M
 Pre-touch: Disabled
 Parallel Workers: 8
 Concurrent Workers: 2
 Concurrent Refinement Workers: 8
 Periodic GC: Disabled

Heap:
 garbage-first heap   total reserved 4139008K, committed 141312K, used 54919K [0x0000000703600000, 0x0000000800000000)
  region size 2048K, 8 young (16384K), 4 survivors (8192K)
 Metaspace       used 105711K, committed 106752K, reserved 1179648K
  class space    used 14443K, committed 14912K, reserved 1048576K

Heap Regions: E=young(eden), S=young(survivor), O=old, HS=humongous(starts), HC=humongous(continues), CS=collection set, F=free, TAMS=top-at-mark-start, PB=parsable bottom
|   0|0x0000000703600000, 0x0000000703800000, 0x0000000703800000|100%| O|  |TAMS 0x0000000703600000| PB 0x0000000703600000| Untracked |  0
|   1|0x0000000703800000, 0x0000000703a00000, 0x0000000703a00000|100%| O|  |TAMS 0x0000000703800000| PB 0x0000000703800000| Untracked |  0
|   2|0x0000000703a00000, 0x0000000703c00000, 0x0000000703c00000|100%| O|  |TAMS 0x0000000703a00000| PB 0x0000000703a00000| Untracked |  0
|   3|0x0000000703c00000, 0x0000000703e00000, 0x0000000703e00000|100%| O|  |TAMS 0x0000000703c00000| PB 0x0000000703c00000| Untracked |  0
|   4|0x0000000703e00000, 0x0000000704000000, 0x0000000704000000|100%| O|  |TAMS 0x0000000703e00000| PB 0x0000000703e00000| Untracked |  0
|   5|0x0000000704000000, 0x0000000704200000, 0x0000000704200000|100%| O|  |TAMS 0x0000000704000000| PB 0x0000000704000000| Untracked |  0
|   6|0x0000000704200000, 0x0000000704400000, 0x0000000704400000|100%| O|  |TAMS 0x0000000704200000| PB 0x0000000704200000| Untracked |  0
|   7|0x0000000704400000, 0x0000000704600000, 0x0000000704600000|100%| O|  |TAMS 0x0000000704400000| PB 0x0000000704400000| Untracked |  0
|   8|0x0000000704600000, 0x0000000704800000, 0x0000000704800000|100%| O|  |TAMS 0x0000000704600000| PB 0x0000000704600000| Untracked |  0
|   9|0x0000000704800000, 0x0000000704a00000, 0x0000000704a00000|100%| O|  |TAMS 0x0000000704800000| PB 0x0000000704800000| Untracked |  0
|  10|0x0000000704a00000, 0x0000000704a00000, 0x0000000704c00000|  0%| F|  |TAMS 0x0000000704a00000| PB 0x0000000704a00000| Untracked |  0
|  11|0x0000000704c00000, 0x0000000704e00000, 0x0000000704e00000|100%| O|  |TAMS 0x0000000704c00000| PB 0x0000000704c00000| Untracked |  0
|  12|0x0000000704e00000, 0x0000000705000000, 0x0000000705000000|100%| O|  |TAMS 0x0000000704e00000| PB 0x0000000704e00000| Untracked |  0
|  13|0x0000000705000000, 0x0000000705200000, 0x0000000705200000|100%|HS|  |TAMS 0x0000000705000000| PB 0x0000000705000000| Complete |  0
|  14|0x0000000705200000, 0x0000000705400000, 0x0000000705400000|100%| O|  |TAMS 0x0000000705200000| PB 0x0000000705200000| Untracked |  0
|  15|0x0000000705400000, 0x0000000705600000, 0x0000000705600000|100%| O|  |TAMS 0x0000000705400000| PB 0x0000000705400000| Untracked |  0
|  16|0x0000000705600000, 0x0000000705800000, 0x0000000705800000|100%| O|  |TAMS 0x0000000705600000| PB 0x0000000705600000| Untracked |  0
|  17|0x0000000705800000, 0x0000000705a00000, 0x0000000705a00000|100%| O|  |TAMS 0x0000000705800000| PB 0x0000000705800000| Untracked |  0
|  18|0x0000000705a00000, 0x0000000705c00000, 0x0000000705c00000|100%| O|  |TAMS 0x0000000705a00000| PB 0x0000000705a00000| Untracked |  0
|  19|0x0000000705c00000, 0x0000000705e00000, 0x0000000705e00000|100%| O|Cm|TAMS 0x0000000705c00000| PB 0x0000000705c00000| Complete |  0
|  20|0x0000000705e00000, 0x0000000706000000, 0x0000000706000000|100%| O|  |TAMS 0x0000000705e00000| PB 0x0000000705e00000| Untracked |  0
|  21|0x0000000706000000, 0x0000000706120960, 0x0000000706200000| 56%| O|  |TAMS 0x0000000706000000| PB 0x0000000706000000| Untracked |  0
|  22|0x0000000706200000, 0x0000000706200000, 0x0000000706400000|  0%| F|  |TAMS 0x0000000706200000| PB 0x0000000706200000| Untracked |  0
|  23|0x0000000706400000, 0x0000000706400000, 0x0000000706600000|  0%| F|  |TAMS 0x0000000706400000| PB 0x0000000706400000| Untracked |  0
|  24|0x0000000706600000, 0x0000000706600000, 0x0000000706800000|  0%| F|  |TAMS 0x0000000706600000| PB 0x0000000706600000| Untracked |  0
|  25|0x0000000706800000, 0x0000000706800000, 0x0000000706a00000|  0%| F|  |TAMS 0x0000000706800000| PB 0x0000000706800000| Untracked |  0
|  26|0x0000000706a00000, 0x0000000706a00000, 0x0000000706c00000|  0%| F|  |TAMS 0x0000000706a00000| PB 0x0000000706a00000| Untracked |  0
|  27|0x0000000706c00000, 0x0000000706c00000, 0x0000000706e00000|  0%| F|  |TAMS 0x0000000706c00000| PB 0x0000000706c00000| Untracked |  0
|  28|0x0000000706e00000, 0x0000000706e00000, 0x0000000707000000|  0%| F|  |TAMS 0x0000000706e00000| PB 0x0000000706e00000| Untracked |  0
|  29|0x0000000707000000, 0x0000000707000000, 0x0000000707200000|  0%| F|  |TAMS 0x0000000707000000| PB 0x0000000707000000| Untracked |  0
|  30|0x0000000707200000, 0x0000000707200000, 0x0000000707400000|  0%| F|  |TAMS 0x0000000707200000| PB 0x0000000707200000| Untracked |  0
|  31|0x0000000707400000, 0x0000000707400000, 0x0000000707600000|  0%| F|  |TAMS 0x0000000707400000| PB 0x0000000707400000| Untracked |  0
|  32|0x0000000707600000, 0x0000000707600000, 0x0000000707800000|  0%| F|  |TAMS 0x0000000707600000| PB 0x0000000707600000| Untracked |  0
|  33|0x0000000707800000, 0x0000000707800000, 0x0000000707a00000|  0%| F|  |TAMS 0x0000000707800000| PB 0x0000000707800000| Untracked |  0
|  34|0x0000000707a00000, 0x0000000707a00000, 0x0000000707c00000|  0%| F|  |TAMS 0x0000000707a00000| PB 0x0000000707a00000| Untracked |  0
|  35|0x0000000707c00000, 0x0000000707c813a0, 0x0000000707e00000| 25%| S|CS|TAMS 0x0000000707c00000| PB 0x0000000707c00000| Complete |  0
|  36|0x0000000707e00000, 0x0000000708000000, 0x0000000708000000|100%| S|CS|TAMS 0x0000000707e00000| PB 0x0000000707e00000| Complete |  0
|  37|0x0000000708000000, 0x0000000708200000, 0x0000000708200000|100%| S|CS|TAMS 0x0000000708000000| PB 0x0000000708000000| Complete |  0
|  38|0x0000000708200000, 0x0000000708400000, 0x0000000708400000|100%| S|CS|TAMS 0x0000000708200000| PB 0x0000000708200000| Complete |  0
|  39|0x0000000708400000, 0x0000000708400000, 0x0000000708600000|  0%| F|  |TAMS 0x0000000708400000| PB 0x0000000708400000| Untracked |  0
|  40|0x0000000708600000, 0x0000000708600000, 0x0000000708800000|  0%| F|  |TAMS 0x0000000708600000| PB 0x0000000708600000| Untracked |  0
|  41|0x0000000708800000, 0x0000000708800000, 0x0000000708a00000|  0%| F|  |TAMS 0x0000000708800000| PB 0x0000000708800000| Untracked |  0
|  42|0x0000000708a00000, 0x0000000708a00000, 0x0000000708c00000|  0%| F|  |TAMS 0x0000000708a00000| PB 0x0000000708a00000| Untracked |  0
|  43|0x0000000708c00000, 0x0000000708c00000, 0x0000000708e00000|  0%| F|  |TAMS 0x0000000708c00000| PB 0x0000000708c00000| Untracked |  0
|  44|0x0000000708e00000, 0x0000000708e00000, 0x0000000709000000|  0%| F|  |TAMS 0x0000000708e00000| PB 0x0000000708e00000| Untracked |  0
|  45|0x0000000709000000, 0x0000000709000000, 0x0000000709200000|  0%| F|  |TAMS 0x0000000709000000| PB 0x0000000709000000| Untracked |  0
|  46|0x0000000709200000, 0x0000000709200000, 0x0000000709400000|  0%| F|  |TAMS 0x0000000709200000| PB 0x0000000709200000| Untracked |  0
|  47|0x0000000709400000, 0x0000000709400000, 0x0000000709600000|  0%| F|  |TAMS 0x0000000709400000| PB 0x0000000709400000| Untracked |  0
|  48|0x0000000709600000, 0x0000000709600000, 0x0000000709800000|  0%| F|  |TAMS 0x0000000709600000| PB 0x0000000709600000| Untracked |  0
|  49|0x0000000709800000, 0x0000000709800000, 0x0000000709a00000|  0%| F|  |TAMS 0x0000000709800000| PB 0x0000000709800000| Untracked |  0
|  50|0x0000000709a00000, 0x0000000709a00000, 0x0000000709c00000|  0%| F|  |TAMS 0x0000000709a00000| PB 0x0000000709a00000| Untracked |  0
|  51|0x0000000709c00000, 0x0000000709c00000, 0x0000000709e00000|  0%| F|  |TAMS 0x0000000709c00000| PB 0x0000000709c00000| Untracked |  0
|  52|0x0000000709e00000, 0x0000000709e00000, 0x000000070a000000|  0%| F|  |TAMS 0x0000000709e00000| PB 0x0000000709e00000| Untracked |  0
|  53|0x000000070a000000, 0x000000070a000000, 0x000000070a200000|  0%| F|  |TAMS 0x000000070a000000| PB 0x000000070a000000| Untracked |  0
|  54|0x000000070a200000, 0x000000070a200000, 0x000000070a400000|  0%| F|  |TAMS 0x000000070a200000| PB 0x000000070a200000| Untracked |  0
|  55|0x000000070a400000, 0x000000070a400000, 0x000000070a600000|  0%| F|  |TAMS 0x000000070a400000| PB 0x000000070a400000| Untracked |  0
|  56|0x000000070a600000, 0x000000070a600000, 0x000000070a800000|  0%| F|  |TAMS 0x000000070a600000| PB 0x000000070a600000| Untracked |  0
|  57|0x000000070a800000, 0x000000070a800000, 0x000000070aa00000|  0%| F|  |TAMS 0x000000070a800000| PB 0x000000070a800000| Untracked |  0
|  58|0x000000070aa00000, 0x000000070aa00000, 0x000000070ac00000|  0%| F|  |TAMS 0x000000070aa00000| PB 0x000000070aa00000| Untracked |  0
|  59|0x000000070ac00000, 0x000000070ac00000, 0x000000070ae00000|  0%| F|  |TAMS 0x000000070ac00000| PB 0x000000070ac00000| Untracked |  0
|  60|0x000000070ae00000, 0x000000070ae00000, 0x000000070b000000|  0%| F|  |TAMS 0x000000070ae00000| PB 0x000000070ae00000| Untracked |  0
|  61|0x000000070b000000, 0x000000070b000000, 0x000000070b200000|  0%| F|  |TAMS 0x000000070b000000| PB 0x000000070b000000| Untracked |  0
|  62|0x000000070b200000, 0x000000070b200000, 0x000000070b400000|  0%| F|  |TAMS 0x000000070b200000| PB 0x000000070b200000| Untracked |  0
|  63|0x000000070b400000, 0x000000070b400000, 0x000000070b600000|  0%| F|  |TAMS 0x000000070b400000| PB 0x000000070b400000| Untracked |  0
|  64|0x000000070b600000, 0x000000070b600000, 0x000000070b800000|  0%| F|  |TAMS 0x000000070b600000| PB 0x000000070b600000| Untracked |  0
|  74|0x000000070ca00000, 0x000000070cb5cc90, 0x000000070cc00000| 68%| E|  |TAMS 0x000000070ca00000| PB 0x000000070ca00000| Complete |  0
|  75|0x000000070cc00000, 0x000000070ce00000, 0x000000070ce00000|100%| E|CS|TAMS 0x000000070cc00000| PB 0x000000070cc00000| Complete |  0
|  76|0x000000070ce00000, 0x000000070d000000, 0x000000070d000000|100%| E|CS|TAMS 0x000000070ce00000| PB 0x000000070ce00000| Complete |  0
| 126|0x0000000713200000, 0x0000000713400000, 0x0000000713400000|100%| E|CS|TAMS 0x0000000713200000| PB 0x0000000713200000| Complete |  0

Card table byte_map: [0x00000258a7410000,0x00000258a7c00000] _byte_map_base: 0x00000258a3bf5000

Marking Bits: (CMBitMap*) 0x00000258a00992e0
 Bits: [0x00000258a7c00000, 0x00000258abb28000)

Polling page: 0x000002589dee0000

Metaspace:

Usage:
  Non-class:     89.13 MB used.
      Class:     14.11 MB used.
       Both:    103.23 MB used.

Virtual space:
  Non-class space:      128.00 MB reserved,      89.69 MB ( 70%) committed,  2 nodes.
      Class space:        1.00 GB reserved,      14.56 MB (  1%) committed,  1 nodes.
             Both:        1.12 GB reserved,     104.25 MB (  9%) committed. 

Chunk freelists:
   Non-Class:  5.38 MB
       Class:  1.49 MB
        Both:  6.86 MB

MaxMetaspaceSize: unlimited
CompressedClassSpaceSize: 1.00 GB
Initial GC threshold: 21.00 MB
Current GC threshold: 173.75 MB
CDS: off
 - commit_granule_bytes: 65536.
 - commit_granule_words: 8192.
 - virtual_space_node_default_size: 8388608.
 - enlarge_chunks_in_place: 1.
 - use_allocation_guard: 0.


Internal statistics:

num_allocs_failed_limit: 9.
num_arena_births: 1490.
num_arena_deaths: 0.
num_vsnodes_births: 3.
num_vsnodes_deaths: 0.
num_space_committed: 1668.
num_space_uncommitted: 0.
num_chunks_returned_to_freelist: 9.
num_chunks_taken_from_freelist: 4985.
num_chunk_merges: 9.
num_chunk_splits: 3627.
num_chunks_enlarged: 2849.
num_inconsistent_stats: 0.

CodeCache: size=49152Kb used=19282Kb max_used=21434Kb free=29869Kb
 bounds [0x00000258a3b10000, 0x00000258a5040000, 0x00000258a6b10000]
 total_blobs=10529 nmethods=9696 adapters=756
 compilation: enabled
              stopped_count=0, restarted_count=0
 full_count=0

Compilation events (20 events):
Event: 74.031 Thread 0x00000258ae6b4c70 10558   !   1       java.util.concurrent.locks.AbstractQueuedSynchronizer::tryInitializeHead (66 bytes)
Event: 74.032 Thread 0x00000258ae6b4c70 nmethod 10558 0x00000258a4128390 code [0x00000258a4128540, 0x00000258a4128820]
Event: 75.031 Thread 0x00000258ae6b4c70 10559   !   1       java.util.concurrent.locks.AbstractQueuedSynchronizer$ConditionObject::newConditionNode (78 bytes)
Event: 75.032 Thread 0x00000258ae6b4c70 nmethod 10559 0x00000258a4137c90 code [0x00000258a4137ea0, 0x00000258a4138238]
Event: 75.032 Thread 0x00000258ae6b4c70 10560       1       java.util.concurrent.locks.AbstractQueuedSynchronizer$ConditionNode::<init> (5 bytes)
Event: 75.032 Thread 0x00000258ae6b4c70 nmethod 10560 0x00000258a3ddb210 code [0x00000258a3ddb3a0, 0x00000258a3ddb468]
Event: 75.032 Thread 0x00000258ae6b4c70 10561       1       java.util.concurrent.locks.AbstractQueuedSynchronizer$ConditionObject::enableWait (84 bytes)
Event: 75.033 Thread 0x00000258ae6b4c70 nmethod 10561 0x00000258a3f47b10 code [0x00000258a3f47d00, 0x00000258a3f48148]
Event: 75.033 Thread 0x00000258ae6b4c70 10562       1       java.util.concurrent.locks.AbstractQueuedSynchronizer$Node::setStatusRelaxed (12 bytes)
Event: 75.033 Thread 0x00000258ae6b4c70 nmethod 10562 0x00000258a3de6b10 code [0x00000258a3de6ca0, 0x00000258a3de6d70]
Event: 77.032 Thread 0x00000258ae6b4c70 10563       1       java.util.concurrent.ThreadPoolExecutor::getQueue (5 bytes)
Event: 77.032 Thread 0x00000258ae6b4c70 nmethod 10563 0x00000258a3e05810 code [0x00000258a3e059a0, 0x00000258a3e05a70]
Event: 78.031 Thread 0x00000258ae6b4c70 10564       1       java.util.concurrent.locks.AbstractQueuedSynchronizer$Node::getAndUnsetStatus (14 bytes)
Event: 78.032 Thread 0x00000258ae6b4c70 nmethod 10564 0x00000258a3ec9b10 code [0x00000258a3ec9ca0, 0x00000258a3ec9db8]
Event: 78.032 Thread 0x00000258ae6b4c70 10565       1       jdk.internal.misc.Unsafe::getAndBitwiseAndInt (27 bytes)
Event: 78.032 Thread 0x00000258ae6b4c70 nmethod 10565 0x00000258a3fe8b90 code [0x00000258a3fe8d20, 0x00000258a3fe8e28]
Event: 78.155 Thread 0x00000258ae6b4c70 10566       1       java.nio.channels.spi.AbstractSelector::isOpen (13 bytes)
Event: 78.155 Thread 0x00000258ae6b4c70 nmethod 10566 0x00000258a3e1b610 code [0x00000258a3e1b7a0, 0x00000258a3e1b878]
Event: 82.032 Thread 0x00000258ae6b4c70 10567       1       java.util.concurrent.locks.LockSupport::setCurrentBlocker (14 bytes)
Event: 82.032 Thread 0x00000258ae6b4c70 nmethod 10567 0x00000258a4034610 code [0x00000258a40347a0, 0x00000258a40348b8]

GC Heap History (20 events):
Event: 5.591 GC heap before
{Heap before GC invocations=19 (full 0):
 garbage-first heap   total reserved 4139008K, committed 96256K, used 80023K [0x0000000703600000, 0x0000000800000000)
  region size 2048K, 27 young (55296K), 3 survivors (6144K)
 Metaspace       used 72820K, committed 73536K, reserved 1114112K
  class space    used 9773K, committed 10112K, reserved 1048576K
}
Event: 5.595 GC heap after
{Heap after GC invocations=20 (full 0):
 garbage-first heap   total reserved 4139008K, committed 116736K, used 31837K [0x0000000703600000, 0x0000000800000000)
  region size 2048K, 2 young (4096K), 2 survivors (4096K)
 Metaspace       used 72820K, committed 73536K, reserved 1114112K
  class space    used 9773K, committed 10112K, reserved 1048576K
}
Event: 6.066 GC heap before
{Heap before GC invocations=20 (full 0):
 garbage-first heap   total reserved 4139008K, committed 116736K, used 95325K [0x0000000703600000, 0x0000000800000000)
  region size 2048K, 34 young (69632K), 2 survivors (4096K)
 Metaspace       used 78690K, committed 79488K, reserved 1179648K
  class space    used 10574K, committed 10944K, reserved 1048576K
}
Event: 6.072 GC heap after
{Heap after GC invocations=21 (full 0):
 garbage-first heap   total reserved 4139008K, committed 116736K, used 34109K [0x0000000703600000, 0x0000000800000000)
  region size 2048K, 3 young (6144K), 3 survivors (6144K)
 Metaspace       used 78690K, committed 79488K, reserved 1179648K
  class space    used 10574K, committed 10944K, reserved 1048576K
}
Event: 6.606 GC heap before
{Heap before GC invocations=21 (full 0):
 garbage-first heap   total reserved 4139008K, committed 116736K, used 97597K [0x0000000703600000, 0x0000000800000000)
  region size 2048K, 34 young (69632K), 3 survivors (6144K)
 Metaspace       used 83674K, committed 84480K, reserved 1179648K
  class space    used 11419K, committed 11776K, reserved 1048576K
}
Event: 6.611 GC heap after
{Heap after GC invocations=22 (full 0):
 garbage-first heap   total reserved 4139008K, committed 116736K, used 35954K [0x0000000703600000, 0x0000000800000000)
  region size 2048K, 4 young (8192K), 4 survivors (8192K)
 Metaspace       used 83674K, committed 84480K, reserved 1179648K
  class space    used 11419K, committed 11776K, reserved 1048576K
}
Event: 6.932 GC heap before
{Heap before GC invocations=22 (full 0):
 garbage-first heap   total reserved 4139008K, committed 116736K, used 97394K [0x0000000703600000, 0x0000000800000000)
  region size 2048K, 34 young (69632K), 4 survivors (8192K)
 Metaspace       used 86852K, committed 87680K, reserved 1179648K
  class space    used 12012K, committed 12352K, reserved 1048576K
}
Event: 6.938 GC heap after
{Heap after GC invocations=23 (full 0):
 garbage-first heap   total reserved 4139008K, committed 116736K, used 38481K [0x0000000703600000, 0x0000000800000000)
  region size 2048K, 4 young (8192K), 4 survivors (8192K)
 Metaspace       used 86852K, committed 87680K, reserved 1179648K
  class space    used 12012K, committed 12352K, reserved 1048576K
}
Event: 7.392 GC heap before
{Heap before GC invocations=23 (full 0):
 garbage-first heap   total reserved 4139008K, committed 116736K, used 97873K [0x0000000703600000, 0x0000000800000000)
  region size 2048K, 33 young (67584K), 4 survivors (8192K)
 Metaspace       used 89526K, committed 90368K, reserved 1179648K
  class space    used 12393K, committed 12736K, reserved 1048576K
}
Event: 7.398 GC heap after
{Heap after GC invocations=24 (full 0):
 garbage-first heap   total reserved 4139008K, committed 116736K, used 40711K [0x0000000703600000, 0x0000000800000000)
  region size 2048K, 4 young (8192K), 4 survivors (8192K)
 Metaspace       used 89526K, committed 90368K, reserved 1179648K
  class space    used 12393K, committed 12736K, reserved 1048576K
}
Event: 7.864 GC heap before
{Heap before GC invocations=24 (full 0):
 garbage-first heap   total reserved 4139008K, committed 116736K, used 98055K [0x0000000703600000, 0x0000000800000000)
  region size 2048K, 32 young (65536K), 4 survivors (8192K)
 Metaspace       used 92232K, committed 93120K, reserved 1179648K
  class space    used 12797K, committed 13184K, reserved 1048576K
}
Event: 7.870 GC heap after
{Heap after GC invocations=25 (full 0):
 garbage-first heap   total reserved 4139008K, committed 116736K, used 43271K [0x0000000703600000, 0x0000000800000000)
  region size 2048K, 3 young (6144K), 3 survivors (6144K)
 Metaspace       used 92232K, committed 93120K, reserved 1179648K
  class space    used 12797K, committed 13184K, reserved 1048576K
}
Event: 10.370 GC heap before
{Heap before GC invocations=25 (full 0):
 garbage-first heap   total reserved 4139008K, committed 116736K, used 98567K [0x0000000703600000, 0x0000000800000000)
  region size 2048K, 31 young (63488K), 3 survivors (6144K)
 Metaspace       used 96912K, committed 97856K, reserved 1179648K
  class space    used 13324K, committed 13760K, reserved 1048576K
}
Event: 10.376 GC heap after
{Heap after GC invocations=26 (full 0):
 garbage-first heap   total reserved 4139008K, committed 141312K, used 45967K [0x0000000703600000, 0x0000000800000000)
  region size 2048K, 3 young (6144K), 3 survivors (6144K)
 Metaspace       used 96912K, committed 97856K, reserved 1179648K
  class space    used 13324K, committed 13760K, reserved 1048576K
}
Event: 11.102 GC heap before
{Heap before GC invocations=27 (full 0):
 garbage-first heap   total reserved 4139008K, committed 141312K, used 121743K [0x0000000703600000, 0x0000000800000000)
  region size 2048K, 41 young (83968K), 3 survivors (6144K)
 Metaspace       used 101526K, committed 102528K, reserved 1179648K
  class space    used 13824K, committed 14272K, reserved 1048576K
}
Event: 11.108 GC heap after
{Heap after GC invocations=28 (full 0):
 garbage-first heap   total reserved 4139008K, committed 141312K, used 47602K [0x0000000703600000, 0x0000000800000000)
  region size 2048K, 4 young (8192K), 4 survivors (8192K)
 Metaspace       used 101526K, committed 102528K, reserved 1179648K
  class space    used 13824K, committed 14272K, reserved 1048576K
}
Event: 15.136 GC heap before
{Heap before GC invocations=28 (full 0):
 garbage-first heap   total reserved 4139008K, committed 141312K, used 121330K [0x0000000703600000, 0x0000000800000000)
  region size 2048K, 41 young (83968K), 4 survivors (8192K)
 Metaspace       used 104317K, committed 105344K, reserved 1179648K
  class space    used 14218K, committed 14656K, reserved 1048576K
}
Event: 15.144 GC heap after
{Heap after GC invocations=29 (full 0):
 garbage-first heap   total reserved 4139008K, committed 141312K, used 47991K [0x0000000703600000, 0x0000000800000000)
  region size 2048K, 3 young (6144K), 3 survivors (6144K)
 Metaspace       used 104317K, committed 105344K, reserved 1179648K
  class space    used 14218K, committed 14656K, reserved 1048576K
}
Event: 56.710 GC heap before
{Heap before GC invocations=29 (full 0):
 garbage-first heap   total reserved 4139008K, committed 141312K, used 107383K [0x0000000703600000, 0x0000000800000000)
  region size 2048K, 33 young (67584K), 3 survivors (6144K)
 Metaspace       used 105694K, committed 106752K, reserved 1179648K
  class space    used 14442K, committed 14912K, reserved 1048576K
}
Event: 56.714 GC heap after
{Heap after GC invocations=30 (full 0):
 garbage-first heap   total reserved 4139008K, committed 141312K, used 48775K [0x0000000703600000, 0x0000000800000000)
  region size 2048K, 4 young (8192K), 4 survivors (8192K)
 Metaspace       used 105694K, committed 106752K, reserved 1179648K
  class space    used 14442K, committed 14912K, reserved 1048576K
}

Dll operation events (12 events):
Event: 0.010 Loaded shared library C:\Users\hp\Development\eclipse2022_3\eclipse\plugins\org.eclipse.justj.openjdk.hotspot.jre.full.win32.x86_64_22.0.2.v20240802-1626\jre\bin\java.dll
Event: 0.014 Loaded shared library C:\Users\hp\Development\eclipse2022_3\eclipse\plugins\org.eclipse.justj.openjdk.hotspot.jre.full.win32.x86_64_22.0.2.v20240802-1626\jre\bin\zip.dll
Event: 0.227 Loaded shared library C:\Users\hp\Development\eclipse2022_3\eclipse\plugins\org.eclipse.justj.openjdk.hotspot.jre.full.win32.x86_64_22.0.2.v20240802-1626\jre\bin\instrument.dll
Event: 0.239 Loaded shared library C:\Users\hp\Development\eclipse2022_3\eclipse\plugins\org.eclipse.justj.openjdk.hotspot.jre.full.win32.x86_64_22.0.2.v20240802-1626\jre\bin\net.dll
Event: 0.241 Loaded shared library C:\Users\hp\Development\eclipse2022_3\eclipse\plugins\org.eclipse.justj.openjdk.hotspot.jre.full.win32.x86_64_22.0.2.v20240802-1626\jre\bin\nio.dll
Event: 0.249 Loaded shared library C:\Users\hp\Development\eclipse2022_3\eclipse\plugins\org.eclipse.justj.openjdk.hotspot.jre.full.win32.x86_64_22.0.2.v20240802-1626\jre\bin\zip.dll
Event: 0.380 Loaded shared library C:\Users\hp\Development\eclipse2022_3\eclipse\plugins\org.eclipse.justj.openjdk.hotspot.jre.full.win32.x86_64_22.0.2.v20240802-1626\jre\bin\jimage.dll
Event: 0.427 Loaded shared library C:\Users\hp\Development\eclipse2022_3\eclipse\plugins\org.eclipse.justj.openjdk.hotspot.jre.full.win32.x86_64_22.0.2.v20240802-1626\jre\bin\management.dll
Event: 0.437 Loaded shared library C:\Users\hp\Development\eclipse2022_3\eclipse\plugins\org.eclipse.justj.openjdk.hotspot.jre.full.win32.x86_64_22.0.2.v20240802-1626\jre\bin\management_ext.dll
Event: 0.618 Loaded shared library C:\Users\hp\Development\eclipse2022_3\eclipse\plugins\org.eclipse.justj.openjdk.hotspot.jre.full.win32.x86_64_22.0.2.v20240802-1626\jre\bin\extnet.dll
Event: 0.642 Loaded shared library C:\Users\hp\Development\eclipse2022_3\eclipse\plugins\org.eclipse.justj.openjdk.hotspot.jre.full.win32.x86_64_22.0.2.v20240802-1626\jre\bin\verify.dll
Event: 1.923 Loaded shared library C:\Users\hp\Development\eclipse2022_3\eclipse\plugins\org.eclipse.justj.openjdk.hotspot.jre.full.win32.x86_64_22.0.2.v20240802-1626\jre\bin\sunmscapi.dll

Deoptimization events (20 events):
Event: 59.802 Thread 0x00000258b6174270 DEOPT PACKING pc=0x00000258a3cb1124 sp=0x000000966a3f97a0
Event: 59.802 Thread 0x00000258b6174270 DEOPT UNPACKING pc=0x00000258a3b688e2 sp=0x000000966a3f8c80 mode 1
Event: 59.802 Thread 0x00000258b6174270 DEOPT PACKING pc=0x00000258a3cb6f44 sp=0x000000966a3f9890
Event: 59.802 Thread 0x00000258b6174270 DEOPT UNPACKING pc=0x00000258a3b688e2 sp=0x000000966a3f8d68 mode 1
Event: 59.802 Thread 0x00000258b6174270 DEOPT PACKING pc=0x00000258a3cb1124 sp=0x000000966a3f99c0
Event: 59.802 Thread 0x00000258b6174270 DEOPT UNPACKING pc=0x00000258a3b688e2 sp=0x000000966a3f8ea0 mode 1
Event: 59.802 Thread 0x00000258b6174270 DEOPT PACKING pc=0x00000258a3cb6f44 sp=0x000000966a3f9ab0
Event: 59.802 Thread 0x00000258b6174270 DEOPT UNPACKING pc=0x00000258a3b688e2 sp=0x000000966a3f8f88 mode 1
Event: 59.802 Thread 0x00000258b6174270 DEOPT PACKING pc=0x00000258a3cb1124 sp=0x000000966a3f9be0
Event: 59.802 Thread 0x00000258b6174270 DEOPT UNPACKING pc=0x00000258a3b688e2 sp=0x000000966a3f90c0 mode 1
Event: 59.802 Thread 0x00000258b6174270 DEOPT PACKING pc=0x00000258a3cb6f44 sp=0x000000966a3f9cd0
Event: 59.802 Thread 0x00000258b6174270 DEOPT UNPACKING pc=0x00000258a3b688e2 sp=0x000000966a3f91a8 mode 1
Event: 59.802 Thread 0x00000258b6174270 DEOPT PACKING pc=0x00000258a3cb1124 sp=0x000000966a3f9e00
Event: 59.802 Thread 0x00000258b6174270 DEOPT UNPACKING pc=0x00000258a3b688e2 sp=0x000000966a3f92e0 mode 1
Event: 59.802 Thread 0x00000258b6174270 DEOPT PACKING pc=0x00000258a3cb6f44 sp=0x000000966a3f9ef0
Event: 59.802 Thread 0x00000258b6174270 DEOPT UNPACKING pc=0x00000258a3b688e2 sp=0x000000966a3f93c8 mode 1
Event: 59.802 Thread 0x00000258b6174270 DEOPT PACKING pc=0x00000258a3e38574 sp=0x000000966a3fa020
Event: 59.802 Thread 0x00000258b6174270 DEOPT UNPACKING pc=0x00000258a3b688e2 sp=0x000000966a3f94b8 mode 1
Event: 86.190 Thread 0x00000258b6174270 DEOPT PACKING pc=0x00000258a46301ac sp=0x000000966a3faa70
Event: 86.190 Thread 0x00000258b6174270 DEOPT UNPACKING pc=0x00000258a3b688e2 sp=0x000000966a3f9f18 mode 0

Classes loaded (20 events):
Event: 11.253 Loading class java/time/format/DateTimeFormatterBuilder$ZoneTextPrinterParser
Event: 11.254 Loading class java/time/format/DateTimeFormatterBuilder$ZoneTextPrinterParser done
Event: 11.254 Loading class java/time/format/DateTimeFormatterBuilder$ReducedPrinterParser
Event: 11.254 Loading class java/time/format/DateTimeFormatterBuilder$ReducedPrinterParser done
Event: 14.387 Loading class sun/security/provider/SecureRandom
Event: 14.387 Loading class sun/security/provider/SecureRandom done
Event: 14.388 Loading class sun/security/provider/SecureRandom$SeederHolder
Event: 14.388 Loading class sun/security/provider/SecureRandom$SeederHolder done
Event: 15.316 Loading class java/util/concurrent/locks/ReentrantReadWriteLock$Sync$HoldCounter
Event: 15.316 Loading class java/util/concurrent/locks/ReentrantReadWriteLock$Sync$HoldCounter done
Event: 18.091 Loading class java/lang/IntegerEditor
Event: 18.091 Loading class java/lang/IntegerEditor done
Event: 18.100 Loading class java/lang/StringEditor
Event: 18.100 Loading class java/lang/StringEditor done
Event: 18.103 Loading class java/lang/BooleanEditor
Event: 18.103 Loading class java/lang/BooleanEditor done
Event: 23.331 Loading class sun/reflect/annotation/TypeAnnotation$TypeAnnotationTargetInfo
Event: 23.331 Loading class sun/reflect/annotation/TypeAnnotation$TypeAnnotationTargetInfo done
Event: 30.352 Loading class java/util/concurrent/atomic/Striped64$Cell
Event: 30.352 Loading class java/util/concurrent/atomic/Striped64$Cell done

Classes unloaded (0 events):
No events

Classes redefined (1 events):
Event: 86.218 Thread 0x00000258ae5cb2e0 redefined class name=com.jdc.online.balances.service.MemberLedgerService, count=1

Internal exceptions (20 events):
Event: 17.790 Thread 0x00000258b61769d0 Exception <a 'java/lang/ClassNotFoundException'{0x000000070a718748}: org/springframework/web/servlet/tags/form/FormTagCustomizer> (0x000000070a718748) 
thrown [s\src\hotspot\share\classfile\systemDictionary.cpp, line 313]
Event: 17.792 Thread 0x00000258b61769d0 Exception <a 'java/lang/ClassNotFoundException'{0x000000070a73add8}: org/springframework/web/servlet/tags/form/InputTagBeanInfo> (0x000000070a73add8) 
thrown [s\src\hotspot\share\classfile\systemDictionary.cpp, line 313]
Event: 17.792 Thread 0x00000258b61769d0 Exception <a 'java/lang/ClassNotFoundException'{0x000000070a745a48}: org/springframework/web/servlet/tags/form/AbstractHtmlInputElementTagBeanInfo> (0x000000070a745a48) 
thrown [s\src\hotspot\share\classfile\systemDictionary.cpp, line 313]
Event: 17.793 Thread 0x00000258b61769d0 Exception <a 'java/lang/ClassNotFoundException'{0x000000070a7508c0}: org/springframework/web/servlet/tags/form/AbstractHtmlInputElementTagCustomizer> (0x000000070a7508c0) 
thrown [s\src\hotspot\share\classfile\systemDictionary.cpp, line 313]
Event: 17.795 Thread 0x00000258b61769d0 Exception <a 'java/lang/ClassNotFoundException'{0x000000070a765e40}: org/springframework/web/servlet/tags/form/InputTagCustomizer> (0x000000070a765e40) 
thrown [s\src\hotspot\share\classfile\systemDictionary.cpp, line 313]
Event: 17.799 Thread 0x00000258b61769d0 Exception <a 'java/lang/ClassNotFoundException'{0x000000070a786ce8}: org/springframework/web/servlet/tags/form/SelectTagBeanInfo> (0x000000070a786ce8) 
thrown [s\src\hotspot\share\classfile\systemDictionary.cpp, line 313]
Event: 17.801 Thread 0x00000258b61769d0 Exception <a 'java/lang/ClassNotFoundException'{0x000000070a7911b0}: org/springframework/web/servlet/tags/form/SelectTagCustomizer> (0x000000070a7911b0) 
thrown [s\src\hotspot\share\classfile\systemDictionary.cpp, line 313]
Event: 17.807 Thread 0x00000258b61769d0 Exception <a 'java/lang/ClassNotFoundException'{0x000000070a7dd4d0}: org/springframework/web/servlet/tags/form/CheckboxTagBeanInfo> (0x000000070a7dd4d0) 
thrown [s\src\hotspot\share\classfile\systemDictionary.cpp, line 313]
Event: 17.809 Thread 0x00000258b61769d0 Exception <a 'java/lang/ClassNotFoundException'{0x000000070a7e83f8}: org/springframework/web/servlet/tags/form/AbstractSingleCheckedElementTagBeanInfo> (0x000000070a7e83f8) 
thrown [s\src\hotspot\share\classfile\systemDictionary.cpp, line 313]
Event: 17.811 Thread 0x00000258b61769d0 Exception <a 'java/lang/ClassNotFoundException'{0x000000070a7f3300}: org/springframework/web/servlet/tags/form/AbstractCheckedElementTagBeanInfo> (0x000000070a7f3300) 
thrown [s\src\hotspot\share\classfile\systemDictionary.cpp, line 313]
Event: 17.813 Thread 0x00000258b61769d0 Exception <a 'java/lang/ClassNotFoundException'{0x000000070a7fdf58}: org/springframework/web/servlet/tags/form/AbstractCheckedElementTagCustomizer> (0x000000070a7fdf58) 
thrown [s\src\hotspot\share\classfile\systemDictionary.cpp, line 313]
Event: 17.816 Thread 0x00000258b61769d0 Exception <a 'java/lang/ClassNotFoundException'{0x000000070a40ef00}: org/springframework/web/servlet/tags/form/AbstractSingleCheckedElementTagCustomizer> (0x000000070a40ef00) 
thrown [s\src\hotspot\share\classfile\systemDictionary.cpp, line 313]
Event: 17.820 Thread 0x00000258b61769d0 Exception <a 'java/lang/ClassNotFoundException'{0x000000070a421200}: org/springframework/web/servlet/tags/form/CheckboxTagCustomizer> (0x000000070a421200) 
thrown [s\src\hotspot\share\classfile\systemDictionary.cpp, line 313]
Event: 18.057 Thread 0x00000258b61769d0 Exception <a 'java/lang/ClassNotFoundException'{0x0000000709607890}: com/jdc/online/balances/controller/member/dto/LedgerSearchBeanInfo> (0x0000000709607890) 
thrown [s\src\hotspot\share\classfile\systemDictionary.cpp, line 313]
Event: 18.060 Thread 0x00000258b61769d0 Exception <a 'java/lang/ClassNotFoundException'{0x0000000709613020}: com/jdc/online/balances/controller/member/dto/LedgerSearchCustomizer> (0x0000000709613020) 
thrown [s\src\hotspot\share\classfile\systemDictionary.cpp, line 313]
Event: 56.708 Thread 0x00000258b6174270 Exception <a 'java/lang/NoSuchMethodError'{0x0000000709580f38}: 'long java.lang.invoke.DirectMethodHandle$Holder.invokeSpecial(java.lang.Object, java.lang.Object, int, java.lang.Object, java.lang.Object)'> (0x0000000709580f38) 
thrown [s\src\hotspot\share\interpreter\linkResolver.cpp, line 774]
Event: 56.719 Thread 0x00000258b6174270 StackOverflowError at 0x00000258a3cbb340
Event: 56.720 Thread 0x00000258b6174270 Exception <a 'java/lang/StackOverflowError'{0x00000007132dac60}> (0x00000007132dac60) 
thrown [s\src\hotspot\share\runtime\sharedRuntime.cpp, line 628]
Event: 59.751 Thread 0x00000258b6174270 StackOverflowError at 0x00000258a3cbb340
Event: 59.752 Thread 0x00000258b6174270 Exception <a 'java/lang/StackOverflowError'{0x000000070ce54840}> (0x000000070ce54840) 
thrown [s\src\hotspot\share\runtime\sharedRuntime.cpp, line 628]

ZGC Phase Switch (0 events):
No events

VM Operations (20 events):
Event: 60.171 Executing VM operation: RendezvousGCThreads
Event: 60.171 Executing VM operation: RendezvousGCThreads done
Event: 64.173 Executing VM operation: Cleanup
Event: 64.173 Executing VM operation: Cleanup done
Event: 71.176 Executing VM operation: Cleanup
Event: 71.176 Executing VM operation: Cleanup done
Event: 78.179 Executing VM operation: Cleanup
Event: 78.179 Executing VM operation: Cleanup done
Event: 86.190 Executing VM operation: ChangeSingleStep
Event: 86.190 Executing VM operation: ChangeSingleStep done
Event: 86.190 Executing VM operation: ChangeSingleStep
Event: 86.190 Executing VM operation: ChangeSingleStep done
Event: 86.208 Executing VM operation: RedefineClasses
Event: 86.239 Executing VM operation: RedefineClasses done
Event: 86.267 Executing VM operation: ChangeBreakpoints
Event: 86.270 Executing VM operation: ChangeBreakpoints done
Event: 86.308 Executing VM operation: ChangeBreakpoints
Event: 86.315 Executing VM operation: ChangeBreakpoints done
Event: 86.323 Executing VM operation: ChangeSingleStep
Event: 86.323 Executing VM operation: ChangeSingleStep done

Memory protections (0 events):
No events

Nmethod flushes (20 events):
Event: 56.755 Thread 0x00000258ae5cb2e0 flushing  nmethod 0x00000258a4273a90
Event: 56.755 Thread 0x00000258ae5cb2e0 flushing  nmethod 0x00000258a4273d90
Event: 56.755 Thread 0x00000258ae5cb2e0 flushing  nmethod 0x00000258a4274090
Event: 56.755 Thread 0x00000258ae5cb2e0 flushing  nmethod 0x00000258a4274e10
Event: 56.755 Thread 0x00000258ae5cb2e0 flushing  nmethod 0x00000258a4275110
Event: 56.755 Thread 0x00000258ae5cb2e0 flushing  nmethod 0x00000258a4276c10
Event: 56.755 Thread 0x00000258ae5cb2e0 flushing  nmethod 0x00000258a4277a90
Event: 56.755 Thread 0x00000258ae5cb2e0 flushing  nmethod 0x00000258a4277f10
Event: 56.755 Thread 0x00000258ae5cb2e0 flushing  nmethod 0x00000258a42d9810
Event: 56.755 Thread 0x00000258ae5cb2e0 flushing  nmethod 0x00000258a4323c90
Event: 56.755 Thread 0x00000258ae5cb2e0 flushing osr nmethod 0x00000258a4354810
Event: 56.755 Thread 0x00000258ae5cb2e0 flushing  nmethod 0x00000258a435a410
Event: 56.755 Thread 0x00000258ae5cb2e0 flushing  nmethod 0x00000258a435a790
Event: 56.755 Thread 0x00000258ae5cb2e0 flushing  nmethod 0x00000258a4395210
Event: 56.755 Thread 0x00000258ae5cb2e0 flushing  nmethod 0x00000258a4397890
Event: 56.755 Thread 0x00000258ae5cb2e0 flushing  nmethod 0x00000258a468c510
Event: 56.755 Thread 0x00000258ae5cb2e0 flushing  nmethod 0x00000258a479e090
Event: 56.755 Thread 0x00000258ae5cb2e0 flushing  nmethod 0x00000258a49a2c10
Event: 56.755 Thread 0x00000258ae5cb2e0 flushing  nmethod 0x00000258a4a2c890
Event: 56.755 Thread 0x00000258ae5cb2e0 flushing  nmethod 0x00000258a4a2fb10

Events (20 events):
Event: 8.340 Thread 0x00000258ae79d560 Thread added: 0x00000258b6f78f60
Event: 8.341 Thread 0x00000258b6f78f60 Thread added: 0x00000258b6f795f0
Event: 8.343 Thread 0x00000258ae79d560 Thread added: 0x00000258b6f76e90
Event: 8.344 Thread 0x00000258ae7a0350 Thread exited: 0x00000258ae7a0350
Event: 8.344 Thread 0x00000258b6f76e90 Thread added: 0x00000258b6f77520
Event: 8.345 Thread 0x00000258b6f795f0 Thread exited: 0x00000258b6f795f0
Event: 9.372 Thread 0x00000258b617b200 Thread exited: 0x00000258b617b200
Event: 9.373 Thread 0x00000258b6f77520 Thread exited: 0x00000258b6f77520
Event: 9.807 Thread 0x00000258b3cefe20 Thread exited: 0x00000258b3cefe20
Event: 10.044 Thread 0x00000258ae82e260 Thread exited: 0x00000258ae82e260
Event: 13.237 Thread 0x00000258ae82cdf0 Thread exited: 0x00000258ae82cdf0
Event: 25.293 Thread 0x00000258ae82f000 Thread exited: 0x00000258ae82f000
Event: 30.306 Thread 0x00000258ae6b4c70 Thread added: 0x00000258ae82cdf0
Event: 37.031 Thread 0x00000258ae82cdf0 Thread exited: 0x00000258ae82cdf0
Event: 56.710 Thread 0x00000258ae6b4c70 Thread added: 0x00000258ae82cdf0
Event: 56.710 Thread 0x00000258ae6b4c70 Thread added: 0x00000258ae82f000
Event: 56.710 Thread 0x00000258ae6b4c70 Thread added: 0x00000258b775be00
Event: 59.031 Thread 0x00000258b775be00 Thread exited: 0x00000258b775be00
Event: 63.031 Thread 0x00000258ae82f000 Thread exited: 0x00000258ae82f000
Event: 73.290 Thread 0x00000258ae82cdf0 Thread exited: 0x00000258ae82cdf0


Dynamic libraries:
0x00007ff71d330000 - 0x00007ff71d33e000 	C:\Users\hp\Development\eclipse2022_3\eclipse\plugins\org.eclipse.justj.openjdk.hotspot.jre.full.win32.x86_64_22.0.2.v20240802-1626\jre\bin\javaw.exe
0x00007ffe53ec0000 - 0x00007ffe54120000 	C:\WINDOWS\SYSTEM32\ntdll.dll
0x00007ffe52950000 - 0x00007ffe52a17000 	C:\WINDOWS\System32\KERNEL32.DLL
0x00007ffe512e0000 - 0x00007ffe516aa000 	C:\WINDOWS\System32\KERNELBASE.dll
0x00007ffe51190000 - 0x00007ffe512db000 	C:\WINDOWS\System32\ucrtbase.dll
0x00007ffde2b70000 - 0x00007ffde2b87000 	C:\Users\hp\Development\eclipse2022_3\eclipse\plugins\org.eclipse.justj.openjdk.hotspot.jre.full.win32.x86_64_22.0.2.v20240802-1626\jre\bin\jli.dll
0x00007ffe488b0000 - 0x00007ffe488cb000 	C:\Users\hp\Development\eclipse2022_3\eclipse\plugins\org.eclipse.justj.openjdk.hotspot.jre.full.win32.x86_64_22.0.2.v20240802-1626\jre\bin\VCRUNTIME140.dll
0x00007ffe52780000 - 0x00007ffe5294c000 	C:\WINDOWS\System32\USER32.dll
0x00007ffe510a0000 - 0x00007ffe510c7000 	C:\WINDOWS\System32\win32u.dll
0x00007ffe352b0000 - 0x00007ffe35547000 	C:\WINDOWS\WinSxS\amd64_microsoft.windows.common-controls_6595b64144ccf1df_6.0.26100.3624_none_3e086962e3345f24\COMCTL32.dll
0x00007ffe52a20000 - 0x00007ffe52a4a000 	C:\WINDOWS\System32\GDI32.dll
0x00007ffe51cc0000 - 0x00007ffe51d69000 	C:\WINDOWS\System32\msvcrt.dll
0x00007ffe51970000 - 0x00007ffe51aa1000 	C:\WINDOWS\System32\gdi32full.dll
0x00007ffe51750000 - 0x00007ffe517f3000 	C:\WINDOWS\System32\msvcp_win.dll
0x00007ffe52080000 - 0x00007ffe520af000 	C:\WINDOWS\System32\IMM32.DLL
0x00007ffe47490000 - 0x00007ffe4749c000 	C:\Users\hp\Development\eclipse2022_3\eclipse\plugins\org.eclipse.justj.openjdk.hotspot.jre.full.win32.x86_64_22.0.2.v20240802-1626\jre\bin\vcruntime140_1.dll
0x00007ffe33540000 - 0x00007ffe335ce000 	C:\Users\hp\Development\eclipse2022_3\eclipse\plugins\org.eclipse.justj.openjdk.hotspot.jre.full.win32.x86_64_22.0.2.v20240802-1626\jre\bin\msvcp140.dll
0x00007ffdda2d0000 - 0x00007ffddb093000 	C:\Users\hp\Development\eclipse2022_3\eclipse\plugins\org.eclipse.justj.openjdk.hotspot.jre.full.win32.x86_64_22.0.2.v20240802-1626\jre\bin\server\jvm.dll
0x00007ffe52c30000 - 0x00007ffe52ce2000 	C:\WINDOWS\System32\ADVAPI32.dll
0x00007ffe525e0000 - 0x00007ffe52686000 	C:\WINDOWS\System32\sechost.dll
0x00007ffe52cf0000 - 0x00007ffe52e06000 	C:\WINDOWS\System32\RPCRT4.dll
0x00007ffe535b0000 - 0x00007ffe53624000 	C:\WINDOWS\System32\WS2_32.dll
0x00007ffe504f0000 - 0x00007ffe5054e000 	C:\WINDOWS\SYSTEM32\POWRPROF.dll
0x00007ffe35e70000 - 0x00007ffe35ea6000 	C:\WINDOWS\SYSTEM32\WINMM.dll
0x00007ffe45380000 - 0x00007ffe4538b000 	C:\WINDOWS\SYSTEM32\VERSION.dll
0x00007ffe50460000 - 0x00007ffe50474000 	C:\WINDOWS\SYSTEM32\UMPDC.dll
0x00007ffe4feb0000 - 0x00007ffe4feca000 	C:\WINDOWS\SYSTEM32\kernel.appcore.dll
0x00007ffe3dc00000 - 0x00007ffe3dc0a000 	C:\Users\hp\Development\eclipse2022_3\eclipse\plugins\org.eclipse.justj.openjdk.hotspot.jre.full.win32.x86_64_22.0.2.v20240802-1626\jre\bin\jimage.dll
0x00007ffe4e870000 - 0x00007ffe4eab1000 	C:\WINDOWS\SYSTEM32\DBGHELP.DLL
0x00007ffe536f0000 - 0x00007ffe53a72000 	C:\WINDOWS\System32\combase.dll
0x00007ffe51e60000 - 0x00007ffe51f36000 	C:\WINDOWS\System32\OLEAUT32.dll
0x00007ffe2ba70000 - 0x00007ffe2baa9000 	C:\WINDOWS\SYSTEM32\dbgcore.DLL
0x00007ffe516b0000 - 0x00007ffe51749000 	C:\WINDOWS\System32\bcryptPrimitives.dll
0x00007ffe45600000 - 0x00007ffe4563c000 	C:\Users\hp\Development\eclipse2022_3\eclipse\plugins\org.eclipse.justj.openjdk.hotspot.jre.full.win32.x86_64_22.0.2.v20240802-1626\jre\bin\jdwp.dll
0x00007ffe3dbd0000 - 0x00007ffe3dbdf000 	C:\Users\hp\Development\eclipse2022_3\eclipse\plugins\org.eclipse.justj.openjdk.hotspot.jre.full.win32.x86_64_22.0.2.v20240802-1626\jre\bin\instrument.dll
0x00007ffde28f0000 - 0x00007ffde290e000 	C:\Users\hp\Development\eclipse2022_3\eclipse\plugins\org.eclipse.justj.openjdk.hotspot.jre.full.win32.x86_64_22.0.2.v20240802-1626\jre\bin\java.dll
0x00007ffe52e10000 - 0x00007ffe53539000 	C:\WINDOWS\System32\SHELL32.dll
0x00007ffe51800000 - 0x00007ffe51968000 	C:\WINDOWS\System32\wintypes.dll
0x00007ffe53b80000 - 0x00007ffe53d16000 	C:\WINDOWS\System32\ole32.dll
0x00007ffde27f0000 - 0x00007ffde2807000 	C:\Users\hp\Development\eclipse2022_3\eclipse\plugins\org.eclipse.justj.openjdk.hotspot.jre.full.win32.x86_64_22.0.2.v20240802-1626\jre\bin\zip.dll
0x00007ffe4ec30000 - 0x00007ffe4f482000 	C:\WINDOWS\SYSTEM32\windows.storage.dll
0x00007ffe51d70000 - 0x00007ffe51e5d000 	C:\WINDOWS\System32\SHCORE.dll
0x00007ffe53630000 - 0x00007ffe53694000 	C:\WINDOWS\System32\shlwapi.dll
0x00007ffe50fb0000 - 0x00007ffe50fdf000 	C:\WINDOWS\SYSTEM32\profapi.dll
0x00007ffe49040000 - 0x00007ffe4904c000 	C:\Users\hp\Development\eclipse2022_3\eclipse\plugins\org.eclipse.justj.openjdk.hotspot.jre.full.win32.x86_64_22.0.2.v20240802-1626\jre\bin\dt_socket.dll
0x00007ffe4f8e0000 - 0x00007ffe4f913000 	C:\WINDOWS\SYSTEM32\IPHLPAPI.DLL
0x00007ffe50480000 - 0x00007ffe504ea000 	C:\WINDOWS\system32\mswsock.dll
0x00007ffe4f970000 - 0x00007ffe4fa95000 	C:\WINDOWS\SYSTEM32\DNSAPI.dll
0x00007ffe53540000 - 0x00007ffe5354a000 	C:\WINDOWS\System32\NSI.dll
0x00007ffe45250000 - 0x00007ffe4525b000 	C:\Windows\System32\rasadhlp.dll
0x00007ffe402a0000 - 0x00007ffe40325000 	C:\WINDOWS\System32\fwpuclnt.dll
0x00007ffe33b30000 - 0x00007ffe33b40000 	C:\Users\hp\Development\eclipse2022_3\eclipse\plugins\org.eclipse.justj.openjdk.hotspot.jre.full.win32.x86_64_22.0.2.v20240802-1626\jre\bin\net.dll
0x00007ffdda2b0000 - 0x00007ffdda2c6000 	C:\Users\hp\Development\eclipse2022_3\eclipse\plugins\org.eclipse.justj.openjdk.hotspot.jre.full.win32.x86_64_22.0.2.v20240802-1626\jre\bin\nio.dll
0x00007ffe47440000 - 0x00007ffe4744a000 	C:\Users\hp\Development\eclipse2022_3\eclipse\plugins\org.eclipse.justj.openjdk.hotspot.jre.full.win32.x86_64_22.0.2.v20240802-1626\jre\bin\management.dll
0x00007ffe47430000 - 0x00007ffe4743b000 	C:\Users\hp\Development\eclipse2022_3\eclipse\plugins\org.eclipse.justj.openjdk.hotspot.jre.full.win32.x86_64_22.0.2.v20240802-1626\jre\bin\management_ext.dll
0x00007ffe520c0000 - 0x00007ffe520c8000 	C:\WINDOWS\System32\PSAPI.DLL
0x00007ffe28290000 - 0x00007ffe282a8000 	C:\WINDOWS\system32\napinsp.dll
0x00007ffe28270000 - 0x00007ffe28282000 	C:\WINDOWS\System32\winrnr.dll
0x00007ffe28230000 - 0x00007ffe28260000 	C:\WINDOWS\system32\nlansp_c.dll
0x00007ffe45070000 - 0x00007ffe45086000 	C:\WINDOWS\system32\wshbth.dll
0x00007ffe50790000 - 0x00007ffe507ac000 	C:\WINDOWS\SYSTEM32\CRYPTSP.dll
0x00007ffe4fe10000 - 0x00007ffe4fe4a000 	C:\WINDOWS\system32\rsaenh.dll
0x00007ffe50590000 - 0x00007ffe505bb000 	C:\WINDOWS\SYSTEM32\USERENV.dll
0x00007ffe50f80000 - 0x00007ffe50fa6000 	C:\WINDOWS\SYSTEM32\bcrypt.dll
0x00007ffe507b0000 - 0x00007ffe507bc000 	C:\WINDOWS\SYSTEM32\CRYPTBASE.dll
0x00007ffe47340000 - 0x00007ffe47349000 	C:\Users\hp\Development\eclipse2022_3\eclipse\plugins\org.eclipse.justj.openjdk.hotspot.jre.full.win32.x86_64_22.0.2.v20240802-1626\jre\bin\extnet.dll
0x00007ffe338f0000 - 0x00007ffe33900000 	C:\Users\hp\Development\eclipse2022_3\eclipse\plugins\org.eclipse.justj.openjdk.hotspot.jre.full.win32.x86_64_22.0.2.v20240802-1626\jre\bin\verify.dll
0x00007ffe47480000 - 0x00007ffe4748e000 	C:\Users\hp\Development\eclipse2022_3\eclipse\plugins\org.eclipse.justj.openjdk.hotspot.jre.full.win32.x86_64_22.0.2.v20240802-1626\jre\bin\sunmscapi.dll
0x00007ffe51ab0000 - 0x00007ffe51c27000 	C:\WINDOWS\System32\CRYPT32.dll
0x00007ffe50990000 - 0x00007ffe509c0000 	C:\WINDOWS\SYSTEM32\ncrypt.dll
0x00007ffe50940000 - 0x00007ffe5097f000 	C:\WINDOWS\SYSTEM32\NTASN1.dll
0x00007ffe49030000 - 0x00007ffe49038000 	C:\WINDOWS\system32\wshunix.dll

dbghelp: loaded successfully - version: 4.0.5 - missing functions: none
symbol engine: initialized successfully - sym options: 0x614 - pdb path: .;C:\Users\hp\Development\eclipse2022_3\eclipse\plugins\org.eclipse.justj.openjdk.hotspot.jre.full.win32.x86_64_22.0.2.v20240802-1626\jre\bin;C:\WINDOWS\SYSTEM32;C:\WINDOWS\WinSxS\amd64_microsoft.windows.common-controls_6595b64144ccf1df_6.0.26100.3624_none_3e086962e3345f24;C:\Users\hp\Development\eclipse2022_3\eclipse\plugins\org.eclipse.justj.openjdk.hotspot.jre.full.win32.x86_64_22.0.2.v20240802-1626\jre\bin\server

VM Arguments:
jvm_args: -XX:+ShowCodeDetailsInExceptionMessages -agentlib:jdwp=transport=dt_socket,suspend=y,address=localhost:53108 -Dcom.sun.management.jmxremote -Dcom.sun.management.jmxremote.port=53107 -Dcom.sun.management.jmxremote.authenticate=false -Dcom.sun.management.jmxremote.ssl=false -Djava.rmi.server.hostname=localhost -Dspring.jmx.enabled=true -Dmanagement.endpoints.jmx.exposure.include=* -Dspring.application.admin.enabled=true -XX:TieredStopAtLevel=1 -Dspring.boot.project.name=spw-04-balance-management -javaagent:C:\Users\hp\Development\eclipse2022_3\eclipse\configuration\org.eclipse.osgi\1498\0\.cp\lib\javaagent-shaded.jar -Dfile.encoding=UTF-8 -Dstdout.encoding=UTF-8 -Dstderr.encoding=UTF-8 
java_command: com.jdc.online.balances.Spw04BalanceManagementApplication --spring.output.ansi.enabled=always
java_class_path (initial): D:\Java(JDC)\spring\pratical\spw-04-balance-management\target\classes;C:\Users\hp\.m2\repository\org\springframework\boot\spring-boot-starter-web\3.4.3\spring-boot-starter-web-3.4.3.jar;C:\Users\hp\.m2\repository\org\springframework\boot\spring-boot-starter\3.4.3\spring-boot-starter-3.4.3.jar;C:\Users\hp\.m2\repository\org\springframework\boot\spring-boot-starter-logging\3.4.3\spring-boot-starter-logging-3.4.3.jar;C:\Users\hp\.m2\repository\ch\qos\logback\logback-classic\1.5.16\logback-classic-1.5.16.jar;C:\Users\hp\.m2\repository\ch\qos\logback\logback-core\1.5.16\logback-core-1.5.16.jar;C:\Users\hp\.m2\repository\org\apache\logging\log4j\log4j-to-slf4j\2.24.3\log4j-to-slf4j-2.24.3.jar;C:\Users\hp\.m2\repository\org\apache\logging\log4j\log4j-api\2.24.3\log4j-api-2.24.3.jar;C:\Users\hp\.m2\repository\org\slf4j\jul-to-slf4j\2.0.16\jul-to-slf4j-2.0.16.jar;C:\Users\hp\.m2\repository\org\yaml\snakeyaml\2.3\snakeyaml-2.3.jar;C:\Users\hp\.m2\repository\org\springframework\boot\spring-boot-starter-json\3.4.3\spring-boot-starter-json-3.4.3.jar;C:\Users\hp\.m2\repository\com\fasterxml\jackson\core\jackson-databind\2.18.2\jackson-databind-2.18.2.jar;C:\Users\hp\.m2\repository\com\fasterxml\jackson\core\jackson-annotations\2.18.2\jackson-annotations-2.18.2.jar;C:\Users\hp\.m2\repository\com\fasterxml\jackson\core\jackson-core\2.18.2\jackson-core-2.18.2.jar;C:\Users\hp\.m2\repository\com\fasterxml\jackson\datatype\jackson-datatype-jdk8\2.18.2\jackson-datatype-jdk8-2.18.2.jar;C:\Users\hp\.m2\repository\com\fasterxml\jackson\datatype\jackson-datatype-jsr310\2.18.2\jackson-datatype-jsr310-2.18.2.jar;C:\Users\hp\.m2\repository\com\fasterxml\jackson\module\jackson-module-parameter-names\2.18.2\jackson-module-parameter-names-2.18.2.jar;C:\Users\hp\.m2\repository\org\springframework\spring-web\6.2.3\spring-web-6.2.3.jar;C:\Users\hp\.m2\repository\io\micrometer\micrometer-observation\1.14.4\micrometer-observation-1.14.4.jar;C:\Users\hp\.m2\repository\io\micrometer\micrometer-commons\1.14.4\micrometer-commons-1.14.4.jar;C:\Users\hp\.m2\repository\org\springframework\spring-webmvc\6.2.3\spring-webmvc-6.2.3.jar;C:\Users\hp\.m2\repository\org\springframework\boot\spring-boot-starter-validation\3.4.3\spring-boot-starter-validation-3.4.3.jar;C:\Users\hp\.m2\repository\org\apache\tomcat\embed\tomcat-embed-el\10.1.36\tomcat-embed-el-10.1.36.jar;C:\Users\hp\.m2\repository\org\hibernate\validator\hibernate-validator\8.0.2.Final\hibernate-validator-8.0.2.Final.jar;C:\Users\hp\.m2\repository\com\fasterxml\classmate\1.7.0\classmate-1.7.0.jar;C:\Users\hp\.m2\repository\org\springframework\boot\spring-boot-starter-tomcat\3.4.3\spring-boot-starter-tomcat-3.4.3.jar;C:\Users\hp\.m2\repository\jakarta\annotation\jakarta.annotation-api\2.1.1\jakarta.annotation-api-2.1.1.jar;C:\Users\hp\.m2\repository\org\apache\tomcat\embed\tomcat-embed-core\10.1.36\tomcat-embed-core-10.1.36.jar;C:\Users\hp\.m2\repository\org\apache\tomcat\embed\tomcat-embed-websocket\10.1.36\tomcat-embed-websocket-10.1.36.jar;C:\Users\hp\.m2\repository\org\apache\tomcat\embed\tomcat-embed-jasper\10.1.36\tomcat-embed-jasper-10.1.36.jar;C:\Users\hp\.m2\repository\org\eclipse\jdt\ecj\3.33.0\ecj-3.33.0.jar;C:\Users\hp\.m2\repository\jakarta\servlet\jsp\jstl\jakarta.servlet.jsp.jstl-api\3.0.2\jakarta.servlet.jsp.jstl-api-3.0.2.jar;C:\Users\hp\.m2\repository\jakarta\servlet\jakarta.servlet-api\6.0.0\jakarta.servlet-api-6.0.0.jar;C:\Users\hp\.m2\repository\jakarta\el\jakarta.el-api\5.0.0\jakarta.el-api-5.0.0.jar;C:\Users\hp\.m2\repository\org\glassfish\web\jakarta.servlet.jsp.jstl\3.0.1\jakarta.servlet.jsp.jstl-3.0.1.jar;C:\Users\hp\.m2\repository\org\springframework\boot\spring-boot-starter-data-jpa\3.4.3\spring-boot-starter-data-jpa-3.4.3.jar;C:\Users\hp\.m2\repository\org\springframework\boot\spring-boot-starter-jdbc\3.4.3\spring-boot-starter-jdbc-3.4.3.jar;C:\Users\hp\.m2\repository\com\zaxxer\HikariCP\5.1.0\HikariCP-5.1.0.jar;C:\Users\hp\.m2\repository\org\springframework\spring-jdbc\6.2.3\spring-jdbc-6.2.3.jar;C:\Users\hp\.m2\repository\org\hibernate\orm\hibernate-core\6.6.8.Final\hibernate-core-6.6.8.Final.jar;C:\Users\hp\.m2\repository\jakarta\persistence\jakarta.persistence-api\3.1.0\jakarta.persistence-api-3.1.0.jar;C:\Users\hp\.m2\repository\jakarta\transaction\jakarta.transaction-api\2.0.1\jakarta.transaction-api-2.0.1.jar;C:\Users\hp\.m2\repository\jakarta\inject\jakarta.inject-api\2.0.1\jakarta.inject-api-2.0.1.jar;C:\Users\hp\.m2\repository\org\springframework\data\spring-data-jpa\3.4.3\spring-data-jpa-3.4.3.jar;C:\Users\hp\.m2\repository\org\springframework\data\spring-data-commons\3.4.3\spring-data-commons-3.4.3.jar;C:\Users\hp\.m2\repository\org\springframework\spring-orm\6.2.3\spring-orm-6.2.3.jar;C:\Users\hp\.m2\repository\org\springframework\spring-tx\6.2.3\spring-tx-6.2.3.jar;C:\Users\hp\.m2\repository\org\slf4j\slf4j-api\2.0.16\slf4j-api-2.0.16.jar;C:\Users\hp\.m2\repository\org\springframework\spring-aspects\6.2.3\spring-aspects-6.2.3.jar;C:\Users\hp\.m2\repository\org\aspectj\aspectjweaver\1.9.22.1\aspectjweaver-1.9.22.1.jar;C:\Users\hp\.m2\repository\com\h2database\h2\2.3.232\h2-2.3.232.jar;C:\Users\hp\.m2\repository\org\hibernate\orm\hibernate-jpamodelgen\6.6.8.Final\hibernate-jpamodelgen-6.6.8.Final.jar;C:\Users\hp\.m2\repository\org\hibernate\common\hibernate-commons-annotations\7.0.3.Final\hibernate-commons-annotations-7.0.3.Final.jar;C:\Users\hp\.m2\repository\io\smallrye\jandex\3.2.0\jandex-3.2.0.jar;C:\Users\hp\.m2\repository\jakarta\xml\bind\jakarta.xml.bind-api\4.0.2\jakarta.xml.bind-api-4.0.2.jar;C:\Users\hp\.m2\repository\jakarta\activation\jakarta.activation-api\2.1.3\jakarta.activation-api-2.1.3.jar;C:\Users\hp\.m2\repository\org\glassfish\jaxb\jaxb-runtime\4.0.5\jaxb-runtime-4.0.5.jar;C:\Users\hp\.m2\repository\org\glassfish\jaxb\jaxb-core\4.0.5\jaxb-core-4.0.5.jar;C:\Users\hp\.m2\repository\org\eclipse\angus\angus-activation\2.0.2\angus-activation-2.0.2.jar;C:\Users\hp\.m2\repository\org\glassfish\jaxb\txw2\4.0.5\txw2-4.0.5.jar;C:\Users\hp\.m2\repository\com\sun\istack\istack-commons-runtime\4.1.2\istack-commons-runtime-4.1.2.jar;C:\Users\hp\.m2\repository\jakarta\validation\jakarta.validation-api\3.0.2\jakarta.validation-api-3.0.2.jar;C:\Users\hp\.m2\repository\org\antlr\antlr4-runtime\4.13.0\antlr4-runtime-4.13.0.jar;C:\Users\hp\.m2\repository\net\bytebuddy\byte-buddy\1.15.11\byte-buddy-1.15.11.jar;C:\Users\hp\.m2\repository\org\jboss\logging\jboss-logging\3.6.1.Final\jboss-logging-3.6.1.Final.jar;C:\Users\hp\.m2\repository\org\springframework\boot\spring-boot-starter-security\3.4.3\spring-boot-starter-security-3.4.3.jar;C:\Users\hp\.m2\repository\org\springframework\spring-aop\6.2.3\spring-aop-6.2.3.jar;C:\Users\hp\.m2\repository\org\springframework\security\spring-security-config\6.4.3\spring-security-config-6.4.3.jar;C:\Users\hp\.m2\repository\org\springframework\security\spring-security-web\6.4.3\spring-security-web-6.4.3.jar;C:\Users\hp\.m2\repository\org\springframework\security\spring-security-taglibs\6.4.3\spring-security-taglibs-6.4.3.jar;C:\Users\hp\.m2\repository\org\springframework\security\spring-security-acl\6.4.3\spring-security-acl-6.4.3.jar;C:\Users\hp\.m2\repository\org\springframework\security\spring-security-core\6.4.3\spring-security-core-6.4.3.jar;C:\Users\hp\.m2\repository\org\springframework\security\spring-security-crypto\6.4.3\spring-security-crypto-6.4.3.jar;C:\Users\hp\.m2\repository\org\springframework\spring-beans\6.2.3\spring-beans-6.2.3.jar;C:\Users\hp\.m2\repository\org\springframework\spring-context\6.2.3\spring-context-6.2.3.jar;C:\Users\hp\.m2\repository\org\springframework\spring-core\6.2.3\spring-core-6.2.3.jar;C:\Users\hp\.m2\repository\org\springframework\spring-jcl\6.2.3\spring-jcl-6.2.3.jar;C:\Users\hp\.m2\repository\org\springframework\spring-expression\6.2.3\spring-expression-6.2.3.jar;C:\Users\hp\.m2\repository\org\springframework\boot\spring-boot-devtools\3.4.3\spring-boot-devtools-3.4.3.jar;C:\Users\hp\.m2\repository\org\springframework\boot\spring-boot\3.4.3\spring-boot-3.4.3.jar;C:\Users\hp\.m2\repository\org\springframework\boot\spring-boot-autoconfigure\3.4.3\spring-boot-autoconfigure-3.4.3.jar;C:\Users\hp\.m2\repository\org\projectlombok\lombok\1.18.36\lombok-1.18.36.jar
Launcher Type: SUN_STANDARD

[Global flags]
     intx CICompilerCount                          = 4                                         {product} {ergonomic}
     uint ConcGCThreads                            = 2                                         {product} {ergonomic}
     uint G1ConcRefinementThreads                  = 8                                         {product} {ergonomic}
   size_t G1HeapRegionSize                         = 2097152                                   {product} {ergonomic}
   size_t InitialHeapSize                          = 266338304                                 {product} {ergonomic}
     bool ManagementServer                         = true                                      {product} {command line}
   size_t MarkStackSize                            = 4194304                                   {product} {ergonomic}
   size_t MaxHeapSize                              = 4238344192                                {product} {ergonomic}
   size_t MaxNewSize                               = 2541748224                                {product} {ergonomic}
   size_t MinHeapDeltaBytes                        = 2097152                                   {product} {ergonomic}
   size_t MinHeapSize                              = 8388608                                   {product} {ergonomic}
    uintx NonNMethodCodeHeapSize                   = 4096                                   {pd product} {ergonomic}
    uintx NonProfiledCodeHeapSize                  = 0                                      {pd product} {ergonomic}
     bool ProfileInterpreter                       = false                                  {pd product} {command line}
    uintx ProfiledCodeHeapSize                     = 0                                      {pd product} {ergonomic}
     bool ShowCodeDetailsInExceptionMessages       = true                                   {manageable} {command line}
   size_t SoftMaxHeapSize                          = 4238344192                             {manageable} {ergonomic}
     intx TieredStopAtLevel                        = 1                                         {product} {command line}
     bool UseCompressedOops                        = true                           {product lp64_product} {ergonomic}
     bool UseG1GC                                  = true                                      {product} {ergonomic}
     bool UseLargePagesIndividualAllocation        = false                                  {pd product} {ergonomic}

Logging:
Log output configuration:
 #0: stdout all=warning uptime,level,tags foldmultilines=false
 #1: stderr all=off uptime,level,tags foldmultilines=false

Environment Variables:
JAVA_HOME=C:\Users\hp\Java\jdk-17.0.1\bin
PATH=C:\Users\hp\Development\eclipse2022_3\eclipse\plugins\org.eclipse.justj.openjdk.hotspot.jre.full.win32.x86_64_22.0.2.v20240802-1626\jre\bin;C:/Users/hp/Development/eclipse2022_3/eclipse//plugins/org.eclipse.justj.openjdk.hotspot.jre.full.win32.x86_64_22.0.2.v20240802-1626/jre/bin/server;C:/Users/hp/Development/eclipse2022_3/eclipse//plugins/org.eclipse.justj.openjdk.hotspot.jre.full.win32.x86_64_22.0.2.v20240802-1626/jre/bin;C:\app\hp\product\11.2.0\client_1\bin;D:\app\hp\product\11.2.0\client_1\bin;C:\Program Files (x86)\Common Files\Oracle\Java\javapath;C:\windows\system32;C:\windows;C:\windows\System32\Wbem;C:\windows\System32\WindowsPowerShell\v1.0\;C:\windows\System32\OpenSSH\;C:\Program Files (x86)\NVIDIA Corporation\PhysX\Common;C:\Program Files\NVIDIA Corporation\NVIDIA NvDLISR;C:\ProgramData\ComposerSetup\bin;C:\WINDOWS\system32;C:\WINDOWS;C:\WINDOWS\System32\Wbem;C:\WINDOWS\System32\WindowsPowerShell\v1.0\;C:\WINDOWS\System32\OpenSSH\;C:\Program Files\Git\cmd;C:\Program Files (x86)\Windows Kits\10\Windows Performance Toolkit\;C:\Users\hp\AppData\Local\nvm;C:\nvm4w\nodejs;C:\Program Files\MySQL\MySQL Shell 8.0\bin\;C:\Users\hp\AppData\Local\Microsoft\WindowsApps;C:\Users\hp\tools;C:\Users\hp\Java\jdk-17.0.1\bin;C:\Program Files\MySQL\MySQL Server 8.0\bin;C:\Users\hp\AppData\Local\Programs\Microsoft VS Code\bin;C:\Users\hp\AppData\Roaming\npm;C:\xampp\php;C:\Users\hp\AppData\Roaming\Composer\vendor\bin;C:\Users\hp\flutter\flutter\bin;C:\Users\hp\AppData\Local\nvm;C:\nvm4w\nodejs;C:\Users\hp\Development\eclipse2022_3\eclipse;
USERNAME=hp
OS=Windows_NT
PROCESSOR_IDENTIFIER=Intel64 Family 6 Model 126 Stepping 5, GenuineIntel
TMP=C:\Users\hp\AppData\Local\Temp
TEMP=C:\Users\hp\AppData\Local\Temp




Periodic native trim disabled

---------------  S Y S T E M  ---------------

OS:
 Windows 11 , 64 bit Build 26100 (10.0.26100.3775)
OS uptime: 0 days 5:05 hours

CPU: total 8 (initial active 8) (4 cores per cpu, 2 threads per core) family 6 model 126 stepping 5 microcode 0xc2, cx8, cmov, fxsr, ht, mmx, 3dnowpref, sse, sse2, sse3, ssse3, sse4.1, sse4.2, popcnt, lzcnt, tsc, tscinvbit, avx, avx2, aes, erms, clmul, bmi1, bmi2, adx, avx512f, avx512dq, avx512cd, avx512bw, avx512vl, sha, fma, vzeroupper, avx512_vpopcntdq, avx512_vpclmulqdq, avx512_vaes, avx512_vnni, clflush, clflushopt, avx512_vbmi2, avx512_vbmi, rdtscp, rdpid, fsrm, gfni, avx512_bitalg, f16c, pku, avx512_ifma
Processor Information for all 8 processors :
  Max Mhz: 1498, Current Mhz: 1298, Mhz Limit: 1288

Memory: 4k page, system-wide physical 16161M (6435M free)
TotalPageFile size 17185M (AvailPageFile size 4239M)
current process WorkingSet (physical memory assigned to process): 372M, peak: 372M
current process commit charge ("private bytes"): 401M, peak: 401M

vm_info: OpenJDK 64-Bit Server VM (22.0.2+9) for windows-amd64 JRE (22.0.2+9), built on 2024-07-16T00:00:00Z by "admin" with MS VC++ 17.7 (VS2022)

END.
