#
# A fatal error has been detected by the Java Runtime Environment:
#
#  EXCEPTION_ACCESS_VIOLATION (0xc0000005) at pc=0x00000197a1f88d8f, pid=13688, tid=5196
#
# JRE version: OpenJDK Runtime Environment Temurin-22.0.2+9 (22.0.2+9) (build 22.0.2+9)
# Java VM: OpenJDK 64-Bit Server VM Temurin-22.0.2+9 (22.0.2+9, mixed mode, emulated-client, tiered, compressed oops, compressed class ptrs, g1 gc, windows-amd64)
# Problematic frame:
# v  ~BufferBlob::MethodHandles adapters 0x00000197a1f88d8f
#
# No core dump will be written. Minidumps are not enabled by default on client versions of Windows
#
# If you would like to submit a bug report, please visit:
#   https://github.com/adoptium/adoptium-support/issues
#

---------------  S U M M A R Y ------------

Command Line: -XX:+ShowCodeDetailsInExceptionMessages -agentlib:jdwp=transport=dt_socket,suspend=y,address=localhost:56228 -Dcom.sun.management.jmxremote -Dcom.sun.management.jmxremote.port=56227 -Dcom.sun.management.jmxremote.authenticate=false -Dcom.sun.management.jmxremote.ssl=false -Djava.rmi.server.hostname=localhost -Dspring.jmx.enabled=true -Dmanagement.endpoints.jmx.exposure.include=* -Dspring.application.admin.enabled=true -XX:TieredStopAtLevel=1 -Dspring.boot.project.name=spw-04-balance-management -javaagent:C:\Users\hp\Development\eclipse2022_3\eclipse\configuration\org.eclipse.osgi\1498\0\.cp\lib\javaagent-shaded.jar -Dfile.encoding=UTF-8 -Dstdout.encoding=UTF-8 -Dstderr.encoding=UTF-8 com.jdc.online.balances.Spw04BalanceManagementApplication --spring.output.ansi.enabled=always

Host: Intel(R) Core(TM) i7-1065G7 CPU @ 1.30GHz, 8 cores, 15G,  Windows 11 , 64 bit Build 26100 (10.0.26100.3775)
Time: Thu Apr 17 04:04:43 2025 SE Asia Standard Time elapsed time: 65.568794 seconds (0d 0h 1m 5s)

---------------  T H R E A D  ---------------

Current thread (0x00000197b4f0b100):  JavaThread "http-nio-8080-exec-4" daemon [_thread_in_Java, id=5196, stack(0x00000043ee400000,0x00000043ee500000) (1024K)]

Stack: [0x00000043ee400000,0x00000043ee500000],  sp=0x00000043ee4fbfe8,  free space=1007k
Native frames: (J=compiled Java code, j=interpreted, Vv=VM code, C=native code)
C  0x00000197a1f88d8f  (no source info available)

The last pc belongs to _linkToVirtual (printed below).

siginfo: EXCEPTION_ACCESS_VIOLATION (0xc0000005), reading address 0xffffffffffffffff


Registers:
RAX=0x00000197a1f390e6, RBX=0x000000070797c060, RCX=0xfffffffffffffff7, RDX=0x0000000000000003
RSP=0x00000043ee4fbfe8, RBP=0x00000043ee4fc040, RSI=0x00000197ba6da138, RDI=0x00000197b3733260
R8 =0x0000000000000004, R9 =0x0000000000000004, R10=0x00007ffed1ef0cc0, R11=0x00000197ae3d2700
R12=0x0000000000000000, R13=0x00000043ee4fbfe8, R14=0x00000043ee4fc068, R15=0x00000197b4f0b100
RIP=0x00000197a1f88d8f, EFLAGS=0x0000000000010202


Register to memory mapping:

RAX=0x00000197a1f390e6 is at code_begin+3174 in an Interpreter codelet
return entry points  [0x00000197a1f38480, 0x00000197a1f3a388]  7944 bytes
RBX=0x000000070797c060 is an oop: org.springframework.security.authentication.event.AuthenticationSuccessEvent 
{0x000000070797c060} - klass: 'org/springframework/security/authentication/event/AuthenticationSuccessEvent'
 - ---- fields (total size 3 words):
 - protected transient 'source' 'Ljava/lang/Object;' @12  a 'org/springframework/security/authentication/UsernamePasswordAuthenticationToken'{0x000000070797bed8} (0xe0f2f7db)
 - private final 'timestamp' 'J' @16  1744837460267 (0x00000196406ac12b)
RCX=0xfffffffffffffff7 is an unknown value
RDX=0x0000000000000003 is an unknown value
RSP=0x00000043ee4fbfe8 is pointing into the stack for thread: 0x00000197b4f0b100
RBP=0x00000043ee4fc040 is pointing into the stack for thread: 0x00000197b4f0b100
RSI=0x00000197ba6da138 points into unknown readable memory: 0x800038000a0453ac | ac 53 04 0a 00 38 00 80
RDI=0x00000197b3733260 points into unknown readable memory: 0x0000002000000070 | 70 00 00 00 20 00 00 00
R8 =0x0000000000000004 is an unknown value
R9 =0x0000000000000004 is an unknown value
R10=0x00007ffed1ef0cc0 jvm.dll
R11={method} {0x00000197ae3d2708} 'invokeVirtual' '(Ljava/lang/Object;Ljava/lang/Object;Ljava/lang/Object;)V' in 'java/lang/invoke/DirectMethodHandle$Holder'
R12=0x0 is null
R13=0x00000043ee4fbfe8 is pointing into the stack for thread: 0x00000197b4f0b100
R14=0x00000043ee4fc068 is pointing into the stack for thread: 0x00000197b4f0b100
R15=0x00000197b4f0b100 is a thread

Top of Stack: (sp=0x00000043ee4fbfe8)
0x00000043ee4fbfe8:   00000197a1f390e6 0000000705867a20
0x00000043ee4fbff8:   fffffffffffffff7 00000197ae3d26f3
0x00000043ee4fc008:   0000000000000005 00000197ae3d77e8
0x00000043ee4fc018:   00000197a2528e64 00000007039bfae8
0x00000043ee4fc028:   00000197ae3d2700 fffffffffffffff5
0x00000043ee4fc038:   00000043ee4fc070 00000043ee4fc0d8
0x00000043ee4fc048:   00000197a1f390e6 000000070797d5c8
0x00000043ee4fc058:   000000070797c060 0000000705867a20
0x00000043ee4fc068:   000000070797d7a8 00000197a1f390e6
0x00000043ee4fc078:   000000070797c060 0000000705867a20
0x00000043ee4fc088:   000000070797d7a8 fffffffffffffff7
0x00000043ee4fc098:   00000197af8982d4 0000000000000009
0x00000043ee4fc0a8:   00000197af8984d8 0000000000000000
0x00000043ee4fc0b8:   0000000703c00b88 00000197af8982e8
0x00000043ee4fc0c8:   fffffffffffffff4 00000043ee4fc130
0x00000043ee4fc0d8:   00000043ee4fc3d8 00000197a2980202
0x00000043ee4fc0e8:   000000070797d7a8 000000070797c060
0x00000043ee4fc0f8:   000000070797d970 0000000705867a20
0x00000043ee4fc108:   000000070797daa0 000000070797c060
0x00000043ee4fc118:   0000000705867a20 000000070797db98
0x00000043ee4fc128:   00000197a297fa3c 00000007046775f8
0x00000043ee4fc138:   0000019700000001 00000007046775f8
0x00000043ee4fc148:   0000000703e7bfc8 00000007057aa9e0
0x00000043ee4fc158:   0000000000000000 00000043ee4fc3d8
0x00000043ee4fc168:   00000197a22fafb4 0000000000000000
0x00000043ee4fc178:   0000000000000000 00000043ee4fc0c0
0x00000043ee4fc188:   00000043ee4fc0c0 0000000000000000
0x00000043ee4fc198:   0000000000000c00 0000000000000000
0x00000043ee4fc1a8:   0000000000000000 0000000000000000
0x00000043ee4fc1b8:   0000000000000000 0000000000000000
0x00000043ee4fc1c8:   0000000000000000 0000000000000000
0x00000043ee4fc1d8:   0000000000000000 000000070797dbc8 

Instructions: (pc=0x00000197a1f88d8f)
0x00000197a1f88c8f:   00 88 bb c2 d1 fe 7f 00 00 00 8d f8 a1 97 01 00
0x00000197a1f88c9f:   00 80 9d f8 a1 97 01 00 00 00 8d f8 a1 97 01 00
0x00000197a1f88caf:   00 80 9d f8 a1 97 01 00 00 f0 8c f8 a1 97 01 00
0x00000197a1f88cbf:   00 f0 8c f8 a1 97 01 00 00 00 00 00 00 00 00 00
0x00000197a1f88ccf:   00 28 bc c2 d1 fe 7f 00 00 f0 10 00 00 60 00 00
0x00000197a1f88cdf:   00 ff ff ff ff f0 10 00 00 00 00 00 00 00 00 00
0x00000197a1f88cef:   00 00 00 00 00 00 00 00 00 00 00 00 00 00 00 00
0x00000197a1f88cff:   00 f4 66 66 66 0f 1f 84 00 00 00 00 00 66 66 66
0x00000197a1f88d0f:   90 66 66 66 0f 1f 84 00 00 00 00 00 66 66 66 90
0x00000197a1f88d1f:   90 48 8b 53 08 0f b7 52 2e 48 8b 0c d4 8b 59 14
0x00000197a1f88d2f:   48 c1 e3 03 8b 5b 28 48 c1 e3 03 8b 5b 24 48 c1
0x00000197a1f88d3f:   e3 03 48 8b 5b 10 48 85 db 0f 84 10 00 00 00 41
0x00000197a1f88d4f:   80 bf e8 05 00 00 00 74 03 ff 63 38 ff 63 50 e9
0x00000197a1f88d5f:   9d 72 fd ff 66 66 66 0f 1f 84 00 00 00 00 00 66
0x00000197a1f88d6f:   66 66 90 66 66 0f 1f 84 00 00 00 00 00 66 66 66
0x00000197a1f88d7f:   90 48 8b 53 08 0f b7 52 2e 48 8b 0c d4 58 5b 50
0x00000197a1f88d8f:   44 8b 51 08 4c 8b 5b 10 4b 8b 9c da c8 01 00 00
0x00000197a1f88d9f:   48 85 db 0f 84 10 00 00 00 41 80 bf e8 05 00 00
0x00000197a1f88daf:   00 74 03 ff 63 38 ff 63 50 e9 43 72 fd ff 66 66
0x00000197a1f88dbf:   90 58 5b 50 8b 5b 24 48 c1 e3 03 48 8b 5b 10 48
0x00000197a1f88dcf:   85 db 0f 84 10 00 00 00 41 80 bf e8 05 00 00 00
0x00000197a1f88ddf:   74 03 ff 63 38 ff 63 50 e9 14 72 fd ff 66 66 66
0x00000197a1f88def:   0f 1f 84 00 00 00 00 00 66 66 66 90 0f 1f 44 00
0x00000197a1f88dff:   00 48 8b 53 08 0f b7 52 2e 48 8b 0c d4 58 5b 50
0x00000197a1f88e0f:   48 3b 01 8b 5b 24 48 c1 e3 03 48 8b 5b 10 48 85
0x00000197a1f88e1f:   db 0f 84 10 00 00 00 41 80 bf e8 05 00 00 00 74
0x00000197a1f88e2f:   03 ff 63 38 ff 63 50 e9 c5 71 fd ff 0f 1f 44 00
0x00000197a1f88e3f:   00 48 8b 53 08 0f b7 52 2e 48 8b 0c d4 58 5b 50
0x00000197a1f88e4f:   44 8b 51 08 8b 43 18 48 c1 e0 03 48 8b 40 10 48
0x00000197a1f88e5f:   8b 5b 10 45 8b 9a a0 00 00 00 4f 8d 9c da c8 01
0x00000197a1f88e6f:   00 00 4d 8d 14 da 49 8b 1b 48 3b c3 74 15 48 85
0x00000197a1f88e7f:   db 0f 84 32 00 00 00 49 83 c3 10 49 8b 1b 48 3b 


Stack slot to memory mapping:

stack at sp + 0 slots: 0x00000197a1f390e6 is at code_begin+3174 in an Interpreter codelet
return entry points  [0x00000197a1f38480, 0x00000197a1f3a388]  7944 bytes
stack at sp + 1 slots: 0x0000000705867a20 is an oop: com.jdc.online.balances.utils.listeners.AuthenticationEventListener 
{0x0000000705867a20} - klass: 'com/jdc/online/balances/utils/listeners/AuthenticationEventListener'
 - ---- fields (total size 3 words):
 - private final 'service' 'Lcom/jdc/online/balances/service/AccessHistoryService;' @12  a 'com/jdc/online/balances/service/AccessHistoryService$$SpringCGLIB$$0'{0x00000007057f8630} (0xe0aff0c6)
 - private final 'activityService' 'Lcom/jdc/online/balances/service/MemberActivityService;' @16  a 'com/jdc/online/balances/service/MemberActivityService'{0x0000000705864658} (0xe0b0c8cb)
stack at sp + 2 slots: 0xfffffffffffffff7 is an unknown value
stack at sp + 3 slots: 0x00000197ae3d26f3 is pointing into metadata
stack at sp + 4 slots: 0x0000000000000005 is an unknown value
stack at sp + 5 slots: 0x00000197ae3d77e8 is pointing into metadata
stack at sp + 6 slots: 0x00000197a2528e64 is at entry_point+164 in (nmethod*)0x00000197a2528c10
Compiled method (c1) 65650 2170       1       java.lang.invoke.LambdaForm$MH/0x00000000a00c0800::invoke (25 bytes)
 total in heap  [0x00000197a2528c10,0x00000197a2529020] = 1040
 relocation     [0x00000197a2528d68,0x00000197a2528db0] = 72
 main code      [0x00000197a2528dc0,0x00000197a2528ed8] = 280
 stub code      [0x00000197a2528ed8,0x00000197a2528f30] = 88
 oops           [0x00000197a2528f30,0x00000197a2528f38] = 8
 metadata       [0x00000197a2528f38,0x00000197a2528f40] = 8
 scopes data    [0x00000197a2528f40,0x00000197a2528f90] = 80
 scopes pcs     [0x00000197a2528f90,0x00000197a2529000] = 112
 dependencies   [0x00000197a2529000,0x00000197a2529008] = 8
 nul chk table  [0x00000197a2529008,0x00000197a2529020] = 24
stack at sp + 7 slots: 0x00000007039bfae8 is an oop: java.lang.Class 
{0x00000007039bfae8} - klass: 'java/lang/Class'
 - ---- fields (total size 14 words):
 - private volatile transient 'classRedefinedCount' 'I' @12  0 (0x00000000)
 - injected 'klass' 'J' @16  2684564512 (0x00000000a0033420)
 - injected 'array_klass' 'J' @24  0 (0x0000000000000000)
 - injected 'oop_size' 'I' @32  14 (0x0000000e)
 - injected 'static_oop_field_count' 'I' @36  0 (0x00000000)
 - private volatile transient 'cachedConstructor' 'Ljava/lang/reflect/Constructor;' @40  null (0x00000000)
 - private transient 'name' 'Ljava/lang/String;' @44  null (0x00000000)
 - private transient 'module' 'Ljava/lang/Module;' @48  a 'java/lang/Module'{0x00000007039a36e8} (0xe07346dd)
 - private final 'classLoader' 'Ljava/lang/ClassLoader;' @52  null (0x00000000)
 - private transient 'classData' 'Ljava/lang/Object;' @56  null (0x00000000)
 - private transient 'packageName' 'Ljava/lang/String;' @60  null (0x00000000)
 - private final 'componentType' 'Ljava/lang/Class;' @64  null (0x00000000)
 - private volatile transient 'reflectionData' 'Ljava/lang/ref/SoftReference;' @68  null (0x00000000)
 - private volatile transient 'genericInfo' 'Lsun/reflect/generics/repository/ClassRepository;' @72  null (0x00000000)
 - private volatile transient 'enumConstants' '[Ljava/lang/Object;' @76  null (0x00000000)
 - private volatile transient 'enumConstantDirectory' 'Ljava/util/Map;' @80  null (0x00000000)
 - private volatile transient 'annotationData' 'Ljava/lang/Class$AnnotationData;' @84  null (0x00000000)
 - private volatile transient 'annotationType' 'Lsun/reflect/annotation/AnnotationType;' @88  null (0x00000000)
 - transient 'classValueMap' 'Ljava/lang/ClassValue$ClassValueMap;' @92  null (0x00000000)
 - injected 'protection_domain' 'Ljava/lang/Object;' @96  null (0x00000000)
 - injected 'signers_name' 'Ljava/lang/Object;' @100  null (0x00000000)
 - injected 'source_file' 'Ljava/lang/Object;' @104  null (0x00000000)
 - signature: Ljava/lang/invoke/DirectMethodHandle$Holder;
 - ---- static fields (0):

MethodHandle::interpreter_entry::_linkToVirtual [0x00000197a1f88d63, 0x00000197a1f88dbd] (90 bytes)
[MachCode]
  0x00000197a1f88d63: 6666 660f | 1f84 0000 | 0000 0066 | 6666 9066 | 660f 1f84 | 0000 0000 | 0066 6666 | 9048 8b53 
  0x00000197a1f88d83: 080f b752 | 2e48 8b0c | d458 5b50 | 448b 5108 | 4c8b 5b10 | 4b8b 9cda | c801 0000 | 4885 db0f 
  0x00000197a1f88da3: 8410 0000 | 0041 80bf | e805 0000 | 0074 03ff | 6338 ff63 | 50e9 4372 | 
[/MachCode]

---------------  P R O C E S S  ---------------

Threads class SMR info:
_java_thread_list=0x00000197b36062a0, length=47, elements={
0x00000197ad346f30, 0x00000197ad34adb0, 0x00000197ad360450, 0x00000197ad369df0,
0x00000197ad36b3c0, 0x00000197ad357380, 0x00000197ad354250, 0x00000197aa9a8d30,
0x00000197ad5d9120, 0x00000197ad606210, 0x00000197ad6068a0, 0x00000197b251b450,
0x00000197b2721620, 0x00000197b27969d0, 0x00000197b27cd100, 0x00000197b2c8d930,
0x00000197b2c661e0, 0x00000197b27a0a90, 0x00000197b2ca7a50, 0x00000197b2ca6d30,
0x00000197b2ca80e0, 0x00000197b2ca73c0, 0x00000197b2ca8770, 0x00000197b2ca8e00,
0x00000197b2ca9b20, 0x00000197b4f09030, 0x00000197b4f08310, 0x00000197b4f0a3e0,
0x00000197b4f089a0, 0x00000197b4f09d50, 0x00000197b4f0aa70, 0x00000197b4f0b100,
0x00000197b4f096c0, 0x00000197ba2e8500, 0x00000197ba2e5da0, 0x00000197ba2e6430,
0x00000197ba2e5710, 0x00000197ba2e7e70, 0x00000197ba2e5080, 0x00000197ba2e8b90,
0x00000197ba2e9f40, 0x00000197ba2e98b0, 0x00000197ba2e7150, 0x00000197ba2ea5d0,
0x00000197ba2eac60, 0x00000197ba2e77e0, 0x00000197ba2eb2f0
}

Java Threads: ( => current thread )
  0x00000197ad346f30 JavaThread "Reference Handler"          daemon [_thread_blocked, id=18944, stack(0x00000043eb700000,0x00000043eb800000) (1024K)]
  0x00000197ad34adb0 JavaThread "Finalizer"                  daemon [_thread_blocked, id=19108, stack(0x00000043eb800000,0x00000043eb900000) (1024K)]
  0x00000197ad360450 JavaThread "Signal Dispatcher"          daemon [_thread_blocked, id=19100, stack(0x00000043eb900000,0x00000043eba00000) (1024K)]
  0x00000197ad369df0 JavaThread "Attach Listener"            daemon [_thread_blocked, id=19648, stack(0x00000043eba00000,0x00000043ebb00000) (1024K)]
  0x00000197ad36b3c0 JavaThread "Service Thread"             daemon [_thread_blocked, id=18224, stack(0x00000043ebb00000,0x00000043ebc00000) (1024K)]
  0x00000197ad357380 JavaThread "Monitor Deflation Thread"   daemon [_thread_blocked, id=20068, stack(0x00000043ebc00000,0x00000043ebd00000) (1024K)]
  0x00000197ad354250 JavaThread "C1 CompilerThread0"         daemon [_thread_blocked, id=2616, stack(0x00000043ebd00000,0x00000043ebe00000) (1024K)]
  0x00000197aa9a8d30 JavaThread "Common-Cleaner"             daemon [_thread_blocked, id=10224, stack(0x00000043ebe00000,0x00000043ebf00000) (1024K)]
  0x00000197ad5d9120 JavaThread "JDWP Transport Listener: dt_socket" daemon [_thread_blocked, id=6880, stack(0x00000043ec100000,0x00000043ec200000) (1024K)]
  0x00000197ad606210 JavaThread "JDWP Event Helper Thread"   daemon [_thread_blocked, id=13292, stack(0x00000043ec200000,0x00000043ec300000) (1024K)]
  0x00000197ad6068a0 JavaThread "JDWP Command Reader"        daemon [_thread_in_native, id=16108, stack(0x00000043ec300000,0x00000043ec400000) (1024K)]
  0x00000197b251b450 JavaThread "Notification Thread"        daemon [_thread_blocked, id=720, stack(0x00000043ec400000,0x00000043ec500000) (1024K)]
  0x00000197b2721620 JavaThread "RMI TCP Accept-0"           daemon [_thread_in_native, id=15120, stack(0x00000043ec500000,0x00000043ec600000) (1024K)]
  0x00000197b27969d0 JavaThread "RMI TCP Accept-56227"       daemon [_thread_in_native, id=19384, stack(0x00000043ecd00000,0x00000043ece00000) (1024K)]
  0x00000197b27cd100 JavaThread "RMI TCP Accept-0"           daemon [_thread_in_native, id=15904, stack(0x00000043ece00000,0x00000043ecf00000) (1024K)]
  0x00000197b2c8d930 JavaThread "RMI TCP Connection(idle)"   daemon [_thread_blocked, id=3568, stack(0x00000043ecf00000,0x00000043ed000000) (1024K)]
  0x00000197b2c661e0 JavaThread "RMI Scheduler(0)"           daemon [_thread_blocked, id=1032, stack(0x00000043ed000000,0x00000043ed100000) (1024K)]
  0x00000197b27a0a90 JavaThread "RMI TCP Connection(idle)"   daemon [_thread_blocked, id=7096, stack(0x00000043ed100000,0x00000043ed200000) (1024K)]
  0x00000197b2ca7a50 JavaThread "JMX server connection timeout 41" daemon [_thread_blocked, id=17568, stack(0x00000043ed400000,0x00000043ed500000) (1024K)]
  0x00000197b2ca6d30 JavaThread "Catalina-utility-1"                [_thread_blocked, id=4944, stack(0x00000043ed600000,0x00000043ed700000) (1024K)]
  0x00000197b2ca80e0 JavaThread "Catalina-utility-2"                [_thread_blocked, id=16856, stack(0x00000043ed800000,0x00000043ed900000) (1024K)]
  0x00000197b2ca73c0 JavaThread "container-0"                       [_thread_blocked, id=5116, stack(0x00000043ed900000,0x00000043eda00000) (1024K)]
  0x00000197b2ca8770 JavaThread "MVStore background writer D:/Java(JDC)/spring/pratical/spw-04-balance-management/database/balance.mv.db" daemon [_thread_blocked, id=13812, stack(0x00000043eda00000,0x00000043edb00000) (1024K)]
  0x00000197b2ca8e00 JavaThread "HikariPool-1 housekeeper"   daemon [_thread_blocked, id=19152, stack(0x00000043edb00000,0x00000043edc00000) (1024K)]
  0x00000197b2ca9b20 JavaThread "H2-serialization"           daemon [_thread_blocked, id=6552, stack(0x00000043edd00000,0x00000043ede00000) (1024K)]
  0x00000197b4f09030 JavaThread "H2-save"                    daemon [_thread_blocked, id=19932, stack(0x00000043ede00000,0x00000043edf00000) (1024K)]
  0x00000197b4f08310 JavaThread "File Watcher"               daemon [_thread_blocked, id=16712, stack(0x00000043edf00000,0x00000043ee000000) (1024K)]
  0x00000197b4f0a3e0 JavaThread "Live Reload Server"         daemon [_thread_in_native, id=19064, stack(0x00000043ee100000,0x00000043ee200000) (1024K)]
  0x00000197b4f089a0 JavaThread "http-nio-8080-exec-1"       daemon [_thread_blocked, id=16920, stack(0x00000043ee000000,0x00000043ee100000) (1024K)]
  0x00000197b4f09d50 JavaThread "http-nio-8080-exec-2"       daemon [_thread_blocked, id=4356, stack(0x00000043ee200000,0x00000043ee300000) (1024K)]
  0x00000197b4f0aa70 JavaThread "http-nio-8080-exec-3"       daemon [_thread_blocked, id=14644, stack(0x00000043ee300000,0x00000043ee400000) (1024K)]
=>0x00000197b4f0b100 JavaThread "http-nio-8080-exec-4"       daemon [_thread_in_Java, id=5196, stack(0x00000043ee400000,0x00000043ee500000) (1024K)]
  0x00000197b4f096c0 JavaThread "http-nio-8080-exec-5"       daemon [_thread_blocked, id=1564, stack(0x00000043ee500000,0x00000043ee600000) (1024K)]
  0x00000197ba2e8500 JavaThread "http-nio-8080-exec-6"       daemon [_thread_blocked, id=17512, stack(0x00000043ee600000,0x00000043ee700000) (1024K)]
  0x00000197ba2e5da0 JavaThread "http-nio-8080-exec-7"       daemon [_thread_blocked, id=17668, stack(0x00000043ee700000,0x00000043ee800000) (1024K)]
  0x00000197ba2e6430 JavaThread "http-nio-8080-exec-8"       daemon [_thread_blocked, id=1368, stack(0x00000043ee800000,0x00000043ee900000) (1024K)]
  0x00000197ba2e5710 JavaThread "http-nio-8080-exec-9"       daemon [_thread_blocked, id=18088, stack(0x00000043ee900000,0x00000043eea00000) (1024K)]
  0x00000197ba2e7e70 JavaThread "http-nio-8080-exec-10"      daemon [_thread_blocked, id=8632, stack(0x00000043eea00000,0x00000043eeb00000) (1024K)]
  0x00000197ba2e5080 JavaThread "http-nio-8080-Poller"       daemon [_thread_in_native, id=14636, stack(0x00000043eeb00000,0x00000043eec00000) (1024K)]
  0x00000197ba2e8b90 JavaThread "http-nio-8080-Acceptor"     daemon [_thread_in_native, id=17264, stack(0x00000043eec00000,0x00000043eed00000) (1024K)]
  0x00000197ba2e9f40 JavaThread "DestroyJavaVM"                     [_thread_blocked, id=18456, stack(0x00000043eaf00000,0x00000043eb000000) (1024K)]
  0x00000197ba2e98b0 JavaThread "RMI TCP Connection(idle)"   daemon [_thread_blocked, id=4436, stack(0x00000043ed300000,0x00000043ed400000) (1024K)]
  0x00000197ba2e7150 JavaThread "RMI TCP Connection(idle)"   daemon [_thread_blocked, id=8712, stack(0x00000043eee00000,0x00000043eef00000) (1024K)]
  0x00000197ba2ea5d0 JavaThread "RMI TCP Connection(idle)"   daemon [_thread_blocked, id=10164, stack(0x00000043eef00000,0x00000043ef000000) (1024K)]
  0x00000197ba2eac60 JavaThread "RMI TCP Connection(idle)"   daemon [_thread_blocked, id=2264, stack(0x00000043ef000000,0x00000043ef100000) (1024K)]
  0x00000197ba2e77e0 JavaThread "RMI TCP Connection(9)-127.0.0.1" daemon [_thread_in_native, id=19628, stack(0x00000043ef100000,0x00000043ef200000) (1024K)]
  0x00000197ba2eb2f0 JavaThread "RMI TCP Connection(idle)"   daemon [_thread_blocked, id=7556, stack(0x00000043ef300000,0x00000043ef400000) (1024K)]
Total: 47

Other Threads:
  0x00000197ad28b050 VMThread "VM Thread"                           [id=17748, stack(0x00000043eb600000,0x00000043eb700000) (1024K)]
  0x00000197aa9a7940 WatcherThread "VM Periodic Task Thread"        [id=13012, stack(0x00000043eb500000,0x00000043eb600000) (1024K)]
  0x000001979e456450 WorkerThread "GC Thread#0"                     [id=19360, stack(0x00000043eb000000,0x00000043eb100000) (1024K)]
  0x00000197b2764080 WorkerThread "GC Thread#1"                     [id=18388, stack(0x00000043ec600000,0x00000043ec700000) (1024K)]
  0x00000197b276c440 WorkerThread "GC Thread#2"                     [id=18176, stack(0x00000043ec700000,0x00000043ec800000) (1024K)]
  0x00000197b276e800 WorkerThread "GC Thread#3"                     [id=20384, stack(0x00000043ec800000,0x00000043ec900000) (1024K)]
  0x00000197b276ebb0 WorkerThread "GC Thread#4"                     [id=16532, stack(0x00000043ec900000,0x00000043eca00000) (1024K)]
  0x00000197b276ef60 WorkerThread "GC Thread#5"                     [id=3052, stack(0x00000043eca00000,0x00000043ecb00000) (1024K)]
  0x00000197b27b7000 WorkerThread "GC Thread#6"                     [id=17824, stack(0x00000043ecb00000,0x00000043ecc00000) (1024K)]
  0x00000197b27b73b0 WorkerThread "GC Thread#7"                     [id=19488, stack(0x00000043ecc00000,0x00000043ecd00000) (1024K)]
  0x000001979e464770 ConcurrentGCThread "G1 Main Marker"            [id=18068, stack(0x00000043eb100000,0x00000043eb200000) (1024K)]
  0x00000197aa813120 WorkerThread "G1 Conc#0"                       [id=18424, stack(0x00000043eb200000,0x00000043eb300000) (1024K)]
  0x00000197b2dcb070 WorkerThread "G1 Conc#1"                       [id=12684, stack(0x00000043ed500000,0x00000043ed600000) (1024K)]
  0x00000197aa8784b0 ConcurrentGCThread "G1 Refine#0"               [id=6972, stack(0x00000043eb300000,0x00000043eb400000) (1024K)]
  0x00000197aa878ce0 ConcurrentGCThread "G1 Service"                [id=10176, stack(0x00000043eb400000,0x00000043eb500000) (1024K)]
Total: 15

Threads with active compile tasks:
Total: 0

VM state: not at safepoint (normal execution)

VM Mutex/Monitor currently owned by a thread: None

Heap address: 0x0000000703600000, size: 4042 MB, Compressed Oops mode: Zero based, Oop shift amount: 3

CDS archive(s) not mapped
Compressed class space mapped at: 0x00000000a0000000-0x00000000e0000000, reserved size: 1073741824
Narrow klass base: 0x0000000000000000, Narrow klass shift: 0, Narrow klass range: 0xe0000000

GC Precious Log:
 CardTable entry size: 512
 Card Set container configuration: InlinePtr #cards 4 size 8 Array Of Cards #cards 16 size 48 Howl #buckets 8 coarsen threshold 3686 Howl Bitmap #cards 512 size 80 coarsen threshold 460 Card regions per heap region 1 cards per card region 4096
 CPUs: 8 total, 8 available
 Memory: 16161M
 Large Page Support: Disabled
 NUMA Support: Disabled
 Compressed Oops: Enabled (Zero based)
 Heap Region Size: 2M
 Heap Min Capacity: 8M
 Heap Initial Capacity: 254M
 Heap Max Capacity: 4042M
 Pre-touch: Disabled
 Parallel Workers: 8
 Concurrent Workers: 2
 Concurrent Refinement Workers: 8
 Periodic GC: Disabled

Heap:
 garbage-first heap   total reserved 4139008K, committed 122880K, used 104066K [0x0000000703600000, 0x0000000800000000)
  region size 2048K, 33 young (67584K), 3 survivors (6144K)
 Metaspace       used 98815K, committed 99776K, reserved 1179648K
  class space    used 13465K, committed 13888K, reserved 1048576K

Heap Regions: E=young(eden), S=young(survivor), O=old, HS=humongous(starts), HC=humongous(continues), CS=collection set, F=free, TAMS=top-at-mark-start, PB=parsable bottom
|   0|0x0000000703600000, 0x0000000703800000, 0x0000000703800000|100%| O|  |TAMS 0x0000000703600000| PB 0x0000000703600000| Untracked |  0
|   1|0x0000000703800000, 0x0000000703a00000, 0x0000000703a00000|100%| O|  |TAMS 0x0000000703800000| PB 0x0000000703800000| Untracked |  0
|   2|0x0000000703a00000, 0x0000000703c00000, 0x0000000703c00000|100%| O|  |TAMS 0x0000000703a00000| PB 0x0000000703a00000| Untracked |  0
|   3|0x0000000703c00000, 0x0000000703e00000, 0x0000000703e00000|100%| O|  |TAMS 0x0000000703c00000| PB 0x0000000703c00000| Untracked |  0
|   4|0x0000000703e00000, 0x0000000704000000, 0x0000000704000000|100%| O|  |TAMS 0x0000000703e00000| PB 0x0000000703e00000| Untracked |  0
|   5|0x0000000704000000, 0x0000000704200000, 0x0000000704200000|100%| O|  |TAMS 0x0000000704000000| PB 0x0000000704000000| Untracked |  0
|   6|0x0000000704200000, 0x0000000704400000, 0x0000000704400000|100%| O|  |TAMS 0x0000000704200000| PB 0x0000000704200000| Untracked |  0
|   7|0x0000000704400000, 0x0000000704600000, 0x0000000704600000|100%| O|Cm|TAMS 0x0000000704400000| PB 0x0000000704400000| Complete |  0
|   8|0x0000000704600000, 0x0000000704800000, 0x0000000704800000|100%| O|  |TAMS 0x0000000704600000| PB 0x0000000704600000| Untracked |  0
|   9|0x0000000704800000, 0x0000000704a00000, 0x0000000704a00000|100%| O|  |TAMS 0x0000000704800000| PB 0x0000000704800000| Untracked |  0
|  10|0x0000000704a00000, 0x0000000704c00000, 0x0000000704c00000|100%| O|  |TAMS 0x0000000704a00000| PB 0x0000000704a00000| Untracked |  0
|  11|0x0000000704c00000, 0x0000000704e00000, 0x0000000704e00000|100%| O|  |TAMS 0x0000000704c00000| PB 0x0000000704c00000| Untracked |  0
|  12|0x0000000704e00000, 0x0000000705000000, 0x0000000705000000|100%|HS|  |TAMS 0x0000000704e00000| PB 0x0000000704e00000| Complete |  0
|  13|0x0000000705000000, 0x0000000705200000, 0x0000000705200000|100%| O|  |TAMS 0x0000000705000000| PB 0x0000000705000000| Untracked |  0
|  14|0x0000000705200000, 0x0000000705400000, 0x0000000705400000|100%| O|  |TAMS 0x0000000705200000| PB 0x0000000705200000| Untracked |  0
|  15|0x0000000705400000, 0x0000000705600000, 0x0000000705600000|100%| O|  |TAMS 0x0000000705400000| PB 0x0000000705400000| Untracked |  0
|  16|0x0000000705600000, 0x0000000705800000, 0x0000000705800000|100%| O|  |TAMS 0x0000000705600000| PB 0x0000000705600000| Untracked |  0
|  17|0x0000000705800000, 0x0000000705a00000, 0x0000000705a00000|100%| O|  |TAMS 0x0000000705800000| PB 0x0000000705800000| Untracked |  0
|  18|0x0000000705a00000, 0x0000000705c00000, 0x0000000705c00000|100%| O|  |TAMS 0x0000000705a00000| PB 0x0000000705a00000| Untracked |  0
|  19|0x0000000705c00000, 0x0000000705c00000, 0x0000000705e00000|  0%| F|  |TAMS 0x0000000705c00000| PB 0x0000000705c00000| Untracked |  0
|  20|0x0000000705e00000, 0x0000000705e00000, 0x0000000706000000|  0%| F|  |TAMS 0x0000000705e00000| PB 0x0000000705e00000| Untracked |  0
|  21|0x0000000706000000, 0x0000000706000000, 0x0000000706200000|  0%| F|  |TAMS 0x0000000706000000| PB 0x0000000706000000| Untracked |  0
|  22|0x0000000706200000, 0x0000000706200000, 0x0000000706400000|  0%| F|  |TAMS 0x0000000706200000| PB 0x0000000706200000| Untracked |  0
|  23|0x0000000706400000, 0x0000000706400000, 0x0000000706600000|  0%| F|  |TAMS 0x0000000706400000| PB 0x0000000706400000| Untracked |  0
|  24|0x0000000706600000, 0x0000000706681ec0, 0x0000000706800000| 25%| O|  |TAMS 0x0000000706600000| PB 0x0000000706600000| Untracked |  0
|  25|0x0000000706800000, 0x0000000706800000, 0x0000000706a00000|  0%| F|  |TAMS 0x0000000706800000| PB 0x0000000706800000| Untracked |  0
|  26|0x0000000706a00000, 0x0000000706a00000, 0x0000000706c00000|  0%| F|  |TAMS 0x0000000706a00000| PB 0x0000000706a00000| Untracked |  0
|  27|0x0000000706c00000, 0x0000000706d440c0, 0x0000000706e00000| 63%| E|  |TAMS 0x0000000706c00000| PB 0x0000000706c00000| Complete |  0
|  28|0x0000000706e00000, 0x0000000707000000, 0x0000000707000000|100%| E|CS|TAMS 0x0000000706e00000| PB 0x0000000706e00000| Complete |  0
|  29|0x0000000707000000, 0x0000000707200000, 0x0000000707200000|100%| E|CS|TAMS 0x0000000707000000| PB 0x0000000707000000| Complete |  0
|  30|0x0000000707200000, 0x000000070731ec20, 0x0000000707400000| 56%| S|CS|TAMS 0x0000000707200000| PB 0x0000000707200000| Complete |  0
|  31|0x0000000707400000, 0x0000000707600000, 0x0000000707600000|100%| S|CS|TAMS 0x0000000707400000| PB 0x0000000707400000| Complete |  0
|  32|0x0000000707600000, 0x0000000707800000, 0x0000000707800000|100%| S|CS|TAMS 0x0000000707600000| PB 0x0000000707600000| Complete |  0
|  33|0x0000000707800000, 0x0000000707a00000, 0x0000000707a00000|100%| E|CS|TAMS 0x0000000707800000| PB 0x0000000707800000| Complete |  0
|  34|0x0000000707a00000, 0x0000000707c00000, 0x0000000707c00000|100%| E|CS|TAMS 0x0000000707a00000| PB 0x0000000707a00000| Complete |  0
|  35|0x0000000707c00000, 0x0000000707e00000, 0x0000000707e00000|100%| E|CS|TAMS 0x0000000707c00000| PB 0x0000000707c00000| Complete |  0
|  36|0x0000000707e00000, 0x0000000708000000, 0x0000000708000000|100%| E|CS|TAMS 0x0000000707e00000| PB 0x0000000707e00000| Complete |  0
|  37|0x0000000708000000, 0x0000000708200000, 0x0000000708200000|100%| E|CS|TAMS 0x0000000708000000| PB 0x0000000708000000| Complete |  0
|  38|0x0000000708200000, 0x0000000708400000, 0x0000000708400000|100%| E|CS|TAMS 0x0000000708200000| PB 0x0000000708200000| Complete |  0
|  39|0x0000000708400000, 0x0000000708600000, 0x0000000708600000|100%| E|CS|TAMS 0x0000000708400000| PB 0x0000000708400000| Complete |  0
|  40|0x0000000708600000, 0x0000000708800000, 0x0000000708800000|100%| E|CS|TAMS 0x0000000708600000| PB 0x0000000708600000| Complete |  0
|  41|0x0000000708800000, 0x0000000708a00000, 0x0000000708a00000|100%| E|CS|TAMS 0x0000000708800000| PB 0x0000000708800000| Complete |  0
|  42|0x0000000708a00000, 0x0000000708c00000, 0x0000000708c00000|100%| E|CS|TAMS 0x0000000708a00000| PB 0x0000000708a00000| Complete |  0
|  43|0x0000000708c00000, 0x0000000708e00000, 0x0000000708e00000|100%| E|CS|TAMS 0x0000000708c00000| PB 0x0000000708c00000| Complete |  0
|  44|0x0000000708e00000, 0x0000000709000000, 0x0000000709000000|100%| E|CS|TAMS 0x0000000708e00000| PB 0x0000000708e00000| Complete |  0
|  45|0x0000000709000000, 0x0000000709200000, 0x0000000709200000|100%| E|CS|TAMS 0x0000000709000000| PB 0x0000000709000000| Complete |  0
|  46|0x0000000709200000, 0x0000000709400000, 0x0000000709400000|100%| E|CS|TAMS 0x0000000709200000| PB 0x0000000709200000| Complete |  0
|  47|0x0000000709400000, 0x0000000709600000, 0x0000000709600000|100%| E|CS|TAMS 0x0000000709400000| PB 0x0000000709400000| Complete |  0
|  48|0x0000000709600000, 0x0000000709800000, 0x0000000709800000|100%| E|CS|TAMS 0x0000000709600000| PB 0x0000000709600000| Complete |  0
|  49|0x0000000709800000, 0x0000000709a00000, 0x0000000709a00000|100%| E|CS|TAMS 0x0000000709800000| PB 0x0000000709800000| Complete |  0
|  50|0x0000000709a00000, 0x0000000709c00000, 0x0000000709c00000|100%| E|CS|TAMS 0x0000000709a00000| PB 0x0000000709a00000| Complete |  0
|  51|0x0000000709c00000, 0x0000000709e00000, 0x0000000709e00000|100%| E|CS|TAMS 0x0000000709c00000| PB 0x0000000709c00000| Complete |  0
|  52|0x0000000709e00000, 0x000000070a000000, 0x000000070a000000|100%| E|CS|TAMS 0x0000000709e00000| PB 0x0000000709e00000| Complete |  0
|  53|0x000000070a000000, 0x000000070a200000, 0x000000070a200000|100%| E|CS|TAMS 0x000000070a000000| PB 0x000000070a000000| Complete |  0
|  54|0x000000070a200000, 0x000000070a400000, 0x000000070a400000|100%| E|CS|TAMS 0x000000070a200000| PB 0x000000070a200000| Complete |  0
|  55|0x000000070a400000, 0x000000070a600000, 0x000000070a600000|100%| E|CS|TAMS 0x000000070a400000| PB 0x000000070a400000| Complete |  0
|  56|0x000000070a600000, 0x000000070a800000, 0x000000070a800000|100%| E|CS|TAMS 0x000000070a600000| PB 0x000000070a600000| Complete |  0
|  57|0x000000070a800000, 0x000000070aa00000, 0x000000070aa00000|100%| E|CS|TAMS 0x000000070a800000| PB 0x000000070a800000| Complete |  0
|  58|0x000000070aa00000, 0x000000070ac00000, 0x000000070ac00000|100%| E|CS|TAMS 0x000000070aa00000| PB 0x000000070aa00000| Complete |  0
| 126|0x0000000713200000, 0x0000000713400000, 0x0000000713400000|100%| E|CS|TAMS 0x0000000713200000| PB 0x0000000713200000| Complete |  0

Card table byte_map: [0x00000197a6020000,0x00000197a6810000] _byte_map_base: 0x00000197a2805000

Marking Bits: (CMBitMap*) 0x000001979e456a70
 Bits: [0x00000197a6810000, 0x00000197aa738000)

Polling page: 0x000001979e4a0000

Metaspace:

Usage:
  Non-class:     83.35 MB used.
      Class:     13.15 MB used.
       Both:     96.50 MB used.

Virtual space:
  Non-class space:      128.00 MB reserved,      83.88 MB ( 66%) committed,  2 nodes.
      Class space:        1.00 GB reserved,      13.56 MB (  1%) committed,  1 nodes.
             Both:        1.12 GB reserved,      97.44 MB (  8%) committed. 

Chunk freelists:
   Non-Class:  11.23 MB
       Class:  2.29 MB
        Both:  13.52 MB

MaxMetaspaceSize: unlimited
CompressedClassSpaceSize: 1.00 GB
Initial GC threshold: 21.00 MB
Current GC threshold: 159.62 MB
CDS: off
 - commit_granule_bytes: 65536.
 - commit_granule_words: 8192.
 - virtual_space_node_default_size: 8388608.
 - enlarge_chunks_in_place: 1.
 - use_allocation_guard: 0.


Internal statistics:

num_allocs_failed_limit: 9.
num_arena_births: 1342.
num_arena_deaths: 0.
num_vsnodes_births: 3.
num_vsnodes_deaths: 0.
num_space_committed: 1559.
num_space_uncommitted: 0.
num_chunks_returned_to_freelist: 9.
num_chunks_taken_from_freelist: 4536.
num_chunk_merges: 9.
num_chunk_splits: 3305.
num_chunks_enlarged: 2606.
num_inconsistent_stats: 0.

CodeCache: size=49152Kb used=16900Kb max_used=18504Kb free=32251Kb
 bounds [0x00000197a1f30000, 0x00000197a3150000, 0x00000197a4f30000]
 total_blobs=9470 nmethods=8651 adapters=742
 compilation: enabled
              stopped_count=0, restarted_count=0
 full_count=0

Compilation events (20 events):
Event: 57.968 Thread 0x00000197ad354250 9144       1       java.util.concurrent.ThreadPoolExecutor::isShutdown (12 bytes)
Event: 57.969 Thread 0x00000197ad354250 nmethod 9144 0x00000197a21ad990 code [0x00000197a21adb20, 0x00000197a21adc08]
Event: 59.561 Thread 0x00000197ad354250 9146       1       org.apache.tomcat.util.net.NioEndpoint$NioSocketWrapper::interestOps (5 bytes)
Event: 59.561 Thread 0x00000197ad354250 nmethod 9146 0x00000197a21ad290 code [0x00000197a21ad420, 0x00000197a21ad4e8]
Event: 61.072 Thread 0x00000197ad354250 9147       1       java.io.FilterOutputStream::<init> (21 bytes)
Event: 61.072 Thread 0x00000197ad354250 nmethod 9147 0x00000197a21ace90 code [0x00000197a21ad020, 0x00000197a21ad1e0]
Event: 61.072 Thread 0x00000197ad354250 9148       1       sun.nio.ch.NativeThread::current (15 bytes)
Event: 61.072 Thread 0x00000197ad354250 nmethod 9148 0x00000197a21acb10 code [0x00000197a21acca0, 0x00000197a21acdc8]
Event: 61.072 Thread 0x00000197ad354250 9149       1       sun.nio.ch.SocketDispatcher::read (8 bytes)
Event: 61.072 Thread 0x00000197ad354250 nmethod 9149 0x00000197a21ac810 code [0x00000197a21ac9a0, 0x00000197a21aca98]
Event: 63.296 Thread 0x00000197ad354250 9150       1       org.apache.catalina.LifecycleEvent::getType (5 bytes)
Event: 63.296 Thread 0x00000197ad354250 nmethod 9150 0x00000197a21ac510 code [0x00000197a21ac6a0, 0x00000197a21ac770]
Event: 63.824 Thread 0x00000197ad354250 9151       1       jdk.internal.event.ThreadSleepEvent::isEnabled (2 bytes)
Event: 63.824 Thread 0x00000197ad354250 nmethod 9151 0x00000197a21ac210 code [0x00000197a21ac3a0, 0x00000197a21ac468]
Event: 63.968 Thread 0x00000197ad354250 9153       1       java.util.concurrent.locks.AbstractQueuedSynchronizer$ConditionNode::isReleasable (23 bytes)
Event: 63.968 Thread 0x00000197ad354250 nmethod 9153 0x00000197a21abe90 code [0x00000197a21ac020, 0x00000197a21ac120]
Event: 63.968 Thread 0x00000197ad354250 9152       1       java.util.concurrent.ScheduledThreadPoolExecutor::canRunInCurrentRunState (61 bytes)
Event: 63.968 Thread 0x00000197ad354250 nmethod 9152 0x00000197a21ab890 code [0x00000197a21aba40, 0x00000197a21abcf0]
Event: 64.147 Thread 0x00000197ad354250 9154       1       java.util.concurrent.ThreadPoolExecutor::workerCountOf (5 bytes)
Event: 64.147 Thread 0x00000197ad354250 nmethod 9154 0x00000197a21ab590 code [0x00000197a21ab720, 0x00000197a21ab7d0]

GC Heap History (20 events):
Event: 3.701 GC heap before
{Heap before GC invocations=13 (full 0):
 garbage-first heap   total reserved 4139008K, committed 161792K, used 109743K [0x0000000703600000, 0x0000000800000000)
  region size 2048K, 47 young (96256K), 5 survivors (10240K)
 Metaspace       used 51662K, committed 52288K, reserved 1114112K
  class space    used 6745K, committed 7040K, reserved 1048576K
}
Event: 3.707 GC heap after
{Heap after GC invocations=14 (full 0):
 garbage-first heap   total reserved 4139008K, committed 161792K, used 25084K [0x0000000703600000, 0x0000000800000000)
  region size 2048K, 4 young (8192K), 4 survivors (8192K)
 Metaspace       used 51662K, committed 52288K, reserved 1114112K
  class space    used 6745K, committed 7040K, reserved 1048576K
}
Event: 4.155 GC heap before
{Heap before GC invocations=14 (full 0):
 garbage-first heap   total reserved 4139008K, committed 161792K, used 104956K [0x0000000703600000, 0x0000000800000000)
  region size 2048K, 44 young (90112K), 4 survivors (8192K)
 Metaspace       used 59644K, committed 60288K, reserved 1114112K
  class space    used 7768K, committed 8064K, reserved 1048576K
}
Event: 4.162 GC heap after
{Heap after GC invocations=15 (full 0):
 garbage-first heap   total reserved 4139008K, committed 161792K, used 27069K [0x0000000703600000, 0x0000000800000000)
  region size 2048K, 3 young (6144K), 3 survivors (6144K)
 Metaspace       used 59644K, committed 60288K, reserved 1114112K
  class space    used 7768K, committed 8064K, reserved 1048576K
}
Event: 4.563 GC heap before
{Heap before GC invocations=16 (full 0):
 garbage-first heap   total reserved 4139008K, committed 102400K, used 84413K [0x0000000703600000, 0x0000000800000000)
  region size 2048K, 30 young (61440K), 3 survivors (6144K)
 Metaspace       used 64084K, committed 64832K, reserved 1114112K
  class space    used 8374K, committed 8704K, reserved 1048576K
}
Event: 4.567 GC heap after
{Heap after GC invocations=17 (full 0):
 garbage-first heap   total reserved 4139008K, committed 102400K, used 30251K [0x0000000703600000, 0x0000000800000000)
  region size 2048K, 3 young (6144K), 3 survivors (6144K)
 Metaspace       used 64084K, committed 64832K, reserved 1114112K
  class space    used 8374K, committed 8704K, reserved 1048576K
}
Event: 4.898 GC heap before
{Heap before GC invocations=17 (full 0):
 garbage-first heap   total reserved 4139008K, committed 102400K, used 85547K [0x0000000703600000, 0x0000000800000000)
  region size 2048K, 30 young (61440K), 3 survivors (6144K)
 Metaspace       used 69716K, committed 70400K, reserved 1114112K
  class space    used 9360K, committed 9664K, reserved 1048576K
}
Event: 4.903 GC heap after
{Heap after GC invocations=18 (full 0):
 garbage-first heap   total reserved 4139008K, committed 102400K, used 30803K [0x0000000703600000, 0x0000000800000000)
  region size 2048K, 3 young (6144K), 3 survivors (6144K)
 Metaspace       used 69716K, committed 70400K, reserved 1114112K
  class space    used 9360K, committed 9664K, reserved 1048576K
}
Event: 5.284 GC heap before
{Heap before GC invocations=18 (full 0):
 garbage-first heap   total reserved 4139008K, committed 102400K, used 86099K [0x0000000703600000, 0x0000000800000000)
  region size 2048K, 30 young (61440K), 3 survivors (6144K)
 Metaspace       used 73898K, committed 74624K, reserved 1114112K
  class space    used 10006K, committed 10304K, reserved 1048576K
}
Event: 5.288 GC heap after
{Heap after GC invocations=19 (full 0):
 garbage-first heap   total reserved 4139008K, committed 122880K, used 32210K [0x0000000703600000, 0x0000000800000000)
  region size 2048K, 3 young (6144K), 3 survivors (6144K)
 Metaspace       used 73898K, committed 74624K, reserved 1114112K
  class space    used 10006K, committed 10304K, reserved 1048576K
}
Event: 5.849 GC heap before
{Heap before GC invocations=19 (full 0):
 garbage-first heap   total reserved 4139008K, committed 122880K, used 97746K [0x0000000703600000, 0x0000000800000000)
  region size 2048K, 36 young (73728K), 3 survivors (6144K)
 Metaspace       used 79417K, committed 80256K, reserved 1179648K
  class space    used 10776K, committed 11136K, reserved 1048576K
}
Event: 5.854 GC heap after
{Heap after GC invocations=20 (full 0):
 garbage-first heap   total reserved 4139008K, committed 122880K, used 34634K [0x0000000703600000, 0x0000000800000000)
  region size 2048K, 3 young (6144K), 3 survivors (6144K)
 Metaspace       used 79417K, committed 80256K, reserved 1179648K
  class space    used 10776K, committed 11136K, reserved 1048576K
}
Event: 6.182 GC heap before
{Heap before GC invocations=20 (full 0):
 garbage-first heap   total reserved 4139008K, committed 122880K, used 102218K [0x0000000703600000, 0x0000000800000000)
  region size 2048K, 36 young (73728K), 3 survivors (6144K)
 Metaspace       used 83285K, committed 84032K, reserved 1179648K
  class space    used 11535K, committed 11840K, reserved 1048576K
}
Event: 6.188 GC heap after
{Heap after GC invocations=21 (full 0):
 garbage-first heap   total reserved 4139008K, committed 122880K, used 37006K [0x0000000703600000, 0x0000000800000000)
  region size 2048K, 4 young (8192K), 4 survivors (8192K)
 Metaspace       used 83285K, committed 84032K, reserved 1179648K
  class space    used 11535K, committed 11840K, reserved 1048576K
}
Event: 6.680 GC heap before
{Heap before GC invocations=21 (full 0):
 garbage-first heap   total reserved 4139008K, committed 122880K, used 102542K [0x0000000703600000, 0x0000000800000000)
  region size 2048K, 36 young (73728K), 4 survivors (8192K)
 Metaspace       used 87212K, committed 88000K, reserved 1179648K
  class space    used 12103K, committed 12416K, reserved 1048576K
}
Event: 6.687 GC heap after
{Heap after GC invocations=22 (full 0):
 garbage-first heap   total reserved 4139008K, committed 122880K, used 39597K [0x0000000703600000, 0x0000000800000000)
  region size 2048K, 4 young (8192K), 4 survivors (8192K)
 Metaspace       used 87212K, committed 88000K, reserved 1179648K
  class space    used 12103K, committed 12416K, reserved 1048576K
}
Event: 12.731 GC heap before
{Heap before GC invocations=22 (full 0):
 garbage-first heap   total reserved 4139008K, committed 122880K, used 103085K [0x0000000703600000, 0x0000000800000000)
  region size 2048K, 36 young (73728K), 4 survivors (8192K)
 Metaspace       used 92004K, committed 92928K, reserved 1179648K
  class space    used 12767K, committed 13184K, reserved 1048576K
}
Event: 12.738 GC heap after
{Heap after GC invocations=23 (full 0):
 garbage-first heap   total reserved 4139008K, committed 122880K, used 42866K [0x0000000703600000, 0x0000000800000000)
  region size 2048K, 5 young (10240K), 5 survivors (10240K)
 Metaspace       used 92004K, committed 92928K, reserved 1179648K
  class space    used 12767K, committed 13184K, reserved 1048576K
}
Event: 13.129 GC heap before
{Heap before GC invocations=23 (full 0):
 garbage-first heap   total reserved 4139008K, committed 122880K, used 94066K [0x0000000703600000, 0x0000000800000000)
  region size 2048K, 32 young (65536K), 5 survivors (10240K)
 Metaspace       used 96959K, committed 97920K, reserved 1179648K
  class space    used 13200K, committed 13632K, reserved 1048576K
}
Event: 13.135 GC heap after
{Heap after GC invocations=24 (full 0):
 garbage-first heap   total reserved 4139008K, committed 122880K, used 44674K [0x0000000703600000, 0x0000000800000000)
  region size 2048K, 3 young (6144K), 3 survivors (6144K)
 Metaspace       used 96959K, committed 97920K, reserved 1179648K
  class space    used 13200K, committed 13632K, reserved 1048576K
}

Dll operation events (12 events):
Event: 0.032 Loaded shared library C:\Users\hp\Development\eclipse2022_3\eclipse\plugins\org.eclipse.justj.openjdk.hotspot.jre.full.win32.x86_64_22.0.2.v20240802-1626\jre\bin\java.dll
Event: 0.037 Loaded shared library C:\Users\hp\Development\eclipse2022_3\eclipse\plugins\org.eclipse.justj.openjdk.hotspot.jre.full.win32.x86_64_22.0.2.v20240802-1626\jre\bin\zip.dll
Event: 0.354 Loaded shared library C:\Users\hp\Development\eclipse2022_3\eclipse\plugins\org.eclipse.justj.openjdk.hotspot.jre.full.win32.x86_64_22.0.2.v20240802-1626\jre\bin\instrument.dll
Event: 0.363 Loaded shared library C:\Users\hp\Development\eclipse2022_3\eclipse\plugins\org.eclipse.justj.openjdk.hotspot.jre.full.win32.x86_64_22.0.2.v20240802-1626\jre\bin\net.dll
Event: 0.364 Loaded shared library C:\Users\hp\Development\eclipse2022_3\eclipse\plugins\org.eclipse.justj.openjdk.hotspot.jre.full.win32.x86_64_22.0.2.v20240802-1626\jre\bin\nio.dll
Event: 0.370 Loaded shared library C:\Users\hp\Development\eclipse2022_3\eclipse\plugins\org.eclipse.justj.openjdk.hotspot.jre.full.win32.x86_64_22.0.2.v20240802-1626\jre\bin\zip.dll
Event: 0.496 Loaded shared library C:\Users\hp\Development\eclipse2022_3\eclipse\plugins\org.eclipse.justj.openjdk.hotspot.jre.full.win32.x86_64_22.0.2.v20240802-1626\jre\bin\jimage.dll
Event: 0.542 Loaded shared library C:\Users\hp\Development\eclipse2022_3\eclipse\plugins\org.eclipse.justj.openjdk.hotspot.jre.full.win32.x86_64_22.0.2.v20240802-1626\jre\bin\management.dll
Event: 0.553 Loaded shared library C:\Users\hp\Development\eclipse2022_3\eclipse\plugins\org.eclipse.justj.openjdk.hotspot.jre.full.win32.x86_64_22.0.2.v20240802-1626\jre\bin\management_ext.dll
Event: 0.736 Loaded shared library C:\Users\hp\Development\eclipse2022_3\eclipse\plugins\org.eclipse.justj.openjdk.hotspot.jre.full.win32.x86_64_22.0.2.v20240802-1626\jre\bin\extnet.dll
Event: 0.762 Loaded shared library C:\Users\hp\Development\eclipse2022_3\eclipse\plugins\org.eclipse.justj.openjdk.hotspot.jre.full.win32.x86_64_22.0.2.v20240802-1626\jre\bin\verify.dll
Event: 1.900 Loaded shared library C:\Users\hp\Development\eclipse2022_3\eclipse\plugins\org.eclipse.justj.openjdk.hotspot.jre.full.win32.x86_64_22.0.2.v20240802-1626\jre\bin\sunmscapi.dll

Deoptimization events (20 events):
Event: 14.025 Thread 0x00000197b4f09d50 DEOPT PACKING pc=0x00000197a23c2c6c sp=0x00000043ee2f98a0
Event: 14.025 Thread 0x00000197b4f09d50 DEOPT UNPACKING pc=0x00000197a1f888e2 sp=0x00000043ee2f8d78 mode 1
Event: 14.026 Thread 0x00000197b4f09d50 DEOPT PACKING pc=0x00000197a23c2f74 sp=0x00000043ee2fa470
Event: 14.026 Thread 0x00000197b4f09d50 DEOPT UNPACKING pc=0x00000197a1f888e2 sp=0x00000043ee2f9938 mode 1
Event: 14.026 Thread 0x00000197b4f09d50 DEOPT PACKING pc=0x00000197a23c2c6c sp=0x00000043ee2fa500
Event: 14.026 Thread 0x00000197b4f09d50 DEOPT UNPACKING pc=0x00000197a1f888e2 sp=0x00000043ee2f99d8 mode 1
Event: 42.659 Thread 0x00000197b4f0b100 DEOPT PACKING pc=0x00000197a277d4ec sp=0x00000043ee4fbc70
Event: 42.659 Thread 0x00000197b4f0b100 DEOPT UNPACKING pc=0x00000197a1f888e2 sp=0x00000043ee4fb1a8 mode 1
Event: 42.659 Thread 0x00000197b4f0b100 DEOPT PACKING pc=0x00000197a277fdcc sp=0x00000043ee4fbd60
Event: 42.659 Thread 0x00000197b4f0b100 DEOPT UNPACKING pc=0x00000197a1f888e2 sp=0x00000043ee4fb310 mode 1
Event: 42.659 Thread 0x00000197b4f0b100 DEOPT PACKING pc=0x00000197a277e5fc sp=0x00000043ee4fbed0
Event: 42.659 Thread 0x00000197b4f0b100 DEOPT UNPACKING pc=0x00000197a1f888e2 sp=0x00000043ee4fb490 mode 1
Event: 42.659 Thread 0x00000197b4f0b100 DEOPT PACKING pc=0x00000197a277d4ec sp=0x00000043ee4fbb60
Event: 42.659 Thread 0x00000197b4f0b100 DEOPT UNPACKING pc=0x00000197a1f888e2 sp=0x00000043ee4fb098 mode 1
Event: 42.659 Thread 0x00000197b4f0b100 DEOPT PACKING pc=0x00000197a277fdcc sp=0x00000043ee4fbc50
Event: 42.659 Thread 0x00000197b4f0b100 DEOPT UNPACKING pc=0x00000197a1f888e2 sp=0x00000043ee4fb200 mode 1
Event: 42.659 Thread 0x00000197b4f0b100 DEOPT PACKING pc=0x00000197a277e5fc sp=0x00000043ee4fbdc0
Event: 42.659 Thread 0x00000197b4f0b100 DEOPT UNPACKING pc=0x00000197a1f888e2 sp=0x00000043ee4fb380 mode 1
Event: 65.498 Thread 0x00000197b4f0b100 DEOPT PACKING pc=0x00000197a2a1e9ac sp=0x00000043ee4fc000
Event: 65.498 Thread 0x00000197b4f0b100 DEOPT UNPACKING pc=0x00000197a1f888e2 sp=0x00000043ee4fb4a8 mode 0

Classes loaded (20 events):
Event: 13.203 Loading class java/util/stream/Nodes$IntArrayNode done
Event: 13.203 Loading class java/util/stream/Nodes$IntFixedNodeBuilder done
Event: 13.435 Loading class java/util/Hashtable$ValueCollection
Event: 13.436 Loading class java/util/Hashtable$ValueCollection done
Event: 13.652 Loading class com/sun/beans/finder/MethodFinder
Event: 13.653 Loading class com/sun/beans/finder/AbstractFinder
Event: 13.653 Loading class com/sun/beans/finder/AbstractFinder done
Event: 13.653 Loading class com/sun/beans/finder/MethodFinder done
Event: 13.653 Loading class com/sun/beans/finder/MethodFinder$1
Event: 13.653 Loading class com/sun/beans/finder/MethodFinder$1 done
Event: 13.653 Loading class com/sun/beans/finder/FinderUtils
Event: 13.653 Loading class com/sun/beans/finder/FinderUtils done
Event: 14.036 Loading class java/nio/StringCharBuffer
Event: 14.037 Loading class java/nio/StringCharBuffer done
Event: 14.059 Loading class java/util/ArrayList$SubList$2
Event: 14.059 Loading class java/util/ArrayList$SubList$2 done
Event: 14.070 Loading class java/time/format/DateTimeFormatterBuilder$ZoneTextPrinterParser
Event: 14.071 Loading class java/time/format/DateTimeFormatterBuilder$ZoneTextPrinterParser done
Event: 14.071 Loading class java/time/format/DateTimeFormatterBuilder$ReducedPrinterParser
Event: 14.071 Loading class java/time/format/DateTimeFormatterBuilder$ReducedPrinterParser done

Classes unloaded (0 events):
No events

Classes redefined (1 events):
Event: 65.517 Thread 0x00000197ad28b050 redefined class name=com.jdc.online.balances.utils.listeners.AuthenticationEventListener, count=1

Internal exceptions (20 events):
Event: 13.965 Thread 0x00000197b4f09d50 Exception <a 'java/lang/ClassNotFoundException'{0x0000000708566c50}: jakarta/servlet/jsp/PageContextBeanInfo> (0x0000000708566c50) 
thrown [s\src\hotspot\share\classfile\systemDictionary.cpp, line 313]
Event: 13.967 Thread 0x00000197b4f09d50 Exception <a 'java/lang/ClassNotFoundException'{0x00000007085701c8}: jakarta/servlet/jsp/JspContextBeanInfo> (0x00000007085701c8) 
thrown [s\src\hotspot\share\classfile\systemDictionary.cpp, line 313]
Event: 13.969 Thread 0x00000197b4f09d50 Exception <a 'java/lang/ClassNotFoundException'{0x00000007085797b8}: jakarta/servlet/jsp/JspContextCustomizer> (0x00000007085797b8) 
thrown [s\src\hotspot\share\classfile\systemDictionary.cpp, line 313]
Event: 13.972 Thread 0x00000197b4f09d50 Exception <a 'java/lang/ClassNotFoundException'{0x000000070858df38}: jakarta/servlet/jsp/PageContextCustomizer> (0x000000070858df38) 
thrown [s\src\hotspot\share\classfile\systemDictionary.cpp, line 313]
Event: 13.976 Thread 0x00000197b4f09d50 Exception <a 'java/lang/ClassNotFoundException'{0x00000007085ab220}: org/apache/jasper/runtime/JspContextWrapperCustomizer> (0x00000007085ab220) 
thrown [s\src\hotspot\share\classfile\systemDictionary.cpp, line 313]
Event: 13.983 Thread 0x00000197b4f09d50 Exception <a 'java/lang/ClassNotFoundException'{0x00000007085e9868}: jakarta/servlet/jsp/el/VariableResolverBeanInfo> (0x00000007085e9868) 
thrown [s\src\hotspot\share\classfile\systemDictionary.cpp, line 313]
Event: 13.985 Thread 0x00000197b4f09d50 Exception <a 'java/lang/ClassNotFoundException'{0x00000007085f32a0}: jakarta/servlet/jsp/el/VariableResolverCustomizer> (0x00000007085f32a0) 
thrown [s\src\hotspot\share\classfile\systemDictionary.cpp, line 313]
Event: 13.988 Thread 0x00000197b4f09d50 Exception <a 'java/lang/ClassNotFoundException'{0x0000000708202c80}: org/springframework/security/web/servletapi/HttpServlet3RequestFactory$Servlet3SecurityContextHolderAwareRequestWrapperBeanInfo> (0x0000000708202c80) 
thrown [s\src\hotspot\share\classfile\systemDictionary.cpp, line 313]
Event: 13.989 Thread 0x00000197b4f09d50 Exception <a 'java/lang/ClassNotFoundException'{0x000000070820db28}: org/springframework/security/web/servletapi/SecurityContextHolderAwareRequestWrapperBeanInfo> (0x000000070820db28) 
thrown [s\src\hotspot\share\classfile\systemDictionary.cpp, line 313]
Event: 13.992 Thread 0x00000197b4f09d50 Exception <a 'java/lang/ClassNotFoundException'{0x0000000708217798}: jakarta/servlet/http/HttpServletRequestWrapperBeanInfo> (0x0000000708217798) 
thrown [s\src\hotspot\share\classfile\systemDictionary.cpp, line 313]
Event: 13.995 Thread 0x00000197b4f09d50 Exception <a 'java/lang/ClassNotFoundException'{0x00000007082211f0}: jakarta/servlet/ServletRequestWrapperBeanInfo> (0x00000007082211f0) 
thrown [s\src\hotspot\share\classfile\systemDictionary.cpp, line 313]
Event: 13.997 Thread 0x00000197b4f09d50 Exception <a 'java/lang/ClassNotFoundException'{0x000000070822ab80}: jakarta/servlet/ServletRequestWrapperCustomizer> (0x000000070822ab80) 
thrown [s\src\hotspot\share\classfile\systemDictionary.cpp, line 313]
Event: 14.003 Thread 0x00000197b4f09d50 Exception <a 'java/lang/ClassNotFoundException'{0x000000070825b458}: jakarta/servlet/http/HttpServletRequestWrapperCustomizer> (0x000000070825b458) 
thrown [s\src\hotspot\share\classfile\systemDictionary.cpp, line 313]
Event: 14.011 Thread 0x00000197b4f09d50 Exception <a 'java/lang/ClassNotFoundException'{0x00000007082afde0}: org/springframework/security/web/servletapi/SecurityContextHolderAwareRequestWrapperCustomizer> (0x00000007082afde0) 
thrown [s\src\hotspot\share\classfile\systemDictionary.cpp, line 313]
Event: 14.014 Thread 0x00000197b4f09d50 Exception <a 'java/lang/ClassNotFoundException'{0x00000007082cd6f0}: org/springframework/security/web/servletapi/HttpServlet3RequestFactory$Servlet3SecurityContextHolderAwareRequestWrapperCustomizer> (0x00000007082cd6f0) 
thrown [s\src\hotspot\share\classfile\systemDictionary.cpp, line 313]
Event: 14.017 Thread 0x00000197b4f09d50 Exception <a 'java/lang/ClassNotFoundException'{0x00000007082e5110}: jakarta/servlet/http/HttpServletRequestBeanInfo> (0x00000007082e5110) 
thrown [s\src\hotspot\share\classfile\systemDictionary.cpp, line 313]
Event: 14.020 Thread 0x00000197b4f09d50 Exception <a 'java/lang/ClassNotFoundException'{0x00000007082eeb50}: jakarta/servlet/http/HttpServletRequestCustomizer> (0x00000007082eeb50) 
thrown [s\src\hotspot\share\classfile\systemDictionary.cpp, line 313]
Event: 14.024 Thread 0x00000197b4f09d50 Exception <a 'java/lang/ClassNotFoundException'{0x0000000708313c20}: jakarta/servlet/ServletRequestBeanInfo> (0x0000000708313c20) 
thrown [s\src\hotspot\share\classfile\systemDictionary.cpp, line 313]
Event: 14.026 Thread 0x00000197b4f09d50 Exception <a 'java/lang/ClassNotFoundException'{0x000000070831d1f0}: jakarta/servlet/ServletRequestCustomizer> (0x000000070831d1f0) 
thrown [s\src\hotspot\share\classfile\systemDictionary.cpp, line 313]
Event: 14.059 Thread 0x00000197b4f0aa70 Exception <a 'java/lang/NoSuchMethodError'{0x0000000708008a08}: 'java.lang.Object java.lang.invoke.DirectMethodHandle$Holder.invokeStatic(java.lang.Object, int, int)'> (0x0000000708008a08) 
thrown [s\src\hotspot\share\interpreter\linkResolver.cpp, line 774]

ZGC Phase Switch (0 events):
No events

VM Operations (20 events):
Event: 55.422 Executing VM operation: ChangeSingleStep
Event: 55.422 Executing VM operation: ChangeSingleStep done
Event: 55.429 Executing VM operation: get/set locals
Event: 55.429 Executing VM operation: get/set locals done
Event: 60.216 Executing VM operation: HandshakeAllThreads (HandshakeForDeflation)
Event: 60.216 Executing VM operation: HandshakeAllThreads (HandshakeForDeflation) done
Event: 60.216 Executing VM operation: RendezvousGCThreads
Event: 60.216 Executing VM operation: RendezvousGCThreads done
Event: 61.216 Executing VM operation: Cleanup
Event: 61.216 Executing VM operation: Cleanup done
Event: 65.497 Executing VM operation: ChangeSingleStep
Event: 65.497 Executing VM operation: ChangeSingleStep done
Event: 65.498 Executing VM operation: ChangeSingleStep
Event: 65.498 Executing VM operation: ChangeSingleStep done
Event: 65.511 Executing VM operation: RedefineClasses
Event: 65.531 Executing VM operation: RedefineClasses done
Event: 65.553 Executing VM operation: ChangeBreakpoints
Event: 65.555 Executing VM operation: ChangeBreakpoints done
Event: 65.566 Executing VM operation: ChangeSingleStep
Event: 65.566 Executing VM operation: ChangeSingleStep done

Memory protections (0 events):
No events

Nmethod flushes (20 events):
Event: 13.162 Thread 0x00000197ad28b050 flushing  nmethod 0x00000197a230f090
Event: 13.162 Thread 0x00000197ad28b050 flushing  nmethod 0x00000197a230f390
Event: 13.162 Thread 0x00000197ad28b050 flushing  nmethod 0x00000197a2334d10
Event: 13.162 Thread 0x00000197ad28b050 flushing  nmethod 0x00000197a2336610
Event: 13.162 Thread 0x00000197ad28b050 flushing  nmethod 0x00000197a2336990
Event: 13.162 Thread 0x00000197ad28b050 flushing  nmethod 0x00000197a233a810
Event: 13.162 Thread 0x00000197ad28b050 flushing  nmethod 0x00000197a233ab10
Event: 13.162 Thread 0x00000197ad28b050 flushing  nmethod 0x00000197a23aef10
Event: 13.162 Thread 0x00000197ad28b050 flushing  nmethod 0x00000197a23af490
Event: 13.162 Thread 0x00000197ad28b050 flushing  nmethod 0x00000197a23b7c10
Event: 13.162 Thread 0x00000197ad28b050 flushing  nmethod 0x00000197a242c590
Event: 13.162 Thread 0x00000197ad28b050 flushing  nmethod 0x00000197a242e610
Event: 13.162 Thread 0x00000197ad28b050 flushing  nmethod 0x00000197a242e910
Event: 13.162 Thread 0x00000197ad28b050 flushing  nmethod 0x00000197a2432410
Event: 13.162 Thread 0x00000197ad28b050 flushing  nmethod 0x00000197a2432d10
Event: 13.162 Thread 0x00000197ad28b050 flushing  nmethod 0x00000197a24db190
Event: 13.162 Thread 0x00000197ad28b050 flushing  nmethod 0x00000197a2774b10
Event: 13.162 Thread 0x00000197ad28b050 flushing  nmethod 0x00000197a28af790
Event: 13.162 Thread 0x00000197ad28b050 flushing  nmethod 0x00000197a28e2610
Event: 13.162 Thread 0x00000197ad28b050 flushing  nmethod 0x00000197a28e4b90

Events (20 events):
Event: 7.293 Thread 0x00000197b27969d0 Thread added: 0x00000197ba2ea5d0
Event: 7.295 Thread 0x00000197b2721620 Thread added: 0x00000197ba2eac60
Event: 7.297 Thread 0x00000197b2721620 Thread added: 0x00000197ba2e77e0
Event: 7.298 Thread 0x00000197ba2e77e0 Thread added: 0x00000197ba2eb980
Event: 7.300 Thread 0x00000197b2721620 Thread added: 0x00000197ba2eb2f0
Event: 7.300 Thread 0x00000197ba2e9220 Thread exited: 0x00000197ba2e9220
Event: 7.301 Thread 0x00000197ba2eb2f0 Thread added: 0x00000197ba2ec010
Event: 7.302 Thread 0x00000197ba2eb980 Thread exited: 0x00000197ba2eb980
Event: 8.330 Thread 0x00000197ba2e6ac0 Thread exited: 0x00000197ba2e6ac0
Event: 8.330 Thread 0x00000197ba2ec010 Thread exited: 0x00000197ba2ec010
Event: 9.433 Thread 0x00000197b2ca66a0 Thread exited: 0x00000197b2ca66a0
Event: 10.203 Thread 0x00000197b3590540 Thread exited: 0x00000197b3590540
Event: 10.370 Thread 0x00000197ad511150 Thread exited: 0x00000197ad511150
Event: 12.536 Thread 0x00000197ad52d5f0 Thread exited: 0x00000197ad52d5f0
Event: 13.129 Thread 0x00000197ad354250 Thread added: 0x00000197ba628350
Event: 13.129 Thread 0x00000197ad354250 Thread added: 0x00000197ba6290f0
Event: 13.129 Thread 0x00000197ad354250 Thread added: 0x00000197ba629e90
Event: 14.979 Thread 0x00000197ba629e90 Thread exited: 0x00000197ba629e90
Event: 19.002 Thread 0x00000197ba628350 Thread exited: 0x00000197ba628350
Event: 19.002 Thread 0x00000197ba6290f0 Thread exited: 0x00000197ba6290f0


Dynamic libraries:
0x00007ff6501a0000 - 0x00007ff6501ae000 	C:\Users\hp\Development\eclipse2022_3\eclipse\plugins\org.eclipse.justj.openjdk.hotspot.jre.full.win32.x86_64_22.0.2.v20240802-1626\jre\bin\javaw.exe
0x00007fff50da0000 - 0x00007fff51000000 	C:\WINDOWS\SYSTEM32\ntdll.dll
0x00007fff4fa40000 - 0x00007fff4fb07000 	C:\WINDOWS\System32\KERNEL32.DLL
0x00007fff4e4f0000 - 0x00007fff4e8ba000 	C:\WINDOWS\System32\KERNELBASE.dll
0x00007fff4e190000 - 0x00007fff4e2db000 	C:\WINDOWS\System32\ucrtbase.dll
0x00007fff1b910000 - 0x00007fff1b92b000 	C:\Users\hp\Development\eclipse2022_3\eclipse\plugins\org.eclipse.justj.openjdk.hotspot.jre.full.win32.x86_64_22.0.2.v20240802-1626\jre\bin\VCRUNTIME140.dll
0x00007fff2ee90000 - 0x00007fff2eea7000 	C:\Users\hp\Development\eclipse2022_3\eclipse\plugins\org.eclipse.justj.openjdk.hotspot.jre.full.win32.x86_64_22.0.2.v20240802-1626\jre\bin\jli.dll
0x00007fff50a30000 - 0x00007fff50bfc000 	C:\WINDOWS\System32\USER32.dll
0x00007fff2f7c0000 - 0x00007fff2fa57000 	C:\WINDOWS\WinSxS\amd64_microsoft.windows.common-controls_6595b64144ccf1df_6.0.26100.3624_none_3e086962e3345f24\COMCTL32.dll
0x00007fff4eb70000 - 0x00007fff4eb97000 	C:\WINDOWS\System32\win32u.dll
0x00007fff4f1a0000 - 0x00007fff4f249000 	C:\WINDOWS\System32\msvcrt.dll
0x00007fff4f250000 - 0x00007fff4f27a000 	C:\WINDOWS\System32\GDI32.dll
0x00007fff4e8c0000 - 0x00007fff4e9f1000 	C:\WINDOWS\System32\gdi32full.dll
0x00007fff4e2e0000 - 0x00007fff4e383000 	C:\WINDOWS\System32\msvcp_win.dll
0x00007fff4eca0000 - 0x00007fff4eccf000 	C:\WINDOWS\System32\IMM32.DLL
0x00007fff24820000 - 0x00007fff2482c000 	C:\Users\hp\Development\eclipse2022_3\eclipse\plugins\org.eclipse.justj.openjdk.hotspot.jre.full.win32.x86_64_22.0.2.v20240802-1626\jre\bin\vcruntime140_1.dll
0x00007ffedf730000 - 0x00007ffedf7be000 	C:\Users\hp\Development\eclipse2022_3\eclipse\plugins\org.eclipse.justj.openjdk.hotspot.jre.full.win32.x86_64_22.0.2.v20240802-1626\jre\bin\msvcp140.dll
0x00007ffed1200000 - 0x00007ffed1fc3000 	C:\Users\hp\Development\eclipse2022_3\eclipse\plugins\org.eclipse.justj.openjdk.hotspot.jre.full.win32.x86_64_22.0.2.v20240802-1626\jre\bin\server\jvm.dll
0x00007fff508c0000 - 0x00007fff50972000 	C:\WINDOWS\System32\ADVAPI32.dll
0x00007fff4f980000 - 0x00007fff4fa26000 	C:\WINDOWS\System32\sechost.dll
0x00007fff4fe00000 - 0x00007fff4ff16000 	C:\WINDOWS\System32\RPCRT4.dll
0x00007fff4f120000 - 0x00007fff4f194000 	C:\WINDOWS\System32\WS2_32.dll
0x00007fff4d2a0000 - 0x00007fff4d2fe000 	C:\WINDOWS\SYSTEM32\POWRPROF.dll
0x00007fff368b0000 - 0x00007fff368e6000 	C:\WINDOWS\SYSTEM32\WINMM.dll
0x00007fff42390000 - 0x00007fff4239b000 	C:\WINDOWS\SYSTEM32\VERSION.dll
0x00007fff4d280000 - 0x00007fff4d294000 	C:\WINDOWS\SYSTEM32\UMPDC.dll
0x00007fff4cd90000 - 0x00007fff4cdaa000 	C:\WINDOWS\SYSTEM32\kernel.appcore.dll
0x00007fff45f60000 - 0x00007fff45f6a000 	C:\Users\hp\Development\eclipse2022_3\eclipse\plugins\org.eclipse.justj.openjdk.hotspot.jre.full.win32.x86_64_22.0.2.v20240802-1626\jre\bin\jimage.dll
0x00007fff4b920000 - 0x00007fff4bb61000 	C:\WINDOWS\SYSTEM32\DBGHELP.DLL
0x00007fff4ece0000 - 0x00007fff4f062000 	C:\WINDOWS\System32\combase.dll
0x00007fff4fc00000 - 0x00007fff4fcd6000 	C:\WINDOWS\System32\OLEAUT32.dll
0x00007fff28fb0000 - 0x00007fff28fe9000 	C:\WINDOWS\SYSTEM32\dbgcore.DLL
0x00007fff4e450000 - 0x00007fff4e4e9000 	C:\WINDOWS\System32\bcryptPrimitives.dll
0x00007fff02a80000 - 0x00007fff02abc000 	C:\Users\hp\Development\eclipse2022_3\eclipse\plugins\org.eclipse.justj.openjdk.hotspot.jre.full.win32.x86_64_22.0.2.v20240802-1626\jre\bin\jdwp.dll
0x00007fff45f30000 - 0x00007fff45f3f000 	C:\Users\hp\Development\eclipse2022_3\eclipse\plugins\org.eclipse.justj.openjdk.hotspot.jre.full.win32.x86_64_22.0.2.v20240802-1626\jre\bin\instrument.dll
0x00007fff18460000 - 0x00007fff1847e000 	C:\Users\hp\Development\eclipse2022_3\eclipse\plugins\org.eclipse.justj.openjdk.hotspot.jre.full.win32.x86_64_22.0.2.v20240802-1626\jre\bin\java.dll
0x00007fff4ff20000 - 0x00007fff50649000 	C:\WINDOWS\System32\SHELL32.dll
0x00007fff4ea00000 - 0x00007fff4eb68000 	C:\WINDOWS\System32\wintypes.dll
0x00007fff506f0000 - 0x00007fff50886000 	C:\WINDOWS\System32\ole32.dll
0x00007fff16f30000 - 0x00007fff16f47000 	C:\Users\hp\Development\eclipse2022_3\eclipse\plugins\org.eclipse.justj.openjdk.hotspot.jre.full.win32.x86_64_22.0.2.v20240802-1626\jre\bin\zip.dll
0x00007fff4bc60000 - 0x00007fff4c4b2000 	C:\WINDOWS\SYSTEM32\windows.storage.dll
0x00007fff4fb10000 - 0x00007fff4fbfd000 	C:\WINDOWS\System32\SHCORE.dll
0x00007fff4fd30000 - 0x00007fff4fd94000 	C:\WINDOWS\System32\shlwapi.dll
0x00007fff4de90000 - 0x00007fff4debf000 	C:\WINDOWS\SYSTEM32\profapi.dll
0x00007fff1a030000 - 0x00007fff1a03c000 	C:\Users\hp\Development\eclipse2022_3\eclipse\plugins\org.eclipse.justj.openjdk.hotspot.jre.full.win32.x86_64_22.0.2.v20240802-1626\jre\bin\dt_socket.dll
0x00007fff4c7c0000 - 0x00007fff4c7f3000 	C:\WINDOWS\SYSTEM32\IPHLPAPI.DLL
0x00007fff4d3d0000 - 0x00007fff4d43a000 	C:\WINDOWS\system32\mswsock.dll
0x00007fff4c850000 - 0x00007fff4c975000 	C:\WINDOWS\SYSTEM32\DNSAPI.dll
0x00007fff50650000 - 0x00007fff5065a000 	C:\WINDOWS\System32\NSI.dll
0x00007fff42370000 - 0x00007fff4237b000 	C:\Windows\System32\rasadhlp.dll
0x00007fff3d2e0000 - 0x00007fff3d365000 	C:\WINDOWS\System32\fwpuclnt.dll
0x00007fff2fba0000 - 0x00007fff2fbb0000 	C:\Users\hp\Development\eclipse2022_3\eclipse\plugins\org.eclipse.justj.openjdk.hotspot.jre.full.win32.x86_64_22.0.2.v20240802-1626\jre\bin\net.dll
0x00007fff0c0d0000 - 0x00007fff0c0e6000 	C:\Users\hp\Development\eclipse2022_3\eclipse\plugins\org.eclipse.justj.openjdk.hotspot.jre.full.win32.x86_64_22.0.2.v20240802-1626\jre\bin\nio.dll
0x00007fff3da80000 - 0x00007fff3da8a000 	C:\Users\hp\Development\eclipse2022_3\eclipse\plugins\org.eclipse.justj.openjdk.hotspot.jre.full.win32.x86_64_22.0.2.v20240802-1626\jre\bin\management.dll
0x00007fff3da70000 - 0x00007fff3da7b000 	C:\Users\hp\Development\eclipse2022_3\eclipse\plugins\org.eclipse.justj.openjdk.hotspot.jre.full.win32.x86_64_22.0.2.v20240802-1626\jre\bin\management_ext.dll
0x00007fff4f090000 - 0x00007fff4f098000 	C:\WINDOWS\System32\PSAPI.DLL
0x00007fff235d0000 - 0x00007fff235e8000 	C:\WINDOWS\system32\napinsp.dll
0x00007fff23330000 - 0x00007fff23342000 	C:\WINDOWS\System32\winrnr.dll
0x00007fff232d0000 - 0x00007fff23300000 	C:\WINDOWS\system32\nlansp_c.dll
0x00007fff41f50000 - 0x00007fff41f66000 	C:\WINDOWS\system32\wshbth.dll
0x00007fff4d670000 - 0x00007fff4d68c000 	C:\WINDOWS\SYSTEM32\CRYPTSP.dll
0x00007fff4ccf0000 - 0x00007fff4cd2a000 	C:\WINDOWS\system32\rsaenh.dll
0x00007fff4d470000 - 0x00007fff4d49b000 	C:\WINDOWS\SYSTEM32\USERENV.dll
0x00007fff4de60000 - 0x00007fff4de86000 	C:\WINDOWS\SYSTEM32\bcrypt.dll
0x00007fff4d690000 - 0x00007fff4d69c000 	C:\WINDOWS\SYSTEM32\CRYPTBASE.dll
0x00007fff1b900000 - 0x00007fff1b909000 	C:\Users\hp\Development\eclipse2022_3\eclipse\plugins\org.eclipse.justj.openjdk.hotspot.jre.full.win32.x86_64_22.0.2.v20240802-1626\jre\bin\extnet.dll
0x00007fff26880000 - 0x00007fff26890000 	C:\Users\hp\Development\eclipse2022_3\eclipse\plugins\org.eclipse.justj.openjdk.hotspot.jre.full.win32.x86_64_22.0.2.v20240802-1626\jre\bin\verify.dll
0x00007fff22b40000 - 0x00007fff22b4e000 	C:\Users\hp\Development\eclipse2022_3\eclipse\plugins\org.eclipse.justj.openjdk.hotspot.jre.full.win32.x86_64_22.0.2.v20240802-1626\jre\bin\sunmscapi.dll
0x00007fff4e010000 - 0x00007fff4e187000 	C:\WINDOWS\System32\CRYPT32.dll
0x00007fff4d870000 - 0x00007fff4d8a0000 	C:\WINDOWS\SYSTEM32\ncrypt.dll
0x00007fff4d820000 - 0x00007fff4d85f000 	C:\WINDOWS\SYSTEM32\NTASN1.dll
0x00007fff185e0000 - 0x00007fff185e8000 	C:\WINDOWS\system32\wshunix.dll

dbghelp: loaded successfully - version: 4.0.5 - missing functions: none
symbol engine: initialized successfully - sym options: 0x614 - pdb path: .;C:\Users\hp\Development\eclipse2022_3\eclipse\plugins\org.eclipse.justj.openjdk.hotspot.jre.full.win32.x86_64_22.0.2.v20240802-1626\jre\bin;C:\WINDOWS\SYSTEM32;C:\WINDOWS\WinSxS\amd64_microsoft.windows.common-controls_6595b64144ccf1df_6.0.26100.3624_none_3e086962e3345f24;C:\Users\hp\Development\eclipse2022_3\eclipse\plugins\org.eclipse.justj.openjdk.hotspot.jre.full.win32.x86_64_22.0.2.v20240802-1626\jre\bin\server

VM Arguments:
jvm_args: -XX:+ShowCodeDetailsInExceptionMessages -agentlib:jdwp=transport=dt_socket,suspend=y,address=localhost:56228 -Dcom.sun.management.jmxremote -Dcom.sun.management.jmxremote.port=56227 -Dcom.sun.management.jmxremote.authenticate=false -Dcom.sun.management.jmxremote.ssl=false -Djava.rmi.server.hostname=localhost -Dspring.jmx.enabled=true -Dmanagement.endpoints.jmx.exposure.include=* -Dspring.application.admin.enabled=true -XX:TieredStopAtLevel=1 -Dspring.boot.project.name=spw-04-balance-management -javaagent:C:\Users\hp\Development\eclipse2022_3\eclipse\configuration\org.eclipse.osgi\1498\0\.cp\lib\javaagent-shaded.jar -Dfile.encoding=UTF-8 -Dstdout.encoding=UTF-8 -Dstderr.encoding=UTF-8 
java_command: com.jdc.online.balances.Spw04BalanceManagementApplication --spring.output.ansi.enabled=always
java_class_path (initial): D:\Java(JDC)\spring\pratical\spw-04-balance-management\target\classes;C:\Users\hp\.m2\repository\org\springframework\boot\spring-boot-starter-web\3.4.3\spring-boot-starter-web-3.4.3.jar;C:\Users\hp\.m2\repository\org\springframework\boot\spring-boot-starter\3.4.3\spring-boot-starter-3.4.3.jar;C:\Users\hp\.m2\repository\org\springframework\boot\spring-boot-starter-logging\3.4.3\spring-boot-starter-logging-3.4.3.jar;C:\Users\hp\.m2\repository\ch\qos\logback\logback-classic\1.5.16\logback-classic-1.5.16.jar;C:\Users\hp\.m2\repository\ch\qos\logback\logback-core\1.5.16\logback-core-1.5.16.jar;C:\Users\hp\.m2\repository\org\apache\logging\log4j\log4j-to-slf4j\2.24.3\log4j-to-slf4j-2.24.3.jar;C:\Users\hp\.m2\repository\org\apache\logging\log4j\log4j-api\2.24.3\log4j-api-2.24.3.jar;C:\Users\hp\.m2\repository\org\slf4j\jul-to-slf4j\2.0.16\jul-to-slf4j-2.0.16.jar;C:\Users\hp\.m2\repository\org\yaml\snakeyaml\2.3\snakeyaml-2.3.jar;C:\Users\hp\.m2\repository\org\springframework\boot\spring-boot-starter-json\3.4.3\spring-boot-starter-json-3.4.3.jar;C:\Users\hp\.m2\repository\com\fasterxml\jackson\core\jackson-databind\2.18.2\jackson-databind-2.18.2.jar;C:\Users\hp\.m2\repository\com\fasterxml\jackson\core\jackson-annotations\2.18.2\jackson-annotations-2.18.2.jar;C:\Users\hp\.m2\repository\com\fasterxml\jackson\core\jackson-core\2.18.2\jackson-core-2.18.2.jar;C:\Users\hp\.m2\repository\com\fasterxml\jackson\datatype\jackson-datatype-jdk8\2.18.2\jackson-datatype-jdk8-2.18.2.jar;C:\Users\hp\.m2\repository\com\fasterxml\jackson\datatype\jackson-datatype-jsr310\2.18.2\jackson-datatype-jsr310-2.18.2.jar;C:\Users\hp\.m2\repository\com\fasterxml\jackson\module\jackson-module-parameter-names\2.18.2\jackson-module-parameter-names-2.18.2.jar;C:\Users\hp\.m2\repository\org\springframework\spring-web\6.2.3\spring-web-6.2.3.jar;C:\Users\hp\.m2\repository\io\micrometer\micrometer-observation\1.14.4\micrometer-observation-1.14.4.jar;C:\Users\hp\.m2\repository\io\micrometer\micrometer-commons\1.14.4\micrometer-commons-1.14.4.jar;C:\Users\hp\.m2\repository\org\springframework\spring-webmvc\6.2.3\spring-webmvc-6.2.3.jar;C:\Users\hp\.m2\repository\org\springframework\boot\spring-boot-starter-validation\3.4.3\spring-boot-starter-validation-3.4.3.jar;C:\Users\hp\.m2\repository\org\apache\tomcat\embed\tomcat-embed-el\10.1.36\tomcat-embed-el-10.1.36.jar;C:\Users\hp\.m2\repository\org\hibernate\validator\hibernate-validator\8.0.2.Final\hibernate-validator-8.0.2.Final.jar;C:\Users\hp\.m2\repository\com\fasterxml\classmate\1.7.0\classmate-1.7.0.jar;C:\Users\hp\.m2\repository\org\springframework\boot\spring-boot-starter-tomcat\3.4.3\spring-boot-starter-tomcat-3.4.3.jar;C:\Users\hp\.m2\repository\jakarta\annotation\jakarta.annotation-api\2.1.1\jakarta.annotation-api-2.1.1.jar;C:\Users\hp\.m2\repository\org\apache\tomcat\embed\tomcat-embed-core\10.1.36\tomcat-embed-core-10.1.36.jar;C:\Users\hp\.m2\repository\org\apache\tomcat\embed\tomcat-embed-websocket\10.1.36\tomcat-embed-websocket-10.1.36.jar;C:\Users\hp\.m2\repository\org\apache\tomcat\embed\tomcat-embed-jasper\10.1.36\tomcat-embed-jasper-10.1.36.jar;C:\Users\hp\.m2\repository\org\eclipse\jdt\ecj\3.33.0\ecj-3.33.0.jar;C:\Users\hp\.m2\repository\jakarta\servlet\jsp\jstl\jakarta.servlet.jsp.jstl-api\3.0.2\jakarta.servlet.jsp.jstl-api-3.0.2.jar;C:\Users\hp\.m2\repository\jakarta\servlet\jakarta.servlet-api\6.0.0\jakarta.servlet-api-6.0.0.jar;C:\Users\hp\.m2\repository\jakarta\el\jakarta.el-api\5.0.0\jakarta.el-api-5.0.0.jar;C:\Users\hp\.m2\repository\org\glassfish\web\jakarta.servlet.jsp.jstl\3.0.1\jakarta.servlet.jsp.jstl-3.0.1.jar;C:\Users\hp\.m2\repository\org\springframework\boot\spring-boot-starter-data-jpa\3.4.3\spring-boot-starter-data-jpa-3.4.3.jar;C:\Users\hp\.m2\repository\org\springframework\boot\spring-boot-starter-jdbc\3.4.3\spring-boot-starter-jdbc-3.4.3.jar;C:\Users\hp\.m2\repository\com\zaxxer\HikariCP\5.1.0\HikariCP-5.1.0.jar;C:\Users\hp\.m2\repository\org\springframework\spring-jdbc\6.2.3\spring-jdbc-6.2.3.jar;C:\Users\hp\.m2\repository\org\hibernate\orm\hibernate-core\6.6.8.Final\hibernate-core-6.6.8.Final.jar;C:\Users\hp\.m2\repository\jakarta\persistence\jakarta.persistence-api\3.1.0\jakarta.persistence-api-3.1.0.jar;C:\Users\hp\.m2\repository\jakarta\transaction\jakarta.transaction-api\2.0.1\jakarta.transaction-api-2.0.1.jar;C:\Users\hp\.m2\repository\jakarta\inject\jakarta.inject-api\2.0.1\jakarta.inject-api-2.0.1.jar;C:\Users\hp\.m2\repository\org\springframework\data\spring-data-jpa\3.4.3\spring-data-jpa-3.4.3.jar;C:\Users\hp\.m2\repository\org\springframework\data\spring-data-commons\3.4.3\spring-data-commons-3.4.3.jar;C:\Users\hp\.m2\repository\org\springframework\spring-orm\6.2.3\spring-orm-6.2.3.jar;C:\Users\hp\.m2\repository\org\springframework\spring-tx\6.2.3\spring-tx-6.2.3.jar;C:\Users\hp\.m2\repository\org\slf4j\slf4j-api\2.0.16\slf4j-api-2.0.16.jar;C:\Users\hp\.m2\repository\org\springframework\spring-aspects\6.2.3\spring-aspects-6.2.3.jar;C:\Users\hp\.m2\repository\org\aspectj\aspectjweaver\1.9.22.1\aspectjweaver-1.9.22.1.jar;C:\Users\hp\.m2\repository\com\h2database\h2\2.3.232\h2-2.3.232.jar;C:\Users\hp\.m2\repository\org\hibernate\orm\hibernate-jpamodelgen\6.6.8.Final\hibernate-jpamodelgen-6.6.8.Final.jar;C:\Users\hp\.m2\repository\org\hibernate\common\hibernate-commons-annotations\7.0.3.Final\hibernate-commons-annotations-7.0.3.Final.jar;C:\Users\hp\.m2\repository\io\smallrye\jandex\3.2.0\jandex-3.2.0.jar;C:\Users\hp\.m2\repository\jakarta\xml\bind\jakarta.xml.bind-api\4.0.2\jakarta.xml.bind-api-4.0.2.jar;C:\Users\hp\.m2\repository\jakarta\activation\jakarta.activation-api\2.1.3\jakarta.activation-api-2.1.3.jar;C:\Users\hp\.m2\repository\org\glassfish\jaxb\jaxb-runtime\4.0.5\jaxb-runtime-4.0.5.jar;C:\Users\hp\.m2\repository\org\glassfish\jaxb\jaxb-core\4.0.5\jaxb-core-4.0.5.jar;C:\Users\hp\.m2\repository\org\eclipse\angus\angus-activation\2.0.2\angus-activation-2.0.2.jar;C:\Users\hp\.m2\repository\org\glassfish\jaxb\txw2\4.0.5\txw2-4.0.5.jar;C:\Users\hp\.m2\repository\com\sun\istack\istack-commons-runtime\4.1.2\istack-commons-runtime-4.1.2.jar;C:\Users\hp\.m2\repository\jakarta\validation\jakarta.validation-api\3.0.2\jakarta.validation-api-3.0.2.jar;C:\Users\hp\.m2\repository\org\antlr\antlr4-runtime\4.13.0\antlr4-runtime-4.13.0.jar;C:\Users\hp\.m2\repository\net\bytebuddy\byte-buddy\1.15.11\byte-buddy-1.15.11.jar;C:\Users\hp\.m2\repository\org\jboss\logging\jboss-logging\3.6.1.Final\jboss-logging-3.6.1.Final.jar;C:\Users\hp\.m2\repository\org\springframework\boot\spring-boot-starter-security\3.4.3\spring-boot-starter-security-3.4.3.jar;C:\Users\hp\.m2\repository\org\springframework\spring-aop\6.2.3\spring-aop-6.2.3.jar;C:\Users\hp\.m2\repository\org\springframework\security\spring-security-config\6.4.3\spring-security-config-6.4.3.jar;C:\Users\hp\.m2\repository\org\springframework\security\spring-security-web\6.4.3\spring-security-web-6.4.3.jar;C:\Users\hp\.m2\repository\org\springframework\security\spring-security-taglibs\6.4.3\spring-security-taglibs-6.4.3.jar;C:\Users\hp\.m2\repository\org\springframework\security\spring-security-acl\6.4.3\spring-security-acl-6.4.3.jar;C:\Users\hp\.m2\repository\org\springframework\security\spring-security-core\6.4.3\spring-security-core-6.4.3.jar;C:\Users\hp\.m2\repository\org\springframework\security\spring-security-crypto\6.4.3\spring-security-crypto-6.4.3.jar;C:\Users\hp\.m2\repository\org\springframework\spring-beans\6.2.3\spring-beans-6.2.3.jar;C:\Users\hp\.m2\repository\org\springframework\spring-context\6.2.3\spring-context-6.2.3.jar;C:\Users\hp\.m2\repository\org\springframework\spring-core\6.2.3\spring-core-6.2.3.jar;C:\Users\hp\.m2\repository\org\springframework\spring-jcl\6.2.3\spring-jcl-6.2.3.jar;C:\Users\hp\.m2\repository\org\springframework\spring-expression\6.2.3\spring-expression-6.2.3.jar;C:\Users\hp\.m2\repository\org\springframework\boot\spring-boot-devtools\3.4.3\spring-boot-devtools-3.4.3.jar;C:\Users\hp\.m2\repository\org\springframework\boot\spring-boot\3.4.3\spring-boot-3.4.3.jar;C:\Users\hp\.m2\repository\org\springframework\boot\spring-boot-autoconfigure\3.4.3\spring-boot-autoconfigure-3.4.3.jar;C:\Users\hp\.m2\repository\org\projectlombok\lombok\1.18.36\lombok-1.18.36.jar
Launcher Type: SUN_STANDARD

[Global flags]
     intx CICompilerCount                          = 4                                         {product} {ergonomic}
     uint ConcGCThreads                            = 2                                         {product} {ergonomic}
     uint G1ConcRefinementThreads                  = 8                                         {product} {ergonomic}
   size_t G1HeapRegionSize                         = 2097152                                   {product} {ergonomic}
   size_t InitialHeapSize                          = 266338304                                 {product} {ergonomic}
     bool ManagementServer                         = true                                      {product} {command line}
   size_t MarkStackSize                            = 4194304                                   {product} {ergonomic}
   size_t MaxHeapSize                              = 4238344192                                {product} {ergonomic}
   size_t MaxNewSize                               = 2541748224                                {product} {ergonomic}
   size_t MinHeapDeltaBytes                        = 2097152                                   {product} {ergonomic}
   size_t MinHeapSize                              = 8388608                                   {product} {ergonomic}
    uintx NonNMethodCodeHeapSize                   = 4096                                   {pd product} {ergonomic}
    uintx NonProfiledCodeHeapSize                  = 0                                      {pd product} {ergonomic}
     bool ProfileInterpreter                       = false                                  {pd product} {command line}
    uintx ProfiledCodeHeapSize                     = 0                                      {pd product} {ergonomic}
     bool ShowCodeDetailsInExceptionMessages       = true                                   {manageable} {command line}
   size_t SoftMaxHeapSize                          = 4238344192                             {manageable} {ergonomic}
     intx TieredStopAtLevel                        = 1                                         {product} {command line}
     bool UseCompressedOops                        = true                           {product lp64_product} {ergonomic}
     bool UseG1GC                                  = true                                      {product} {ergonomic}
     bool UseLargePagesIndividualAllocation        = false                                  {pd product} {ergonomic}

Logging:
Log output configuration:
 #0: stdout all=warning uptime,level,tags foldmultilines=false
 #1: stderr all=off uptime,level,tags foldmultilines=false

Environment Variables:
JAVA_HOME=C:\Users\hp\Java\jdk-17.0.1\bin
PATH=C:\Users\hp\Development\eclipse2022_3\eclipse\plugins\org.eclipse.justj.openjdk.hotspot.jre.full.win32.x86_64_22.0.2.v20240802-1626\jre\bin;C:/Users/hp/Development/eclipse2022_3/eclipse//plugins/org.eclipse.justj.openjdk.hotspot.jre.full.win32.x86_64_22.0.2.v20240802-1626/jre/bin/server;C:/Users/hp/Development/eclipse2022_3/eclipse//plugins/org.eclipse.justj.openjdk.hotspot.jre.full.win32.x86_64_22.0.2.v20240802-1626/jre/bin;C:\app\hp\product\11.2.0\client_1\bin;D:\app\hp\product\11.2.0\client_1\bin;C:\Program Files (x86)\Common Files\Oracle\Java\javapath;C:\windows\system32;C:\windows;C:\windows\System32\Wbem;C:\windows\System32\WindowsPowerShell\v1.0\;C:\windows\System32\OpenSSH\;C:\Program Files (x86)\NVIDIA Corporation\PhysX\Common;C:\Program Files\NVIDIA Corporation\NVIDIA NvDLISR;C:\Program Files\nodejs\;C:\ProgramData\ComposerSetup\bin;C:\WINDOWS\system32;C:\WINDOWS;C:\WINDOWS\System32\Wbem;C:\WINDOWS\System32\WindowsPowerShell\v1.0\;C:\WINDOWS\System32\OpenSSH\;C:\Program Files\Git\cmd;C:\Program Files (x86)\Windows Kits\10\Windows Performance Toolkit\;C:\Program Files\MySQL\MySQL Shell 8.0\bin\;C:\Users\hp\AppData\Local\Microsoft\WindowsApps;C:\Users\hp\tools;C:\Users\hp\Java\jdk-17.0.1\bin;C:\Program Files\MySQL\MySQL Server 8.0\bin;C:\Users\hp\AppData\Local\Programs\Microsoft VS Code\bin;C:\Users\hp\AppData\Roaming\npm;C:\xampp\php;C:\Users\hp\AppData\Roaming\Composer\vendor\bin;C:\Users\hp\flutter\flutter\bin;;C:\Users\hp\Development\eclipse2022_3\eclipse;
USERNAME=hp
OS=Windows_NT
PROCESSOR_IDENTIFIER=Intel64 Family 6 Model 126 Stepping 5, GenuineIntel
TMP=C:\Users\hp\AppData\Local\Temp
TEMP=C:\Users\hp\AppData\Local\Temp




Periodic native trim disabled

---------------  S Y S T E M  ---------------

OS:
 Windows 11 , 64 bit Build 26100 (10.0.26100.3775)
OS uptime: 0 days 8:47 hours

CPU: total 8 (initial active 8) (4 cores per cpu, 2 threads per core) family 6 model 126 stepping 5 microcode 0xc2, cx8, cmov, fxsr, ht, mmx, 3dnowpref, sse, sse2, sse3, ssse3, sse4.1, sse4.2, popcnt, lzcnt, tsc, tscinvbit, avx, avx2, aes, erms, clmul, bmi1, bmi2, adx, avx512f, avx512dq, avx512cd, avx512bw, avx512vl, sha, fma, vzeroupper, avx512_vpopcntdq, avx512_vpclmulqdq, avx512_vaes, avx512_vnni, clflush, clflushopt, avx512_vbmi2, avx512_vbmi, rdtscp, rdpid, fsrm, gfni, avx512_bitalg, f16c, pku, avx512_ifma
Processor Information for all 8 processors :
  Max Mhz: 1498, Current Mhz: 1298, Mhz Limit: 1288

Memory: 4k page, system-wide physical 16161M (7453M free)
TotalPageFile size 17185M (AvailPageFile size 6258M)
current process WorkingSet (physical memory assigned to process): 338M, peak: 342M
current process commit charge ("private bytes"): 368M, peak: 371M

vm_info: OpenJDK 64-Bit Server VM (22.0.2+9) for windows-amd64 JRE (22.0.2+9), built on 2024-07-16T00:00:00Z by "admin" with MS VC++ 17.7 (VS2022)

END.
